[2025-03-04T06:20:38.748Z INFO  benchmark_client] Node address: 172.16.1.1:3004
[2025-03-04T06:20:38.748Z INFO  benchmark_client] Transactions size: 512 B
[2025-03-04T06:20:38.748Z INFO  benchmark_client] Transactions rate: 10000 tx/s
[2025-03-04T06:20:38.748Z INFO  benchmark_client] Waiting for all nodes to be online...
[2025-03-04T06:20:39.525Z INFO  benchmark_client] Burst duration 50
[2025-03-04T06:20:39.525Z INFO  benchmark_client] Start sending transactions
[2025-03-04T06:20:39.525Z INFO  benchmark_client] Burst: 500
[2025-03-04T06:20:39.526Z INFO  benchmark_client] Sending sample transaction 0
[2025-03-04T06:20:39.576Z INFO  benchmark_client] Sending sample transaction 1
[2025-03-04T06:20:39.626Z INFO  benchmark_client] Sending sample transaction 2
[2025-03-04T06:20:39.677Z INFO  benchmark_client] Sending sample transaction 3
[2025-03-04T06:20:39.726Z INFO  benchmark_client] Sending sample transaction 4
[2025-03-04T06:20:39.777Z INFO  benchmark_client] Sending sample transaction 5
[2025-03-04T06:20:39.826Z INFO  benchmark_client] Sending sample transaction 6
[2025-03-04T06:20:39.876Z INFO  benchmark_client] Sending sample transaction 7
[2025-03-04T06:20:39.926Z INFO  benchmark_client] Sending sample transaction 8
[2025-03-04T06:20:39.976Z INFO  benchmark_client] Sending sample transaction 9
[2025-03-04T06:20:40.026Z INFO  benchmark_client] Sending sample transaction 10
[2025-03-04T06:20:40.076Z INFO  benchmark_client] Sending sample transaction 11
[2025-03-04T06:20:40.127Z INFO  benchmark_client] Sending sample transaction 12
[2025-03-04T06:20:40.177Z INFO  benchmark_client] Sending sample transaction 13
[2025-03-04T06:20:40.227Z INFO  benchmark_client] Sending sample transaction 14
[2025-03-04T06:20:40.277Z INFO  benchmark_client] Sending sample transaction 15
[2025-03-04T06:20:40.327Z INFO  benchmark_client] Sending sample transaction 16
[2025-03-04T06:20:40.377Z INFO  benchmark_client] Sending sample transaction 17
[2025-03-04T06:20:40.427Z INFO  benchmark_client] Sending sample transaction 18
[2025-03-04T06:20:40.477Z INFO  benchmark_client] Sending sample transaction 19
[2025-03-04T06:20:40.526Z INFO  benchmark_client] Sending sample transaction 20
[2025-03-04T06:20:40.577Z INFO  benchmark_client] Sending sample transaction 21
[2025-03-04T06:20:40.627Z INFO  benchmark_client] Sending sample transaction 22
[2025-03-04T06:20:40.677Z INFO  benchmark_client] Sending sample transaction 23
[2025-03-04T06:20:40.727Z INFO  benchmark_client] Sending sample transaction 24
[2025-03-04T06:20:40.777Z INFO  benchmark_client] Sending sample transaction 25
[2025-03-04T06:20:40.826Z INFO  benchmark_client] Sending sample transaction 26
[2025-03-04T06:20:40.876Z INFO  benchmark_client] Sending sample transaction 27
[2025-03-04T06:20:40.927Z INFO  benchmark_client] Sending sample transaction 28
[2025-03-04T06:20:40.976Z INFO  benchmark_client] Sending sample transaction 29
[2025-03-04T06:20:41.026Z INFO  benchmark_client] Sending sample transaction 30
[2025-03-04T06:20:41.076Z INFO  benchmark_client] Sending sample transaction 31
[2025-03-04T06:20:41.127Z INFO  benchmark_client] Sending sample transaction 32
[2025-03-04T06:20:41.176Z INFO  benchmark_client] Sending sample transaction 33
[2025-03-04T06:20:41.226Z INFO  benchmark_client] Sending sample transaction 34
[2025-03-04T06:20:41.276Z INFO  benchmark_client] Sending sample transaction 35
[2025-03-04T06:20:41.327Z INFO  benchmark_client] Sending sample transaction 36
[2025-03-04T06:20:41.376Z INFO  benchmark_client] Sending sample transaction 37
[2025-03-04T06:20:41.427Z INFO  benchmark_client] Sending sample transaction 38
[2025-03-04T06:20:41.476Z INFO  benchmark_client] Sending sample transaction 39
[2025-03-04T06:20:41.527Z INFO  benchmark_client] Sending sample transaction 40
[2025-03-04T06:20:41.576Z INFO  benchmark_client] Sending sample transaction 41
[2025-03-04T06:20:41.626Z INFO  benchmark_client] Sending sample transaction 42
[2025-03-04T06:20:41.677Z INFO  benchmark_client] Sending sample transaction 43
[2025-03-04T06:20:41.726Z INFO  benchmark_client] Sending sample transaction 44
[2025-03-04T06:20:41.776Z INFO  benchmark_client] Sending sample transaction 45
[2025-03-04T06:20:41.827Z INFO  benchmark_client] Sending sample transaction 46
[2025-03-04T06:20:41.876Z INFO  benchmark_client] Sending sample transaction 47
[2025-03-04T06:20:41.926Z INFO  benchmark_client] Sending sample transaction 48
[2025-03-04T06:20:41.976Z INFO  benchmark_client] Sending sample transaction 49
[2025-03-04T06:20:42.026Z INFO  benchmark_client] Sending sample transaction 50
[2025-03-04T06:20:42.077Z INFO  benchmark_client] Sending sample transaction 51
[2025-03-04T06:20:42.127Z INFO  benchmark_client] Sending sample transaction 52
[2025-03-04T06:20:42.176Z INFO  benchmark_client] Sending sample transaction 53
[2025-03-04T06:20:42.226Z INFO  benchmark_client] Sending sample transaction 54
[2025-03-04T06:20:42.277Z INFO  benchmark_client] Sending sample transaction 55
[2025-03-04T06:20:42.326Z INFO  benchmark_client] Sending sample transaction 56
[2025-03-04T06:20:42.377Z INFO  benchmark_client] Sending sample transaction 57
[2025-03-04T06:20:42.427Z INFO  benchmark_client] Sending sample transaction 58
[2025-03-04T06:20:42.476Z INFO  benchmark_client] Sending sample transaction 59
[2025-03-04T06:20:42.526Z INFO  benchmark_client] Sending sample transaction 60
[2025-03-04T06:20:42.576Z INFO  benchmark_client] Sending sample transaction 61
[2025-03-04T06:20:42.627Z INFO  benchmark_client] Sending sample transaction 62
[2025-03-04T06:20:42.677Z INFO  benchmark_client] Sending sample transaction 63
[2025-03-04T06:20:42.726Z INFO  benchmark_client] Sending sample transaction 64
[2025-03-04T06:20:42.776Z INFO  benchmark_client] Sending sample transaction 65
[2025-03-04T06:20:42.827Z INFO  benchmark_client] Sending sample transaction 66
[2025-03-04T06:20:42.877Z INFO  benchmark_client] Sending sample transaction 67
[2025-03-04T06:20:42.927Z INFO  benchmark_client] Sending sample transaction 68
[2025-03-04T06:20:42.976Z INFO  benchmark_client] Sending sample transaction 69
[2025-03-04T06:20:43.026Z INFO  benchmark_client] Sending sample transaction 70
[2025-03-04T06:20:43.077Z INFO  benchmark_client] Sending sample transaction 71
[2025-03-04T06:20:43.127Z INFO  benchmark_client] Sending sample transaction 72
[2025-03-04T06:20:43.177Z INFO  benchmark_client] Sending sample transaction 73
[2025-03-04T06:20:43.226Z INFO  benchmark_client] Sending sample transaction 74
[2025-03-04T06:20:43.277Z INFO  benchmark_client] Sending sample transaction 75
[2025-03-04T06:20:43.326Z INFO  benchmark_client] Sending sample transaction 76
[2025-03-04T06:20:43.376Z INFO  benchmark_client] Sending sample transaction 77
[2025-03-04T06:20:43.426Z INFO  benchmark_client] Sending sample transaction 78
[2025-03-04T06:20:43.476Z INFO  benchmark_client] Sending sample transaction 79
[2025-03-04T06:20:43.527Z INFO  benchmark_client] Sending sample transaction 80
[2025-03-04T06:20:43.576Z INFO  benchmark_client] Sending sample transaction 81
[2025-03-04T06:20:43.627Z INFO  benchmark_client] Sending sample transaction 82
[2025-03-04T06:20:43.677Z INFO  benchmark_client] Sending sample transaction 83
[2025-03-04T06:20:43.727Z INFO  benchmark_client] Sending sample transaction 84
[2025-03-04T06:20:43.776Z INFO  benchmark_client] Sending sample transaction 85
[2025-03-04T06:20:43.826Z INFO  benchmark_client] Sending sample transaction 86
[2025-03-04T06:20:43.876Z INFO  benchmark_client] Sending sample transaction 87
[2025-03-04T06:20:43.926Z INFO  benchmark_client] Sending sample transaction 88
[2025-03-04T06:20:43.977Z INFO  benchmark_client] Sending sample transaction 89
[2025-03-04T06:20:44.026Z INFO  benchmark_client] Sending sample transaction 90
[2025-03-04T06:20:44.076Z INFO  benchmark_client] Sending sample transaction 91
[2025-03-04T06:20:44.127Z INFO  benchmark_client] Sending sample transaction 92
[2025-03-04T06:20:44.176Z INFO  benchmark_client] Sending sample transaction 93
[2025-03-04T06:20:44.226Z INFO  benchmark_client] Sending sample transaction 94
[2025-03-04T06:20:44.277Z INFO  benchmark_client] Sending sample transaction 95
[2025-03-04T06:20:44.326Z INFO  benchmark_client] Sending sample transaction 96
[2025-03-04T06:20:44.377Z INFO  benchmark_client] Sending sample transaction 97
[2025-03-04T06:20:44.426Z INFO  benchmark_client] Sending sample transaction 98
[2025-03-04T06:20:44.477Z INFO  benchmark_client] Sending sample transaction 99
[2025-03-04T06:20:44.526Z INFO  benchmark_client] Sending sample transaction 100
[2025-03-04T06:20:44.577Z INFO  benchmark_client] Sending sample transaction 101
[2025-03-04T06:20:44.627Z INFO  benchmark_client] Sending sample transaction 102
[2025-03-04T06:20:44.676Z INFO  benchmark_client] Sending sample transaction 103
[2025-03-04T06:20:44.727Z INFO  benchmark_client] Sending sample transaction 104
[2025-03-04T06:20:44.776Z INFO  benchmark_client] Sending sample transaction 105
[2025-03-04T06:20:44.827Z INFO  benchmark_client] Sending sample transaction 106
[2025-03-04T06:20:44.876Z INFO  benchmark_client] Sending sample transaction 107
[2025-03-04T06:20:44.927Z INFO  benchmark_client] Sending sample transaction 108
[2025-03-04T06:20:44.977Z INFO  benchmark_client] Sending sample transaction 109
[2025-03-04T06:20:45.026Z INFO  benchmark_client] Sending sample transaction 110
[2025-03-04T06:20:45.076Z INFO  benchmark_client] Sending sample transaction 111
[2025-03-04T06:20:45.127Z INFO  benchmark_client] Sending sample transaction 112
[2025-03-04T06:20:45.177Z INFO  benchmark_client] Sending sample transaction 113
[2025-03-04T06:20:45.227Z INFO  benchmark_client] Sending sample transaction 114
[2025-03-04T06:20:45.276Z INFO  benchmark_client] Sending sample transaction 115
[2025-03-04T06:20:45.326Z INFO  benchmark_client] Sending sample transaction 116
[2025-03-04T06:20:45.377Z INFO  benchmark_client] Sending sample transaction 117
[2025-03-04T06:20:45.426Z INFO  benchmark_client] Sending sample transaction 118
[2025-03-04T06:20:45.477Z INFO  benchmark_client] Sending sample transaction 119
[2025-03-04T06:20:45.526Z INFO  benchmark_client] Sending sample transaction 120
[2025-03-04T06:20:45.576Z INFO  benchmark_client] Sending sample transaction 121
[2025-03-04T06:20:45.627Z INFO  benchmark_client] Sending sample transaction 122
[2025-03-04T06:20:45.676Z INFO  benchmark_client] Sending sample transaction 123
[2025-03-04T06:20:45.726Z INFO  benchmark_client] Sending sample transaction 124
[2025-03-04T06:20:45.776Z INFO  benchmark_client] Sending sample transaction 125
[2025-03-04T06:20:45.827Z INFO  benchmark_client] Sending sample transaction 126
[2025-03-04T06:20:45.876Z INFO  benchmark_client] Sending sample transaction 127
[2025-03-04T06:20:45.927Z INFO  benchmark_client] Sending sample transaction 128
[2025-03-04T06:20:45.976Z INFO  benchmark_client] Sending sample transaction 129
[2025-03-04T06:20:46.027Z INFO  benchmark_client] Sending sample transaction 130
[2025-03-04T06:20:46.077Z INFO  benchmark_client] Sending sample transaction 131
[2025-03-04T06:20:46.127Z INFO  benchmark_client] Sending sample transaction 132
[2025-03-04T06:20:46.176Z INFO  benchmark_client] Sending sample transaction 133
[2025-03-04T06:20:46.226Z INFO  benchmark_client] Sending sample transaction 134
[2025-03-04T06:20:46.276Z INFO  benchmark_client] Sending sample transaction 135
[2025-03-04T06:20:46.327Z INFO  benchmark_client] Sending sample transaction 136
[2025-03-04T06:20:46.377Z INFO  benchmark_client] Sending sample transaction 137
[2025-03-04T06:20:46.426Z INFO  benchmark_client] Sending sample transaction 138
[2025-03-04T06:20:46.477Z INFO  benchmark_client] Sending sample transaction 139
[2025-03-04T06:20:46.527Z INFO  benchmark_client] Sending sample transaction 140
[2025-03-04T06:20:46.577Z INFO  benchmark_client] Sending sample transaction 141
[2025-03-04T06:20:46.626Z INFO  benchmark_client] Sending sample transaction 142
[2025-03-04T06:20:46.677Z INFO  benchmark_client] Sending sample transaction 143
[2025-03-04T06:20:46.726Z INFO  benchmark_client] Sending sample transaction 144
[2025-03-04T06:20:46.776Z INFO  benchmark_client] Sending sample transaction 145
[2025-03-04T06:20:46.827Z INFO  benchmark_client] Sending sample transaction 146
[2025-03-04T06:20:46.876Z INFO  benchmark_client] Sending sample transaction 147
[2025-03-04T06:20:46.927Z INFO  benchmark_client] Sending sample transaction 148
[2025-03-04T06:20:46.977Z INFO  benchmark_client] Sending sample transaction 149
[2025-03-04T06:20:47.027Z INFO  benchmark_client] Sending sample transaction 150
[2025-03-04T06:20:47.076Z INFO  benchmark_client] Sending sample transaction 151
[2025-03-04T06:20:47.127Z INFO  benchmark_client] Sending sample transaction 152
[2025-03-04T06:20:47.176Z INFO  benchmark_client] Sending sample transaction 153
[2025-03-04T06:20:47.227Z INFO  benchmark_client] Sending sample transaction 154
[2025-03-04T06:20:47.277Z INFO  benchmark_client] Sending sample transaction 155
[2025-03-04T06:20:47.326Z INFO  benchmark_client] Sending sample transaction 156
[2025-03-04T06:20:47.376Z INFO  benchmark_client] Sending sample transaction 157
[2025-03-04T06:20:47.427Z INFO  benchmark_client] Sending sample transaction 158
[2025-03-04T06:20:47.477Z INFO  benchmark_client] Sending sample transaction 159
[2025-03-04T06:20:47.526Z INFO  benchmark_client] Sending sample transaction 160
[2025-03-04T06:20:47.576Z INFO  benchmark_client] Sending sample transaction 161
[2025-03-04T06:20:47.627Z INFO  benchmark_client] Sending sample transaction 162
[2025-03-04T06:20:47.676Z INFO  benchmark_client] Sending sample transaction 163
[2025-03-04T06:20:47.727Z INFO  benchmark_client] Sending sample transaction 164
[2025-03-04T06:20:47.776Z INFO  benchmark_client] Sending sample transaction 165
[2025-03-04T06:20:47.827Z INFO  benchmark_client] Sending sample transaction 166
[2025-03-04T06:20:47.877Z INFO  benchmark_client] Sending sample transaction 167
[2025-03-04T06:20:47.926Z INFO  benchmark_client] Sending sample transaction 168
[2025-03-04T06:20:47.976Z INFO  benchmark_client] Sending sample transaction 169
[2025-03-04T06:20:48.026Z INFO  benchmark_client] Sending sample transaction 170
[2025-03-04T06:20:48.077Z INFO  benchmark_client] Sending sample transaction 171
[2025-03-04T06:20:48.126Z INFO  benchmark_client] Sending sample transaction 172
[2025-03-04T06:20:48.177Z INFO  benchmark_client] Sending sample transaction 173
[2025-03-04T06:20:48.227Z INFO  benchmark_client] Sending sample transaction 174
[2025-03-04T06:20:48.277Z INFO  benchmark_client] Sending sample transaction 175
[2025-03-04T06:20:48.327Z INFO  benchmark_client] Sending sample transaction 176
[2025-03-04T06:20:48.377Z INFO  benchmark_client] Sending sample transaction 177
[2025-03-04T06:20:48.427Z INFO  benchmark_client] Sending sample transaction 178
[2025-03-04T06:20:48.476Z INFO  benchmark_client] Sending sample transaction 179
[2025-03-04T06:20:48.527Z INFO  benchmark_client] Sending sample transaction 180
[2025-03-04T06:20:48.577Z INFO  benchmark_client] Sending sample transaction 181
[2025-03-04T06:20:48.627Z INFO  benchmark_client] Sending sample transaction 182
[2025-03-04T06:20:48.676Z INFO  benchmark_client] Sending sample transaction 183
[2025-03-04T06:20:48.727Z INFO  benchmark_client] Sending sample transaction 184
[2025-03-04T06:20:48.777Z INFO  benchmark_client] Sending sample transaction 185
[2025-03-04T06:20:48.827Z INFO  benchmark_client] Sending sample transaction 186
[2025-03-04T06:20:48.876Z INFO  benchmark_client] Sending sample transaction 187
[2025-03-04T06:20:48.927Z INFO  benchmark_client] Sending sample transaction 188
[2025-03-04T06:20:48.977Z INFO  benchmark_client] Sending sample transaction 189
[2025-03-04T06:20:49.027Z INFO  benchmark_client] Sending sample transaction 190
[2025-03-04T06:20:49.077Z INFO  benchmark_client] Sending sample transaction 191
[2025-03-04T06:20:49.127Z INFO  benchmark_client] Sending sample transaction 192
[2025-03-04T06:20:49.176Z INFO  benchmark_client] Sending sample transaction 193
[2025-03-04T06:20:49.226Z INFO  benchmark_client] Sending sample transaction 194
[2025-03-04T06:20:49.277Z INFO  benchmark_client] Sending sample transaction 195
[2025-03-04T06:20:49.327Z INFO  benchmark_client] Sending sample transaction 196
[2025-03-04T06:20:49.377Z INFO  benchmark_client] Sending sample transaction 197
[2025-03-04T06:20:49.427Z INFO  benchmark_client] Sending sample transaction 198
[2025-03-04T06:20:49.477Z INFO  benchmark_client] Sending sample transaction 199
[2025-03-04T06:20:49.526Z INFO  benchmark_client] Sending sample transaction 200
[2025-03-04T06:20:49.577Z INFO  benchmark_client] Sending sample transaction 201
[2025-03-04T06:20:49.627Z INFO  benchmark_client] Sending sample transaction 202
[2025-03-04T06:20:49.676Z INFO  benchmark_client] Sending sample transaction 203
[2025-03-04T06:20:49.727Z INFO  benchmark_client] Sending sample transaction 204
[2025-03-04T06:20:49.776Z INFO  benchmark_client] Sending sample transaction 205
[2025-03-04T06:20:49.827Z INFO  benchmark_client] Sending sample transaction 206
[2025-03-04T06:20:49.877Z INFO  benchmark_client] Sending sample transaction 207
[2025-03-04T06:20:49.926Z INFO  benchmark_client] Sending sample transaction 208
[2025-03-04T06:20:49.976Z INFO  benchmark_client] Sending sample transaction 209
[2025-03-04T06:20:50.026Z INFO  benchmark_client] Sending sample transaction 210
[2025-03-04T06:20:50.077Z INFO  benchmark_client] Sending sample transaction 211
[2025-03-04T06:20:50.127Z INFO  benchmark_client] Sending sample transaction 212
[2025-03-04T06:20:50.176Z INFO  benchmark_client] Sending sample transaction 213
[2025-03-04T06:20:50.227Z INFO  benchmark_client] Sending sample transaction 214
[2025-03-04T06:20:50.277Z INFO  benchmark_client] Sending sample transaction 215
[2025-03-04T06:20:50.326Z INFO  benchmark_client] Sending sample transaction 216
[2025-03-04T06:20:50.377Z INFO  benchmark_client] Sending sample transaction 217
[2025-03-04T06:20:50.427Z INFO  benchmark_client] Sending sample transaction 218
[2025-03-04T06:20:50.476Z INFO  benchmark_client] Sending sample transaction 219
[2025-03-04T06:20:50.527Z INFO  benchmark_client] Sending sample transaction 220
[2025-03-04T06:20:50.577Z INFO  benchmark_client] Sending sample transaction 221
[2025-03-04T06:20:50.627Z INFO  benchmark_client] Sending sample transaction 222
[2025-03-04T06:20:50.677Z INFO  benchmark_client] Sending sample transaction 223
[2025-03-04T06:20:50.727Z INFO  benchmark_client] Sending sample transaction 224
[2025-03-04T06:20:50.776Z INFO  benchmark_client] Sending sample transaction 225
[2025-03-04T06:20:50.827Z INFO  benchmark_client] Sending sample transaction 226
[2025-03-04T06:20:50.877Z INFO  benchmark_client] Sending sample transaction 227
[2025-03-04T06:20:50.926Z INFO  benchmark_client] Sending sample transaction 228
[2025-03-04T06:20:50.976Z INFO  benchmark_client] Sending sample transaction 229
[2025-03-04T06:20:51.026Z INFO  benchmark_client] Sending sample transaction 230
[2025-03-04T06:20:51.077Z INFO  benchmark_client] Sending sample transaction 231
[2025-03-04T06:20:51.127Z INFO  benchmark_client] Sending sample transaction 232
[2025-03-04T06:20:51.177Z INFO  benchmark_client] Sending sample transaction 233
[2025-03-04T06:20:51.227Z INFO  benchmark_client] Sending sample transaction 234
[2025-03-04T06:20:51.276Z INFO  benchmark_client] Sending sample transaction 235
[2025-03-04T06:20:51.327Z INFO  benchmark_client] Sending sample transaction 236
[2025-03-04T06:20:51.377Z INFO  benchmark_client] Sending sample transaction 237
[2025-03-04T06:20:51.427Z INFO  benchmark_client] Sending sample transaction 238
[2025-03-04T06:20:51.476Z INFO  benchmark_client] Sending sample transaction 239
[2025-03-04T06:20:51.526Z INFO  benchmark_client] Sending sample transaction 240
[2025-03-04T06:20:51.577Z INFO  benchmark_client] Sending sample transaction 241
[2025-03-04T06:20:51.627Z INFO  benchmark_client] Sending sample transaction 242
[2025-03-04T06:20:51.676Z INFO  benchmark_client] Sending sample transaction 243
[2025-03-04T06:20:51.727Z INFO  benchmark_client] Sending sample transaction 244
[2025-03-04T06:20:51.777Z INFO  benchmark_client] Sending sample transaction 245
[2025-03-04T06:20:51.826Z INFO  benchmark_client] Sending sample transaction 246
[2025-03-04T06:20:51.877Z INFO  benchmark_client] Sending sample transaction 247
[2025-03-04T06:20:51.927Z INFO  benchmark_client] Sending sample transaction 248
[2025-03-04T06:20:51.976Z INFO  benchmark_client] Sending sample transaction 249
[2025-03-04T06:20:52.026Z INFO  benchmark_client] Sending sample transaction 250
[2025-03-04T06:20:52.077Z INFO  benchmark_client] Sending sample transaction 251
[2025-03-04T06:20:52.126Z INFO  benchmark_client] Sending sample transaction 252
[2025-03-04T06:20:52.176Z INFO  benchmark_client] Sending sample transaction 253
[2025-03-04T06:20:52.226Z INFO  benchmark_client] Sending sample transaction 254
[2025-03-04T06:20:52.276Z INFO  benchmark_client] Sending sample transaction 255
[2025-03-04T06:20:52.327Z INFO  benchmark_client] Sending sample transaction 256
[2025-03-04T06:20:52.377Z INFO  benchmark_client] Sending sample transaction 257
[2025-03-04T06:20:52.427Z INFO  benchmark_client] Sending sample transaction 258
[2025-03-04T06:20:52.477Z INFO  benchmark_client] Sending sample transaction 259
[2025-03-04T06:20:52.527Z INFO  benchmark_client] Sending sample transaction 260
[2025-03-04T06:20:52.578Z INFO  benchmark_client] Sending sample transaction 261
[2025-03-04T06:20:52.627Z INFO  benchmark_client] Sending sample transaction 262
[2025-03-04T06:20:52.676Z INFO  benchmark_client] Sending sample transaction 263
[2025-03-04T06:20:52.727Z INFO  benchmark_client] Sending sample transaction 264
[2025-03-04T06:20:52.777Z INFO  benchmark_client] Sending sample transaction 265
[2025-03-04T06:20:52.827Z INFO  benchmark_client] Sending sample transaction 266
[2025-03-04T06:20:52.877Z INFO  benchmark_client] Sending sample transaction 267
[2025-03-04T06:20:52.927Z INFO  benchmark_client] Sending sample transaction 268
[2025-03-04T06:20:52.977Z INFO  benchmark_client] Sending sample transaction 269
[2025-03-04T06:20:53.027Z INFO  benchmark_client] Sending sample transaction 270
[2025-03-04T06:20:53.077Z INFO  benchmark_client] Sending sample transaction 271
[2025-03-04T06:20:53.127Z INFO  benchmark_client] Sending sample transaction 272
[2025-03-04T06:20:53.177Z INFO  benchmark_client] Sending sample transaction 273
[2025-03-04T06:20:53.227Z INFO  benchmark_client] Sending sample transaction 274
[2025-03-04T06:20:53.277Z INFO  benchmark_client] Sending sample transaction 275
[2025-03-04T06:20:53.327Z INFO  benchmark_client] Sending sample transaction 276
[2025-03-04T06:20:53.377Z INFO  benchmark_client] Sending sample transaction 277
[2025-03-04T06:20:53.427Z INFO  benchmark_client] Sending sample transaction 278
[2025-03-04T06:20:53.476Z INFO  benchmark_client] Sending sample transaction 279
[2025-03-04T06:20:53.526Z INFO  benchmark_client] Sending sample transaction 280
[2025-03-04T06:20:53.577Z INFO  benchmark_client] Sending sample transaction 281
[2025-03-04T06:20:53.626Z INFO  benchmark_client] Sending sample transaction 282
[2025-03-04T06:20:53.676Z INFO  benchmark_client] Sending sample transaction 283
[2025-03-04T06:20:53.727Z INFO  benchmark_client] Sending sample transaction 284
[2025-03-04T06:20:53.777Z INFO  benchmark_client] Sending sample transaction 285
[2025-03-04T06:20:53.827Z INFO  benchmark_client] Sending sample transaction 286
[2025-03-04T06:20:53.877Z INFO  benchmark_client] Sending sample transaction 287
[2025-03-04T06:20:53.927Z INFO  benchmark_client] Sending sample transaction 288
[2025-03-04T06:20:53.977Z INFO  benchmark_client] Sending sample transaction 289
[2025-03-04T06:20:54.027Z INFO  benchmark_client] Sending sample transaction 290
[2025-03-04T06:20:54.077Z INFO  benchmark_client] Sending sample transaction 291
[2025-03-04T06:20:54.127Z INFO  benchmark_client] Sending sample transaction 292
[2025-03-04T06:20:54.177Z INFO  benchmark_client] Sending sample transaction 293
[2025-03-04T06:20:54.227Z INFO  benchmark_client] Sending sample transaction 294
[2025-03-04T06:20:54.277Z INFO  benchmark_client] Sending sample transaction 295
[2025-03-04T06:20:54.327Z INFO  benchmark_client] Sending sample transaction 296
[2025-03-04T06:20:54.377Z INFO  benchmark_client] Sending sample transaction 297
[2025-03-04T06:20:54.427Z INFO  benchmark_client] Sending sample transaction 298
[2025-03-04T06:20:54.477Z INFO  benchmark_client] Sending sample transaction 299
[2025-03-04T06:20:54.526Z INFO  benchmark_client] Sending sample transaction 300
[2025-03-04T06:20:54.577Z INFO  benchmark_client] Sending sample transaction 301
[2025-03-04T06:20:54.627Z INFO  benchmark_client] Sending sample transaction 302
[2025-03-04T06:20:54.677Z INFO  benchmark_client] Sending sample transaction 303
[2025-03-04T06:20:54.727Z INFO  benchmark_client] Sending sample transaction 304
[2025-03-04T06:20:54.777Z INFO  benchmark_client] Sending sample transaction 305
[2025-03-04T06:20:54.827Z INFO  benchmark_client] Sending sample transaction 306
[2025-03-04T06:20:54.877Z INFO  benchmark_client] Sending sample transaction 307
[2025-03-04T06:20:54.927Z INFO  benchmark_client] Sending sample transaction 308
[2025-03-04T06:20:54.977Z INFO  benchmark_client] Sending sample transaction 309
[2025-03-04T06:20:55.027Z INFO  benchmark_client] Sending sample transaction 310
[2025-03-04T06:20:55.076Z INFO  benchmark_client] Sending sample transaction 311
[2025-03-04T06:20:55.127Z INFO  benchmark_client] Sending sample transaction 312
[2025-03-04T06:20:55.177Z INFO  benchmark_client] Sending sample transaction 313
[2025-03-04T06:20:55.227Z INFO  benchmark_client] Sending sample transaction 314
[2025-03-04T06:20:55.277Z INFO  benchmark_client] Sending sample transaction 315
[2025-03-04T06:20:55.327Z INFO  benchmark_client] Sending sample transaction 316
[2025-03-04T06:20:55.377Z INFO  benchmark_client] Sending sample transaction 317
[2025-03-04T06:20:55.427Z INFO  benchmark_client] Sending sample transaction 318
[2025-03-04T06:20:55.477Z INFO  benchmark_client] Sending sample transaction 319
[2025-03-04T06:20:55.527Z INFO  benchmark_client] Sending sample transaction 320
[2025-03-04T06:20:55.577Z INFO  benchmark_client] Sending sample transaction 321
[2025-03-04T06:20:55.627Z INFO  benchmark_client] Sending sample transaction 322
[2025-03-04T06:20:55.677Z INFO  benchmark_client] Sending sample transaction 323
[2025-03-04T06:20:55.727Z INFO  benchmark_client] Sending sample transaction 324
[2025-03-04T06:20:55.777Z INFO  benchmark_client] Sending sample transaction 325
[2025-03-04T06:20:55.827Z INFO  benchmark_client] Sending sample transaction 326
[2025-03-04T06:20:55.877Z INFO  benchmark_client] Sending sample transaction 327
[2025-03-04T06:20:55.927Z INFO  benchmark_client] Sending sample transaction 328
[2025-03-04T06:20:55.977Z INFO  benchmark_client] Sending sample transaction 329
[2025-03-04T06:20:56.027Z INFO  benchmark_client] Sending sample transaction 330
[2025-03-04T06:20:56.077Z INFO  benchmark_client] Sending sample transaction 331
[2025-03-04T06:20:56.127Z INFO  benchmark_client] Sending sample transaction 332
[2025-03-04T06:20:56.177Z INFO  benchmark_client] Sending sample transaction 333
[2025-03-04T06:20:56.226Z INFO  benchmark_client] Sending sample transaction 334
[2025-03-04T06:20:56.277Z INFO  benchmark_client] Sending sample transaction 335
[2025-03-04T06:20:56.327Z INFO  benchmark_client] Sending sample transaction 336
[2025-03-04T06:20:56.378Z INFO  benchmark_client] Sending sample transaction 337
[2025-03-04T06:20:56.427Z INFO  benchmark_client] Sending sample transaction 338
[2025-03-04T06:20:56.477Z INFO  benchmark_client] Sending sample transaction 339
[2025-03-04T06:20:56.527Z INFO  benchmark_client] Sending sample transaction 340
[2025-03-04T06:20:56.577Z INFO  benchmark_client] Sending sample transaction 341
[2025-03-04T06:20:56.627Z INFO  benchmark_client] Sending sample transaction 342
[2025-03-04T06:20:56.677Z INFO  benchmark_client] Sending sample transaction 343
[2025-03-04T06:20:56.727Z INFO  benchmark_client] Sending sample transaction 344
[2025-03-04T06:20:56.777Z INFO  benchmark_client] Sending sample transaction 345
[2025-03-04T06:20:56.827Z INFO  benchmark_client] Sending sample transaction 346
[2025-03-04T06:20:56.877Z INFO  benchmark_client] Sending sample transaction 347
[2025-03-04T06:20:56.927Z INFO  benchmark_client] Sending sample transaction 348
[2025-03-04T06:20:56.977Z INFO  benchmark_client] Sending sample transaction 349
[2025-03-04T06:20:57.027Z INFO  benchmark_client] Sending sample transaction 350
[2025-03-04T06:20:57.077Z INFO  benchmark_client] Sending sample transaction 351
[2025-03-04T06:20:57.127Z INFO  benchmark_client] Sending sample transaction 352
[2025-03-04T06:20:57.177Z INFO  benchmark_client] Sending sample transaction 353
[2025-03-04T06:20:57.226Z INFO  benchmark_client] Sending sample transaction 354
[2025-03-04T06:20:57.276Z INFO  benchmark_client] Sending sample transaction 355
[2025-03-04T06:20:57.326Z INFO  benchmark_client] Sending sample transaction 356
[2025-03-04T06:20:57.376Z INFO  benchmark_client] Sending sample transaction 357
[2025-03-04T06:20:57.427Z INFO  benchmark_client] Sending sample transaction 358
[2025-03-04T06:20:57.476Z INFO  benchmark_client] Sending sample transaction 359
[2025-03-04T06:20:57.526Z INFO  benchmark_client] Sending sample transaction 360
[2025-03-04T06:20:57.576Z INFO  benchmark_client] Sending sample transaction 361
[2025-03-04T06:20:57.626Z INFO  benchmark_client] Sending sample transaction 362
[2025-03-04T06:20:57.676Z INFO  benchmark_client] Sending sample transaction 363
[2025-03-04T06:20:57.726Z INFO  benchmark_client] Sending sample transaction 364
[2025-03-04T06:20:57.776Z INFO  benchmark_client] Sending sample transaction 365
[2025-03-04T06:20:57.827Z INFO  benchmark_client] Sending sample transaction 366
[2025-03-04T06:20:57.877Z INFO  benchmark_client] Sending sample transaction 367
[2025-03-04T06:20:57.927Z INFO  benchmark_client] Sending sample transaction 368
[2025-03-04T06:20:57.976Z INFO  benchmark_client] Sending sample transaction 369
[2025-03-04T06:20:58.027Z INFO  benchmark_client] Sending sample transaction 370
[2025-03-04T06:20:58.076Z INFO  benchmark_client] Sending sample transaction 371
[2025-03-04T06:20:58.126Z INFO  benchmark_client] Sending sample transaction 372
[2025-03-04T06:20:58.176Z INFO  benchmark_client] Sending sample transaction 373
[2025-03-04T06:20:58.227Z INFO  benchmark_client] Sending sample transaction 374
[2025-03-04T06:20:58.277Z INFO  benchmark_client] Sending sample transaction 375
[2025-03-04T06:20:58.327Z INFO  benchmark_client] Sending sample transaction 376
[2025-03-04T06:20:58.376Z INFO  benchmark_client] Sending sample transaction 377
[2025-03-04T06:20:58.427Z INFO  benchmark_client] Sending sample transaction 378
[2025-03-04T06:20:58.477Z INFO  benchmark_client] Sending sample transaction 379
[2025-03-04T06:20:58.527Z INFO  benchmark_client] Sending sample transaction 380
[2025-03-04T06:20:58.577Z INFO  benchmark_client] Sending sample transaction 381
[2025-03-04T06:20:58.627Z INFO  benchmark_client] Sending sample transaction 382
[2025-03-04T06:20:58.677Z INFO  benchmark_client] Sending sample transaction 383
[2025-03-04T06:20:58.727Z INFO  benchmark_client] Sending sample transaction 384
[2025-03-04T06:20:58.777Z INFO  benchmark_client] Sending sample transaction 385
[2025-03-04T06:20:58.827Z INFO  benchmark_client] Sending sample transaction 386
[2025-03-04T06:20:58.877Z INFO  benchmark_client] Sending sample transaction 387
[2025-03-04T06:20:58.927Z INFO  benchmark_client] Sending sample transaction 388
[2025-03-04T06:20:58.977Z INFO  benchmark_client] Sending sample transaction 389
[2025-03-04T06:20:59.027Z INFO  benchmark_client] Sending sample transaction 390
[2025-03-04T06:20:59.077Z INFO  benchmark_client] Sending sample transaction 391
[2025-03-04T06:20:59.128Z INFO  benchmark_client] Sending sample transaction 392
[2025-03-04T06:20:59.178Z INFO  benchmark_client] Sending sample transaction 393
[2025-03-04T06:20:59.227Z INFO  benchmark_client] Sending sample transaction 394
[2025-03-04T06:20:59.277Z INFO  benchmark_client] Sending sample transaction 395
[2025-03-04T06:20:59.327Z INFO  benchmark_client] Sending sample transaction 396
[2025-03-04T06:20:59.378Z INFO  benchmark_client] Sending sample transaction 397
[2025-03-04T06:20:59.427Z INFO  benchmark_client] Sending sample transaction 398
[2025-03-04T06:20:59.477Z INFO  benchmark_client] Sending sample transaction 399
[2025-03-04T06:20:59.527Z INFO  benchmark_client] Sending sample transaction 400
[2025-03-04T06:20:59.578Z INFO  benchmark_client] Sending sample transaction 401
[2025-03-04T06:20:59.627Z INFO  benchmark_client] Sending sample transaction 402
[2025-03-04T06:20:59.677Z INFO  benchmark_client] Sending sample transaction 403
[2025-03-04T06:20:59.728Z INFO  benchmark_client] Sending sample transaction 404
[2025-03-04T06:20:59.777Z INFO  benchmark_client] Sending sample transaction 405
[2025-03-04T06:20:59.827Z INFO  benchmark_client] Sending sample transaction 406
[2025-03-04T06:20:59.877Z INFO  benchmark_client] Sending sample transaction 407
[2025-03-04T06:20:59.927Z INFO  benchmark_client] Sending sample transaction 408
[2025-03-04T06:20:59.978Z INFO  benchmark_client] Sending sample transaction 409
[2025-03-04T06:21:00.027Z INFO  benchmark_client] Sending sample transaction 410
[2025-03-04T06:21:00.077Z INFO  benchmark_client] Sending sample transaction 411
[2025-03-04T06:21:00.127Z INFO  benchmark_client] Sending sample transaction 412
[2025-03-04T06:21:00.177Z INFO  benchmark_client] Sending sample transaction 413
[2025-03-04T06:21:00.227Z INFO  benchmark_client] Sending sample transaction 414
[2025-03-04T06:21:00.278Z INFO  benchmark_client] Sending sample transaction 415
[2025-03-04T06:21:00.327Z INFO  benchmark_client] Sending sample transaction 416
[2025-03-04T06:21:00.377Z INFO  benchmark_client] Sending sample transaction 417
[2025-03-04T06:21:00.427Z INFO  benchmark_client] Sending sample transaction 418
[2025-03-04T06:21:00.478Z INFO  benchmark_client] Sending sample transaction 419
[2025-03-04T06:21:00.527Z INFO  benchmark_client] Sending sample transaction 420
[2025-03-04T06:21:00.577Z INFO  benchmark_client] Sending sample transaction 421
[2025-03-04T06:21:00.627Z INFO  benchmark_client] Sending sample transaction 422
[2025-03-04T06:21:00.676Z INFO  benchmark_client] Sending sample transaction 423
[2025-03-04T06:21:00.728Z INFO  benchmark_client] Sending sample transaction 424
[2025-03-04T06:21:00.777Z INFO  benchmark_client] Sending sample transaction 425
[2025-03-04T06:21:00.828Z INFO  benchmark_client] Sending sample transaction 426
[2025-03-04T06:21:00.877Z INFO  benchmark_client] Sending sample transaction 427
[2025-03-04T06:21:00.927Z INFO  benchmark_client] Sending sample transaction 428
[2025-03-04T06:21:00.978Z INFO  benchmark_client] Sending sample transaction 429
[2025-03-04T06:21:01.027Z INFO  benchmark_client] Sending sample transaction 430
[2025-03-04T06:21:01.078Z INFO  benchmark_client] Sending sample transaction 431
[2025-03-04T06:21:01.127Z INFO  benchmark_client] Sending sample transaction 432
[2025-03-04T06:21:01.177Z INFO  benchmark_client] Sending sample transaction 433
[2025-03-04T06:21:01.228Z INFO  benchmark_client] Sending sample transaction 434
[2025-03-04T06:21:01.277Z INFO  benchmark_client] Sending sample transaction 435
[2025-03-04T06:21:01.327Z INFO  benchmark_client] Sending sample transaction 436
[2025-03-04T06:21:01.377Z INFO  benchmark_client] Sending sample transaction 437
[2025-03-04T06:21:01.427Z INFO  benchmark_client] Sending sample transaction 438
[2025-03-04T06:21:01.477Z INFO  benchmark_client] Sending sample transaction 439
[2025-03-04T06:21:01.527Z INFO  benchmark_client] Sending sample transaction 440
[2025-03-04T06:21:01.577Z INFO  benchmark_client] Sending sample transaction 441
[2025-03-04T06:21:01.627Z INFO  benchmark_client] Sending sample transaction 442
[2025-03-04T06:21:01.677Z INFO  benchmark_client] Sending sample transaction 443
[2025-03-04T06:21:01.727Z INFO  benchmark_client] Sending sample transaction 444
[2025-03-04T06:21:01.778Z INFO  benchmark_client] Sending sample transaction 445
[2025-03-04T06:21:01.827Z INFO  benchmark_client] Sending sample transaction 446
[2025-03-04T06:21:01.878Z INFO  benchmark_client] Sending sample transaction 447
[2025-03-04T06:21:01.927Z INFO  benchmark_client] Sending sample transaction 448
[2025-03-04T06:21:01.977Z INFO  benchmark_client] Sending sample transaction 449
[2025-03-04T06:21:02.027Z INFO  benchmark_client] Sending sample transaction 450
[2025-03-04T06:21:02.077Z INFO  benchmark_client] Sending sample transaction 451
[2025-03-04T06:21:02.127Z INFO  benchmark_client] Sending sample transaction 452
[2025-03-04T06:21:02.178Z INFO  benchmark_client] Sending sample transaction 453
[2025-03-04T06:21:02.227Z INFO  benchmark_client] Sending sample transaction 454
[2025-03-04T06:21:02.278Z INFO  benchmark_client] Sending sample transaction 455
[2025-03-04T06:21:02.327Z INFO  benchmark_client] Sending sample transaction 456
[2025-03-04T06:21:02.377Z INFO  benchmark_client] Sending sample transaction 457
[2025-03-04T06:21:02.428Z INFO  benchmark_client] Sending sample transaction 458
[2025-03-04T06:21:02.477Z INFO  benchmark_client] Sending sample transaction 459
[2025-03-04T06:21:02.527Z INFO  benchmark_client] Sending sample transaction 460
[2025-03-04T06:21:02.577Z INFO  benchmark_client] Sending sample transaction 461
[2025-03-04T06:21:02.627Z INFO  benchmark_client] Sending sample transaction 462
[2025-03-04T06:21:02.678Z INFO  benchmark_client] Sending sample transaction 463
[2025-03-04T06:21:02.727Z INFO  benchmark_client] Sending sample transaction 464
[2025-03-04T06:21:02.778Z INFO  benchmark_client] Sending sample transaction 465
[2025-03-04T06:21:02.827Z INFO  benchmark_client] Sending sample transaction 466
[2025-03-04T06:21:02.877Z INFO  benchmark_client] Sending sample transaction 467
[2025-03-04T06:21:02.927Z INFO  benchmark_client] Sending sample transaction 468
[2025-03-04T06:21:02.978Z INFO  benchmark_client] Sending sample transaction 469
[2025-03-04T06:21:03.027Z INFO  benchmark_client] Sending sample transaction 470
[2025-03-04T06:21:03.077Z INFO  benchmark_client] Sending sample transaction 471
[2025-03-04T06:21:03.128Z INFO  benchmark_client] Sending sample transaction 472
[2025-03-04T06:21:03.177Z INFO  benchmark_client] Sending sample transaction 473
[2025-03-04T06:21:03.227Z INFO  benchmark_client] Sending sample transaction 474
[2025-03-04T06:21:03.277Z INFO  benchmark_client] Sending sample transaction 475
[2025-03-04T06:21:03.328Z INFO  benchmark_client] Sending sample transaction 476
[2025-03-04T06:21:03.377Z INFO  benchmark_client] Sending sample transaction 477
[2025-03-04T06:21:03.428Z INFO  benchmark_client] Sending sample transaction 478
[2025-03-04T06:21:03.477Z INFO  benchmark_client] Sending sample transaction 479
[2025-03-04T06:21:03.528Z INFO  benchmark_client] Sending sample transaction 480
[2025-03-04T06:21:03.577Z INFO  benchmark_client] Sending sample transaction 481
[2025-03-04T06:21:03.627Z INFO  benchmark_client] Sending sample transaction 482
[2025-03-04T06:21:03.677Z INFO  benchmark_client] Sending sample transaction 483
[2025-03-04T06:21:03.727Z INFO  benchmark_client] Sending sample transaction 484
[2025-03-04T06:21:03.777Z INFO  benchmark_client] Sending sample transaction 485
[2025-03-04T06:21:03.828Z INFO  benchmark_client] Sending sample transaction 486
[2025-03-04T06:21:03.877Z INFO  benchmark_client] Sending sample transaction 487
[2025-03-04T06:21:03.927Z INFO  benchmark_client] Sending sample transaction 488
[2025-03-04T06:21:03.978Z INFO  benchmark_client] Sending sample transaction 489
[2025-03-04T06:21:04.028Z INFO  benchmark_client] Sending sample transaction 490
[2025-03-04T06:21:04.077Z INFO  benchmark_client] Sending sample transaction 491
[2025-03-04T06:21:04.127Z INFO  benchmark_client] Sending sample transaction 492
[2025-03-04T06:21:04.177Z INFO  benchmark_client] Sending sample transaction 493
[2025-03-04T06:21:04.228Z INFO  benchmark_client] Sending sample transaction 494
[2025-03-04T06:21:04.277Z INFO  benchmark_client] Sending sample transaction 495
[2025-03-04T06:21:04.327Z INFO  benchmark_client] Sending sample transaction 496
[2025-03-04T06:21:04.378Z INFO  benchmark_client] Sending sample transaction 497
[2025-03-04T06:21:04.427Z INFO  benchmark_client] Sending sample transaction 498
[2025-03-04T06:21:04.477Z INFO  benchmark_client] Sending sample transaction 499
[2025-03-04T06:21:04.526Z INFO  benchmark_client] Sending sample transaction 500
[2025-03-04T06:21:04.576Z INFO  benchmark_client] Sending sample transaction 501
[2025-03-04T06:21:04.626Z INFO  benchmark_client] Sending sample transaction 502
[2025-03-04T06:21:04.676Z INFO  benchmark_client] Sending sample transaction 503
[2025-03-04T06:21:04.726Z INFO  benchmark_client] Sending sample transaction 504
[2025-03-04T06:21:04.776Z INFO  benchmark_client] Sending sample transaction 505
[2025-03-04T06:21:04.826Z INFO  benchmark_client] Sending sample transaction 506
[2025-03-04T06:21:04.877Z INFO  benchmark_client] Sending sample transaction 507
[2025-03-04T06:21:04.927Z INFO  benchmark_client] Sending sample transaction 508
[2025-03-04T06:21:04.977Z INFO  benchmark_client] Sending sample transaction 509
[2025-03-04T06:21:05.027Z INFO  benchmark_client] Sending sample transaction 510
[2025-03-04T06:21:05.076Z INFO  benchmark_client] Sending sample transaction 511
[2025-03-04T06:21:05.126Z INFO  benchmark_client] Sending sample transaction 512
[2025-03-04T06:21:05.176Z INFO  benchmark_client] Sending sample transaction 513
[2025-03-04T06:21:05.227Z INFO  benchmark_client] Sending sample transaction 514
[2025-03-04T06:21:05.276Z INFO  benchmark_client] Sending sample transaction 515
[2025-03-04T06:21:05.327Z INFO  benchmark_client] Sending sample transaction 516
[2025-03-04T06:21:05.376Z INFO  benchmark_client] Sending sample transaction 517
[2025-03-04T06:21:05.426Z INFO  benchmark_client] Sending sample transaction 518
[2025-03-04T06:21:05.476Z INFO  benchmark_client] Sending sample transaction 519
[2025-03-04T06:21:05.526Z INFO  benchmark_client] Sending sample transaction 520
[2025-03-04T06:21:05.576Z INFO  benchmark_client] Sending sample transaction 521
[2025-03-04T06:21:05.626Z INFO  benchmark_client] Sending sample transaction 522
[2025-03-04T06:21:05.677Z INFO  benchmark_client] Sending sample transaction 523
[2025-03-04T06:21:05.726Z INFO  benchmark_client] Sending sample transaction 524
[2025-03-04T06:21:05.776Z INFO  benchmark_client] Sending sample transaction 525
[2025-03-04T06:21:05.826Z INFO  benchmark_client] Sending sample transaction 526
[2025-03-04T06:21:05.877Z INFO  benchmark_client] Sending sample transaction 527
[2025-03-04T06:21:05.926Z INFO  benchmark_client] Sending sample transaction 528
[2025-03-04T06:21:05.976Z INFO  benchmark_client] Sending sample transaction 529
[2025-03-04T06:21:06.026Z INFO  benchmark_client] Sending sample transaction 530
[2025-03-04T06:21:06.077Z INFO  benchmark_client] Sending sample transaction 531
[2025-03-04T06:21:06.127Z INFO  benchmark_client] Sending sample transaction 532
[2025-03-04T06:21:06.176Z INFO  benchmark_client] Sending sample transaction 533
[2025-03-04T06:21:06.226Z INFO  benchmark_client] Sending sample transaction 534
[2025-03-04T06:21:06.276Z INFO  benchmark_client] Sending sample transaction 535
[2025-03-04T06:21:06.326Z INFO  benchmark_client] Sending sample transaction 536
[2025-03-04T06:21:06.377Z INFO  benchmark_client] Sending sample transaction 537
[2025-03-04T06:21:06.427Z INFO  benchmark_client] Sending sample transaction 538
[2025-03-04T06:21:06.476Z INFO  benchmark_client] Sending sample transaction 539
[2025-03-04T06:21:06.526Z INFO  benchmark_client] Sending sample transaction 540
[2025-03-04T06:21:06.576Z INFO  benchmark_client] Sending sample transaction 541
[2025-03-04T06:21:06.627Z INFO  benchmark_client] Sending sample transaction 542
[2025-03-04T06:21:06.676Z INFO  benchmark_client] Sending sample transaction 543
[2025-03-04T06:21:06.727Z INFO  benchmark_client] Sending sample transaction 544
[2025-03-04T06:21:06.776Z INFO  benchmark_client] Sending sample transaction 545
[2025-03-04T06:21:06.826Z INFO  benchmark_client] Sending sample transaction 546
[2025-03-04T06:21:06.876Z INFO  benchmark_client] Sending sample transaction 547
[2025-03-04T06:21:06.927Z INFO  benchmark_client] Sending sample transaction 548
[2025-03-04T06:21:06.976Z INFO  benchmark_client] Sending sample transaction 549
[2025-03-04T06:21:07.026Z INFO  benchmark_client] Sending sample transaction 550
[2025-03-04T06:21:07.077Z INFO  benchmark_client] Sending sample transaction 551
[2025-03-04T06:21:07.126Z INFO  benchmark_client] Sending sample transaction 552
[2025-03-04T06:21:07.177Z INFO  benchmark_client] Sending sample transaction 553
[2025-03-04T06:21:07.226Z INFO  benchmark_client] Sending sample transaction 554
[2025-03-04T06:21:07.276Z INFO  benchmark_client] Sending sample transaction 555
[2025-03-04T06:21:07.326Z INFO  benchmark_client] Sending sample transaction 556
[2025-03-04T06:21:07.377Z INFO  benchmark_client] Sending sample transaction 557
[2025-03-04T06:21:07.426Z INFO  benchmark_client] Sending sample transaction 558
[2025-03-04T06:21:07.476Z INFO  benchmark_client] Sending sample transaction 559
[2025-03-04T06:21:07.526Z INFO  benchmark_client] Sending sample transaction 560
[2025-03-04T06:21:07.576Z INFO  benchmark_client] Sending sample transaction 561
[2025-03-04T06:21:07.627Z INFO  benchmark_client] Sending sample transaction 562
[2025-03-04T06:21:07.676Z INFO  benchmark_client] Sending sample transaction 563
[2025-03-04T06:21:07.726Z INFO  benchmark_client] Sending sample transaction 564
[2025-03-04T06:21:07.776Z INFO  benchmark_client] Sending sample transaction 565
[2025-03-04T06:21:07.827Z INFO  benchmark_client] Sending sample transaction 566
[2025-03-04T06:21:07.877Z INFO  benchmark_client] Sending sample transaction 567
[2025-03-04T06:21:07.927Z INFO  benchmark_client] Sending sample transaction 568
[2025-03-04T06:21:07.977Z INFO  benchmark_client] Sending sample transaction 569
[2025-03-04T06:21:08.026Z INFO  benchmark_client] Sending sample transaction 570
[2025-03-04T06:21:08.076Z INFO  benchmark_client] Sending sample transaction 571
[2025-03-04T06:21:08.126Z INFO  benchmark_client] Sending sample transaction 572
[2025-03-04T06:21:08.177Z INFO  benchmark_client] Sending sample transaction 573
[2025-03-04T06:21:08.227Z INFO  benchmark_client] Sending sample transaction 574
[2025-03-04T06:21:08.276Z INFO  benchmark_client] Sending sample transaction 575
[2025-03-04T06:21:08.326Z INFO  benchmark_client] Sending sample transaction 576
[2025-03-04T06:21:08.376Z INFO  benchmark_client] Sending sample transaction 577
[2025-03-04T06:21:08.427Z INFO  benchmark_client] Sending sample transaction 578
[2025-03-04T06:21:08.476Z INFO  benchmark_client] Sending sample transaction 579
[2025-03-04T06:21:08.527Z INFO  benchmark_client] Sending sample transaction 580
[2025-03-04T06:21:08.576Z INFO  benchmark_client] Sending sample transaction 581
[2025-03-04T06:21:08.627Z INFO  benchmark_client] Sending sample transaction 582
[2025-03-04T06:21:08.677Z INFO  benchmark_client] Sending sample transaction 583
[2025-03-04T06:21:08.726Z INFO  benchmark_client] Sending sample transaction 584
[2025-03-04T06:21:08.777Z INFO  benchmark_client] Sending sample transaction 585
[2025-03-04T06:21:08.827Z INFO  benchmark_client] Sending sample transaction 586
[2025-03-04T06:21:08.876Z INFO  benchmark_client] Sending sample transaction 587
[2025-03-04T06:21:08.926Z INFO  benchmark_client] Sending sample transaction 588
[2025-03-04T06:21:08.977Z INFO  benchmark_client] Sending sample transaction 589
[2025-03-04T06:21:09.027Z INFO  benchmark_client] Sending sample transaction 590
[2025-03-04T06:21:09.076Z INFO  benchmark_client] Sending sample transaction 591
[2025-03-04T06:21:09.127Z INFO  benchmark_client] Sending sample transaction 592
[2025-03-04T06:21:09.176Z INFO  benchmark_client] Sending sample transaction 593
[2025-03-04T06:21:09.226Z INFO  benchmark_client] Sending sample transaction 594
[2025-03-04T06:21:09.277Z INFO  benchmark_client] Sending sample transaction 595
[2025-03-04T06:21:09.327Z INFO  benchmark_client] Sending sample transaction 596
[2025-03-04T06:21:09.377Z INFO  benchmark_client] Sending sample transaction 597
[2025-03-04T06:21:09.427Z INFO  benchmark_client] Sending sample transaction 598
[2025-03-04T06:21:09.476Z INFO  benchmark_client] Sending sample transaction 599
[2025-03-04T06:21:09.526Z INFO  benchmark_client] Sending sample transaction 600
[2025-03-04T06:21:09.576Z INFO  benchmark_client] Sending sample transaction 601
[2025-03-04T06:21:09.626Z INFO  benchmark_client] Sending sample transaction 602
[2025-03-04T06:21:09.676Z INFO  benchmark_client] Sending sample transaction 603
[2025-03-04T06:21:09.726Z INFO  benchmark_client] Sending sample transaction 604
[2025-03-04T06:21:09.777Z INFO  benchmark_client] Sending sample transaction 605
[2025-03-04T06:21:09.826Z INFO  benchmark_client] Sending sample transaction 606
[2025-03-04T06:21:09.877Z INFO  benchmark_client] Sending sample transaction 607
[2025-03-04T06:21:09.927Z INFO  benchmark_client] Sending sample transaction 608
[2025-03-04T06:21:09.977Z INFO  benchmark_client] Sending sample transaction 609
[2025-03-04T06:21:10.027Z INFO  benchmark_client] Sending sample transaction 610
[2025-03-04T06:21:10.077Z INFO  benchmark_client] Sending sample transaction 611
[2025-03-04T06:21:10.127Z INFO  benchmark_client] Sending sample transaction 612
[2025-03-04T06:21:10.177Z INFO  benchmark_client] Sending sample transaction 613
[2025-03-04T06:21:10.226Z INFO  benchmark_client] Sending sample transaction 614
[2025-03-04T06:21:10.276Z INFO  benchmark_client] Sending sample transaction 615
[2025-03-04T06:21:10.327Z INFO  benchmark_client] Sending sample transaction 616
[2025-03-04T06:21:10.376Z INFO  benchmark_client] Sending sample transaction 617
[2025-03-04T06:21:10.426Z INFO  benchmark_client] Sending sample transaction 618
[2025-03-04T06:21:10.477Z INFO  benchmark_client] Sending sample transaction 619
[2025-03-04T06:21:10.527Z INFO  benchmark_client] Sending sample transaction 620
[2025-03-04T06:21:10.576Z INFO  benchmark_client] Sending sample transaction 621
[2025-03-04T06:21:10.627Z INFO  benchmark_client] Sending sample transaction 622
[2025-03-04T06:21:10.677Z INFO  benchmark_client] Sending sample transaction 623
[2025-03-04T06:21:10.726Z INFO  benchmark_client] Sending sample transaction 624
[2025-03-04T06:21:10.777Z INFO  benchmark_client] Sending sample transaction 625
[2025-03-04T06:21:10.827Z INFO  benchmark_client] Sending sample transaction 626
[2025-03-04T06:21:10.877Z INFO  benchmark_client] Sending sample transaction 627
[2025-03-04T06:21:10.926Z INFO  benchmark_client] Sending sample transaction 628
[2025-03-04T06:21:10.977Z INFO  benchmark_client] Sending sample transaction 629
[2025-03-04T06:21:11.026Z INFO  benchmark_client] Sending sample transaction 630
[2025-03-04T06:21:11.077Z INFO  benchmark_client] Sending sample transaction 631
[2025-03-04T06:21:11.126Z INFO  benchmark_client] Sending sample transaction 632
[2025-03-04T06:21:11.177Z INFO  benchmark_client] Sending sample transaction 633
[2025-03-04T06:21:11.227Z INFO  benchmark_client] Sending sample transaction 634
[2025-03-04T06:21:11.276Z INFO  benchmark_client] Sending sample transaction 635
[2025-03-04T06:21:11.327Z INFO  benchmark_client] Sending sample transaction 636
[2025-03-04T06:21:11.377Z INFO  benchmark_client] Sending sample transaction 637
[2025-03-04T06:21:11.426Z INFO  benchmark_client] Sending sample transaction 638
[2025-03-04T06:21:11.476Z INFO  benchmark_client] Sending sample transaction 639
[2025-03-04T06:21:11.526Z INFO  benchmark_client] Sending sample transaction 640
[2025-03-04T06:21:11.576Z INFO  benchmark_client] Sending sample transaction 641
[2025-03-04T06:21:11.627Z INFO  benchmark_client] Sending sample transaction 642
[2025-03-04T06:21:11.676Z INFO  benchmark_client] Sending sample transaction 643
[2025-03-04T06:21:11.727Z INFO  benchmark_client] Sending sample transaction 644
[2025-03-04T06:21:11.776Z INFO  benchmark_client] Sending sample transaction 645
[2025-03-04T06:21:11.827Z INFO  benchmark_client] Sending sample transaction 646
[2025-03-04T06:21:11.876Z INFO  benchmark_client] Sending sample transaction 647
[2025-03-04T06:21:11.927Z INFO  benchmark_client] Sending sample transaction 648
[2025-03-04T06:21:11.977Z INFO  benchmark_client] Sending sample transaction 649
[2025-03-04T06:21:12.026Z INFO  benchmark_client] Sending sample transaction 650
[2025-03-04T06:21:12.076Z INFO  benchmark_client] Sending sample transaction 651
[2025-03-04T06:21:12.126Z INFO  benchmark_client] Sending sample transaction 652
[2025-03-04T06:21:12.177Z INFO  benchmark_client] Sending sample transaction 653
[2025-03-04T06:21:12.227Z INFO  benchmark_client] Sending sample transaction 654
[2025-03-04T06:21:12.277Z INFO  benchmark_client] Sending sample transaction 655
[2025-03-04T06:21:12.326Z INFO  benchmark_client] Sending sample transaction 656
[2025-03-04T06:21:12.377Z INFO  benchmark_client] Sending sample transaction 657
[2025-03-04T06:21:12.427Z INFO  benchmark_client] Sending sample transaction 658
[2025-03-04T06:21:12.476Z INFO  benchmark_client] Sending sample transaction 659
[2025-03-04T06:21:12.527Z INFO  benchmark_client] Sending sample transaction 660
[2025-03-04T06:21:12.576Z INFO  benchmark_client] Sending sample transaction 661
[2025-03-04T06:21:12.627Z INFO  benchmark_client] Sending sample transaction 662
[2025-03-04T06:21:12.676Z INFO  benchmark_client] Sending sample transaction 663
[2025-03-04T06:21:12.726Z INFO  benchmark_client] Sending sample transaction 664
[2025-03-04T06:21:12.776Z INFO  benchmark_client] Sending sample transaction 665
[2025-03-04T06:21:12.826Z INFO  benchmark_client] Sending sample transaction 666
[2025-03-04T06:21:12.877Z INFO  benchmark_client] Sending sample transaction 667
[2025-03-04T06:21:12.927Z INFO  benchmark_client] Sending sample transaction 668
[2025-03-04T06:21:12.976Z INFO  benchmark_client] Sending sample transaction 669
[2025-03-04T06:21:13.027Z INFO  benchmark_client] Sending sample transaction 670
[2025-03-04T06:21:13.077Z INFO  benchmark_client] Sending sample transaction 671
[2025-03-04T06:21:13.126Z INFO  benchmark_client] Sending sample transaction 672
[2025-03-04T06:21:13.176Z INFO  benchmark_client] Sending sample transaction 673
[2025-03-04T06:21:13.226Z INFO  benchmark_client] Sending sample transaction 674
[2025-03-04T06:21:13.277Z INFO  benchmark_client] Sending sample transaction 675
[2025-03-04T06:21:13.327Z INFO  benchmark_client] Sending sample transaction 676
[2025-03-04T06:21:13.377Z INFO  benchmark_client] Sending sample transaction 677
[2025-03-04T06:21:13.426Z INFO  benchmark_client] Sending sample transaction 678
[2025-03-04T06:21:13.476Z INFO  benchmark_client] Sending sample transaction 679
[2025-03-04T06:21:13.526Z INFO  benchmark_client] Sending sample transaction 680
[2025-03-04T06:21:13.576Z INFO  benchmark_client] Sending sample transaction 681
[2025-03-04T06:21:13.626Z INFO  benchmark_client] Sending sample transaction 682
[2025-03-04T06:21:13.676Z INFO  benchmark_client] Sending sample transaction 683
[2025-03-04T06:21:13.726Z INFO  benchmark_client] Sending sample transaction 684
[2025-03-04T06:21:13.776Z INFO  benchmark_client] Sending sample transaction 685
[2025-03-04T06:21:13.826Z INFO  benchmark_client] Sending sample transaction 686
[2025-03-04T06:21:13.876Z INFO  benchmark_client] Sending sample transaction 687
[2025-03-04T06:21:13.926Z INFO  benchmark_client] Sending sample transaction 688
[2025-03-04T06:21:13.976Z INFO  benchmark_client] Sending sample transaction 689
[2025-03-04T06:21:14.026Z INFO  benchmark_client] Sending sample transaction 690
[2025-03-04T06:21:14.076Z INFO  benchmark_client] Sending sample transaction 691
[2025-03-04T06:21:14.126Z INFO  benchmark_client] Sending sample transaction 692
[2025-03-04T06:21:14.176Z INFO  benchmark_client] Sending sample transaction 693
[2025-03-04T06:21:14.226Z INFO  benchmark_client] Sending sample transaction 694
[2025-03-04T06:21:14.276Z INFO  benchmark_client] Sending sample transaction 695
[2025-03-04T06:21:14.326Z INFO  benchmark_client] Sending sample transaction 696
[2025-03-04T06:21:14.376Z INFO  benchmark_client] Sending sample transaction 697
[2025-03-04T06:21:14.426Z INFO  benchmark_client] Sending sample transaction 698
[2025-03-04T06:21:14.477Z INFO  benchmark_client] Sending sample transaction 699
[2025-03-04T06:21:14.527Z INFO  benchmark_client] Sending sample transaction 700
[2025-03-04T06:21:14.576Z INFO  benchmark_client] Sending sample transaction 701
[2025-03-04T06:21:14.627Z INFO  benchmark_client] Sending sample transaction 702
[2025-03-04T06:21:14.677Z INFO  benchmark_client] Sending sample transaction 703
[2025-03-04T06:21:14.727Z INFO  benchmark_client] Sending sample transaction 704
[2025-03-04T06:21:14.777Z INFO  benchmark_client] Sending sample transaction 705
[2025-03-04T06:21:14.827Z INFO  benchmark_client] Sending sample transaction 706
[2025-03-04T06:21:14.877Z INFO  benchmark_client] Sending sample transaction 707
[2025-03-04T06:21:14.927Z INFO  benchmark_client] Sending sample transaction 708
[2025-03-04T06:21:14.977Z INFO  benchmark_client] Sending sample transaction 709
[2025-03-04T06:21:15.027Z INFO  benchmark_client] Sending sample transaction 710
[2025-03-04T06:21:15.077Z INFO  benchmark_client] Sending sample transaction 711
[2025-03-04T06:21:15.126Z INFO  benchmark_client] Sending sample transaction 712
[2025-03-04T06:21:15.176Z INFO  benchmark_client] Sending sample transaction 713
[2025-03-04T06:21:15.226Z INFO  benchmark_client] Sending sample transaction 714
[2025-03-04T06:21:15.276Z INFO  benchmark_client] Sending sample transaction 715
[2025-03-04T06:21:15.326Z INFO  benchmark_client] Sending sample transaction 716
[2025-03-04T06:21:15.376Z INFO  benchmark_client] Sending sample transaction 717
[2025-03-04T06:21:15.426Z INFO  benchmark_client] Sending sample transaction 718
[2025-03-04T06:21:15.476Z INFO  benchmark_client] Sending sample transaction 719
[2025-03-04T06:21:15.526Z INFO  benchmark_client] Sending sample transaction 720
[2025-03-04T06:21:15.576Z INFO  benchmark_client] Sending sample transaction 721
[2025-03-04T06:21:15.626Z INFO  benchmark_client] Sending sample transaction 722
[2025-03-04T06:21:15.676Z INFO  benchmark_client] Sending sample transaction 723
[2025-03-04T06:21:15.726Z INFO  benchmark_client] Sending sample transaction 724
[2025-03-04T06:21:15.777Z INFO  benchmark_client] Sending sample transaction 725
[2025-03-04T06:21:15.827Z INFO  benchmark_client] Sending sample transaction 726
[2025-03-04T06:21:15.877Z INFO  benchmark_client] Sending sample transaction 727
[2025-03-04T06:21:15.927Z INFO  benchmark_client] Sending sample transaction 728
[2025-03-04T06:21:15.977Z INFO  benchmark_client] Sending sample transaction 729
[2025-03-04T06:21:16.027Z INFO  benchmark_client] Sending sample transaction 730
[2025-03-04T06:21:16.077Z INFO  benchmark_client] Sending sample transaction 731
[2025-03-04T06:21:16.127Z INFO  benchmark_client] Sending sample transaction 732
[2025-03-04T06:21:16.177Z INFO  benchmark_client] Sending sample transaction 733
[2025-03-04T06:21:16.227Z INFO  benchmark_client] Sending sample transaction 734
[2025-03-04T06:21:16.277Z INFO  benchmark_client] Sending sample transaction 735
[2025-03-04T06:21:16.327Z INFO  benchmark_client] Sending sample transaction 736
[2025-03-04T06:21:16.377Z INFO  benchmark_client] Sending sample transaction 737
[2025-03-04T06:21:16.426Z INFO  benchmark_client] Sending sample transaction 738
[2025-03-04T06:21:16.476Z INFO  benchmark_client] Sending sample transaction 739
[2025-03-04T06:21:16.526Z INFO  benchmark_client] Sending sample transaction 740
[2025-03-04T06:21:16.576Z INFO  benchmark_client] Sending sample transaction 741
[2025-03-04T06:21:16.626Z INFO  benchmark_client] Sending sample transaction 742
[2025-03-04T06:21:16.677Z INFO  benchmark_client] Sending sample transaction 743
[2025-03-04T06:21:16.727Z INFO  benchmark_client] Sending sample transaction 744
[2025-03-04T06:21:16.777Z INFO  benchmark_client] Sending sample transaction 745
[2025-03-04T06:21:16.826Z INFO  benchmark_client] Sending sample transaction 746
[2025-03-04T06:21:16.877Z INFO  benchmark_client] Sending sample transaction 747
[2025-03-04T06:21:16.927Z INFO  benchmark_client] Sending sample transaction 748
[2025-03-04T06:21:16.976Z INFO  benchmark_client] Sending sample transaction 749
[2025-03-04T06:21:17.027Z INFO  benchmark_client] Sending sample transaction 750
[2025-03-04T06:21:17.077Z INFO  benchmark_client] Sending sample transaction 751
[2025-03-04T06:21:17.127Z INFO  benchmark_client] Sending sample transaction 752
[2025-03-04T06:21:17.177Z INFO  benchmark_client] Sending sample transaction 753
[2025-03-04T06:21:17.227Z INFO  benchmark_client] Sending sample transaction 754
[2025-03-04T06:21:17.277Z INFO  benchmark_client] Sending sample transaction 755
[2025-03-04T06:21:17.327Z INFO  benchmark_client] Sending sample transaction 756
[2025-03-04T06:21:17.377Z INFO  benchmark_client] Sending sample transaction 757
[2025-03-04T06:21:17.427Z INFO  benchmark_client] Sending sample transaction 758
[2025-03-04T06:21:17.477Z INFO  benchmark_client] Sending sample transaction 759
[2025-03-04T06:21:17.527Z INFO  benchmark_client] Sending sample transaction 760
[2025-03-04T06:21:17.577Z INFO  benchmark_client] Sending sample transaction 761
[2025-03-04T06:21:17.627Z INFO  benchmark_client] Sending sample transaction 762
[2025-03-04T06:21:17.677Z INFO  benchmark_client] Sending sample transaction 763
[2025-03-04T06:21:17.727Z INFO  benchmark_client] Sending sample transaction 764
[2025-03-04T06:21:17.777Z INFO  benchmark_client] Sending sample transaction 765
[2025-03-04T06:21:17.827Z INFO  benchmark_client] Sending sample transaction 766
[2025-03-04T06:21:17.877Z INFO  benchmark_client] Sending sample transaction 767
[2025-03-04T06:21:17.927Z INFO  benchmark_client] Sending sample transaction 768
[2025-03-04T06:21:17.977Z INFO  benchmark_client] Sending sample transaction 769
[2025-03-04T06:21:18.026Z INFO  benchmark_client] Sending sample transaction 770
[2025-03-04T06:21:18.077Z INFO  benchmark_client] Sending sample transaction 771
[2025-03-04T06:21:18.127Z INFO  benchmark_client] Sending sample transaction 772
[2025-03-04T06:21:18.176Z INFO  benchmark_client] Sending sample transaction 773
[2025-03-04T06:21:18.227Z INFO  benchmark_client] Sending sample transaction 774
[2025-03-04T06:21:18.277Z INFO  benchmark_client] Sending sample transaction 775
[2025-03-04T06:21:18.327Z INFO  benchmark_client] Sending sample transaction 776
[2025-03-04T06:21:18.376Z INFO  benchmark_client] Sending sample transaction 777
[2025-03-04T06:21:18.427Z INFO  benchmark_client] Sending sample transaction 778
[2025-03-04T06:21:18.477Z INFO  benchmark_client] Sending sample transaction 779
[2025-03-04T06:21:18.527Z INFO  benchmark_client] Sending sample transaction 780
[2025-03-04T06:21:18.577Z INFO  benchmark_client] Sending sample transaction 781
[2025-03-04T06:21:18.627Z INFO  benchmark_client] Sending sample transaction 782
[2025-03-04T06:21:18.677Z INFO  benchmark_client] Sending sample transaction 783
[2025-03-04T06:21:18.727Z INFO  benchmark_client] Sending sample transaction 784
[2025-03-04T06:21:18.777Z INFO  benchmark_client] Sending sample transaction 785
[2025-03-04T06:21:18.826Z INFO  benchmark_client] Sending sample transaction 786
[2025-03-04T06:21:18.877Z INFO  benchmark_client] Sending sample transaction 787
[2025-03-04T06:21:18.927Z INFO  benchmark_client] Sending sample transaction 788
[2025-03-04T06:21:18.977Z INFO  benchmark_client] Sending sample transaction 789
[2025-03-04T06:21:19.027Z INFO  benchmark_client] Sending sample transaction 790
[2025-03-04T06:21:19.077Z INFO  benchmark_client] Sending sample transaction 791
[2025-03-04T06:21:19.127Z INFO  benchmark_client] Sending sample transaction 792
[2025-03-04T06:21:19.177Z INFO  benchmark_client] Sending sample transaction 793
[2025-03-04T06:21:19.227Z INFO  benchmark_client] Sending sample transaction 794
[2025-03-04T06:21:19.277Z INFO  benchmark_client] Sending sample transaction 795
[2025-03-04T06:21:19.327Z INFO  benchmark_client] Sending sample transaction 796
[2025-03-04T06:21:19.377Z INFO  benchmark_client] Sending sample transaction 797
[2025-03-04T06:21:19.427Z INFO  benchmark_client] Sending sample transaction 798
[2025-03-04T06:21:19.477Z INFO  benchmark_client] Sending sample transaction 799
[2025-03-04T06:21:19.527Z INFO  benchmark_client] Sending sample transaction 800
[2025-03-04T06:21:19.577Z INFO  benchmark_client] Sending sample transaction 801
[2025-03-04T06:21:19.627Z INFO  benchmark_client] Sending sample transaction 802
[2025-03-04T06:21:19.677Z INFO  benchmark_client] Sending sample transaction 803
[2025-03-04T06:21:19.727Z INFO  benchmark_client] Sending sample transaction 804
[2025-03-04T06:21:19.777Z INFO  benchmark_client] Sending sample transaction 805
[2025-03-04T06:21:19.827Z INFO  benchmark_client] Sending sample transaction 806
[2025-03-04T06:21:19.877Z INFO  benchmark_client] Sending sample transaction 807
[2025-03-04T06:21:19.927Z INFO  benchmark_client] Sending sample transaction 808
[2025-03-04T06:21:19.977Z INFO  benchmark_client] Sending sample transaction 809
[2025-03-04T06:21:20.027Z INFO  benchmark_client] Sending sample transaction 810
[2025-03-04T06:21:20.077Z INFO  benchmark_client] Sending sample transaction 811
[2025-03-04T06:21:20.127Z INFO  benchmark_client] Sending sample transaction 812
[2025-03-04T06:21:20.177Z INFO  benchmark_client] Sending sample transaction 813
[2025-03-04T06:21:20.227Z INFO  benchmark_client] Sending sample transaction 814
[2025-03-04T06:21:20.277Z INFO  benchmark_client] Sending sample transaction 815
[2025-03-04T06:21:20.327Z INFO  benchmark_client] Sending sample transaction 816
[2025-03-04T06:21:20.376Z INFO  benchmark_client] Sending sample transaction 817
[2025-03-04T06:21:20.427Z INFO  benchmark_client] Sending sample transaction 818
[2025-03-04T06:21:20.477Z INFO  benchmark_client] Sending sample transaction 819
[2025-03-04T06:21:20.527Z INFO  benchmark_client] Sending sample transaction 820
[2025-03-04T06:21:20.576Z INFO  benchmark_client] Sending sample transaction 821
[2025-03-04T06:21:20.627Z INFO  benchmark_client] Sending sample transaction 822
[2025-03-04T06:21:20.676Z INFO  benchmark_client] Sending sample transaction 823
[2025-03-04T06:21:20.727Z INFO  benchmark_client] Sending sample transaction 824
[2025-03-04T06:21:20.777Z INFO  benchmark_client] Sending sample transaction 825
[2025-03-04T06:21:20.827Z INFO  benchmark_client] Sending sample transaction 826
[2025-03-04T06:21:20.877Z INFO  benchmark_client] Sending sample transaction 827
[2025-03-04T06:21:20.927Z INFO  benchmark_client] Sending sample transaction 828
[2025-03-04T06:21:20.977Z INFO  benchmark_client] Sending sample transaction 829
[2025-03-04T06:21:21.027Z INFO  benchmark_client] Sending sample transaction 830
[2025-03-04T06:21:21.077Z INFO  benchmark_client] Sending sample transaction 831
[2025-03-04T06:21:21.127Z INFO  benchmark_client] Sending sample transaction 832
[2025-03-04T06:21:21.177Z INFO  benchmark_client] Sending sample transaction 833
[2025-03-04T06:21:21.227Z INFO  benchmark_client] Sending sample transaction 834
[2025-03-04T06:21:21.277Z INFO  benchmark_client] Sending sample transaction 835
[2025-03-04T06:21:21.327Z INFO  benchmark_client] Sending sample transaction 836
[2025-03-04T06:21:21.377Z INFO  benchmark_client] Sending sample transaction 837
[2025-03-04T06:21:21.427Z INFO  benchmark_client] Sending sample transaction 838
[2025-03-04T06:21:21.477Z INFO  benchmark_client] Sending sample transaction 839
[2025-03-04T06:21:21.527Z INFO  benchmark_client] Sending sample transaction 840
[2025-03-04T06:21:21.577Z INFO  benchmark_client] Sending sample transaction 841
[2025-03-04T06:21:21.627Z INFO  benchmark_client] Sending sample transaction 842
[2025-03-04T06:21:21.677Z INFO  benchmark_client] Sending sample transaction 843
[2025-03-04T06:21:21.727Z INFO  benchmark_client] Sending sample transaction 844
[2025-03-04T06:21:21.777Z INFO  benchmark_client] Sending sample transaction 845
[2025-03-04T06:21:21.827Z INFO  benchmark_client] Sending sample transaction 846
[2025-03-04T06:21:21.877Z INFO  benchmark_client] Sending sample transaction 847
[2025-03-04T06:21:21.927Z INFO  benchmark_client] Sending sample transaction 848
[2025-03-04T06:21:21.977Z INFO  benchmark_client] Sending sample transaction 849
[2025-03-04T06:21:22.027Z INFO  benchmark_client] Sending sample transaction 850
[2025-03-04T06:21:22.078Z INFO  benchmark_client] Sending sample transaction 851
[2025-03-04T06:21:22.127Z INFO  benchmark_client] Sending sample transaction 852
[2025-03-04T06:21:22.178Z INFO  benchmark_client] Sending sample transaction 853
[2025-03-04T06:21:22.227Z INFO  benchmark_client] Sending sample transaction 854
[2025-03-04T06:21:22.277Z INFO  benchmark_client] Sending sample transaction 855
[2025-03-04T06:21:22.327Z INFO  benchmark_client] Sending sample transaction 856
[2025-03-04T06:21:22.377Z INFO  benchmark_client] Sending sample transaction 857
[2025-03-04T06:21:22.427Z INFO  benchmark_client] Sending sample transaction 858
[2025-03-04T06:21:22.478Z INFO  benchmark_client] Sending sample transaction 859
[2025-03-04T06:21:22.527Z INFO  benchmark_client] Sending sample transaction 860
[2025-03-04T06:21:22.577Z INFO  benchmark_client] Sending sample transaction 861
[2025-03-04T06:21:22.627Z INFO  benchmark_client] Sending sample transaction 862
[2025-03-04T06:21:22.677Z INFO  benchmark_client] Sending sample transaction 863
[2025-03-04T06:21:22.728Z INFO  benchmark_client] Sending sample transaction 864
[2025-03-04T06:21:22.777Z INFO  benchmark_client] Sending sample transaction 865
[2025-03-04T06:21:22.827Z INFO  benchmark_client] Sending sample transaction 866
[2025-03-04T06:21:22.877Z INFO  benchmark_client] Sending sample transaction 867
[2025-03-04T06:21:22.927Z INFO  benchmark_client] Sending sample transaction 868
[2025-03-04T06:21:22.977Z INFO  benchmark_client] Sending sample transaction 869
[2025-03-04T06:21:23.027Z INFO  benchmark_client] Sending sample transaction 870
[2025-03-04T06:21:23.077Z INFO  benchmark_client] Sending sample transaction 871
[2025-03-04T06:21:23.127Z INFO  benchmark_client] Sending sample transaction 872
[2025-03-04T06:21:23.177Z INFO  benchmark_client] Sending sample transaction 873
[2025-03-04T06:21:23.227Z INFO  benchmark_client] Sending sample transaction 874
[2025-03-04T06:21:23.277Z INFO  benchmark_client] Sending sample transaction 875
[2025-03-04T06:21:23.327Z INFO  benchmark_client] Sending sample transaction 876
[2025-03-04T06:21:23.377Z INFO  benchmark_client] Sending sample transaction 877
[2025-03-04T06:21:23.427Z INFO  benchmark_client] Sending sample transaction 878
[2025-03-04T06:21:23.477Z INFO  benchmark_client] Sending sample transaction 879
[2025-03-04T06:21:23.527Z INFO  benchmark_client] Sending sample transaction 880
[2025-03-04T06:21:23.577Z INFO  benchmark_client] Sending sample transaction 881
[2025-03-04T06:21:23.627Z INFO  benchmark_client] Sending sample transaction 882
[2025-03-04T06:21:23.677Z INFO  benchmark_client] Sending sample transaction 883
[2025-03-04T06:21:23.727Z INFO  benchmark_client] Sending sample transaction 884
[2025-03-04T06:21:23.777Z INFO  benchmark_client] Sending sample transaction 885
[2025-03-04T06:21:23.828Z INFO  benchmark_client] Sending sample transaction 886
[2025-03-04T06:21:23.877Z INFO  benchmark_client] Sending sample transaction 887
[2025-03-04T06:21:23.927Z INFO  benchmark_client] Sending sample transaction 888
[2025-03-04T06:21:23.977Z INFO  benchmark_client] Sending sample transaction 889
[2025-03-04T06:21:24.026Z INFO  benchmark_client] Sending sample transaction 890
[2025-03-04T06:21:24.078Z INFO  benchmark_client] Sending sample transaction 891
[2025-03-04T06:21:24.127Z INFO  benchmark_client] Sending sample transaction 892
[2025-03-04T06:21:24.177Z INFO  benchmark_client] Sending sample transaction 893
[2025-03-04T06:21:24.227Z INFO  benchmark_client] Sending sample transaction 894
[2025-03-04T06:21:24.277Z INFO  benchmark_client] Sending sample transaction 895
[2025-03-04T06:21:24.327Z INFO  benchmark_client] Sending sample transaction 896
[2025-03-04T06:21:24.377Z INFO  benchmark_client] Sending sample transaction 897
[2025-03-04T06:21:24.427Z INFO  benchmark_client] Sending sample transaction 898
[2025-03-04T06:21:24.477Z INFO  benchmark_client] Sending sample transaction 899
[2025-03-04T06:21:24.527Z INFO  benchmark_client] Sending sample transaction 900
[2025-03-04T06:21:24.578Z INFO  benchmark_client] Sending sample transaction 901
[2025-03-04T06:21:24.627Z INFO  benchmark_client] Sending sample transaction 902
[2025-03-04T06:21:24.677Z INFO  benchmark_client] Sending sample transaction 903
[2025-03-04T06:21:24.728Z INFO  benchmark_client] Sending sample transaction 904
[2025-03-04T06:21:24.777Z INFO  benchmark_client] Sending sample transaction 905
[2025-03-04T06:21:24.828Z INFO  benchmark_client] Sending sample transaction 906
[2025-03-04T06:21:24.877Z INFO  benchmark_client] Sending sample transaction 907
[2025-03-04T06:21:24.928Z INFO  benchmark_client] Sending sample transaction 908
[2025-03-04T06:21:24.977Z INFO  benchmark_client] Sending sample transaction 909
[2025-03-04T06:21:25.027Z INFO  benchmark_client] Sending sample transaction 910
[2025-03-04T06:21:25.077Z INFO  benchmark_client] Sending sample transaction 911
[2025-03-04T06:21:25.127Z INFO  benchmark_client] Sending sample transaction 912
[2025-03-04T06:21:25.177Z INFO  benchmark_client] Sending sample transaction 913
[2025-03-04T06:21:25.227Z INFO  benchmark_client] Sending sample transaction 914
[2025-03-04T06:21:25.277Z INFO  benchmark_client] Sending sample transaction 915
[2025-03-04T06:21:25.327Z INFO  benchmark_client] Sending sample transaction 916
[2025-03-04T06:21:25.377Z INFO  benchmark_client] Sending sample transaction 917
[2025-03-04T06:21:25.427Z INFO  benchmark_client] Sending sample transaction 918
[2025-03-04T06:21:25.477Z INFO  benchmark_client] Sending sample transaction 919
[2025-03-04T06:21:25.527Z INFO  benchmark_client] Sending sample transaction 920
[2025-03-04T06:21:25.577Z INFO  benchmark_client] Sending sample transaction 921
[2025-03-04T06:21:25.627Z INFO  benchmark_client] Sending sample transaction 922
[2025-03-04T06:21:25.678Z INFO  benchmark_client] Sending sample transaction 923
[2025-03-04T06:21:25.727Z INFO  benchmark_client] Sending sample transaction 924
[2025-03-04T06:21:25.778Z INFO  benchmark_client] Sending sample transaction 925
[2025-03-04T06:21:25.827Z INFO  benchmark_client] Sending sample transaction 926
[2025-03-04T06:21:25.877Z INFO  benchmark_client] Sending sample transaction 927
[2025-03-04T06:21:25.928Z INFO  benchmark_client] Sending sample transaction 928
[2025-03-04T06:21:25.978Z INFO  benchmark_client] Sending sample transaction 929
[2025-03-04T06:21:26.027Z INFO  benchmark_client] Sending sample transaction 930
[2025-03-04T06:21:26.077Z INFO  benchmark_client] Sending sample transaction 931
[2025-03-04T06:21:26.127Z INFO  benchmark_client] Sending sample transaction 932
[2025-03-04T06:21:26.177Z INFO  benchmark_client] Sending sample transaction 933
[2025-03-04T06:21:26.227Z INFO  benchmark_client] Sending sample transaction 934
[2025-03-04T06:21:26.277Z INFO  benchmark_client] Sending sample transaction 935
[2025-03-04T06:21:26.327Z INFO  benchmark_client] Sending sample transaction 936
[2025-03-04T06:21:26.378Z INFO  benchmark_client] Sending sample transaction 937
[2025-03-04T06:21:26.427Z INFO  benchmark_client] Sending sample transaction 938
[2025-03-04T06:21:26.477Z INFO  benchmark_client] Sending sample transaction 939
[2025-03-04T06:21:26.527Z INFO  benchmark_client] Sending sample transaction 940
[2025-03-04T06:21:26.577Z INFO  benchmark_client] Sending sample transaction 941
[2025-03-04T06:21:26.627Z INFO  benchmark_client] Sending sample transaction 942
[2025-03-04T06:21:26.678Z INFO  benchmark_client] Sending sample transaction 943
[2025-03-04T06:21:26.727Z INFO  benchmark_client] Sending sample transaction 944
[2025-03-04T06:21:26.778Z INFO  benchmark_client] Sending sample transaction 945
[2025-03-04T06:21:26.827Z INFO  benchmark_client] Sending sample transaction 946
[2025-03-04T06:21:26.877Z INFO  benchmark_client] Sending sample transaction 947
[2025-03-04T06:21:26.927Z INFO  benchmark_client] Sending sample transaction 948
[2025-03-04T06:21:26.977Z INFO  benchmark_client] Sending sample transaction 949
[2025-03-04T06:21:27.027Z INFO  benchmark_client] Sending sample transaction 950
[2025-03-04T06:21:27.077Z INFO  benchmark_client] Sending sample transaction 951
[2025-03-04T06:21:27.127Z INFO  benchmark_client] Sending sample transaction 952
[2025-03-04T06:21:27.177Z INFO  benchmark_client] Sending sample transaction 953
[2025-03-04T06:21:27.227Z INFO  benchmark_client] Sending sample transaction 954
[2025-03-04T06:21:27.278Z INFO  benchmark_client] Sending sample transaction 955
[2025-03-04T06:21:27.327Z INFO  benchmark_client] Sending sample transaction 956
[2025-03-04T06:21:27.377Z INFO  benchmark_client] Sending sample transaction 957
[2025-03-04T06:21:27.427Z INFO  benchmark_client] Sending sample transaction 958
[2025-03-04T06:21:27.477Z INFO  benchmark_client] Sending sample transaction 959
[2025-03-04T06:21:27.527Z INFO  benchmark_client] Sending sample transaction 960
[2025-03-04T06:21:27.578Z INFO  benchmark_client] Sending sample transaction 961
[2025-03-04T06:21:27.627Z INFO  benchmark_client] Sending sample transaction 962
[2025-03-04T06:21:27.677Z INFO  benchmark_client] Sending sample transaction 963
[2025-03-04T06:21:27.727Z INFO  benchmark_client] Sending sample transaction 964
[2025-03-04T06:21:27.777Z INFO  benchmark_client] Sending sample transaction 965
[2025-03-04T06:21:27.828Z INFO  benchmark_client] Sending sample transaction 966
[2025-03-04T06:21:27.877Z INFO  benchmark_client] Sending sample transaction 967
[2025-03-04T06:21:27.927Z INFO  benchmark_client] Sending sample transaction 968
[2025-03-04T06:21:27.976Z INFO  benchmark_client] Sending sample transaction 969
[2025-03-04T06:21:28.028Z INFO  benchmark_client] Sending sample transaction 970
[2025-03-04T06:21:28.077Z INFO  benchmark_client] Sending sample transaction 971
[2025-03-04T06:21:28.128Z INFO  benchmark_client] Sending sample transaction 972
[2025-03-04T06:21:28.177Z INFO  benchmark_client] Sending sample transaction 973
[2025-03-04T06:21:28.228Z INFO  benchmark_client] Sending sample transaction 974
[2025-03-04T06:21:28.277Z INFO  benchmark_client] Sending sample transaction 975
[2025-03-04T06:21:28.327Z INFO  benchmark_client] Sending sample transaction 976
[2025-03-04T06:21:28.378Z INFO  benchmark_client] Sending sample transaction 977
[2025-03-04T06:21:28.427Z INFO  benchmark_client] Sending sample transaction 978
[2025-03-04T06:21:28.477Z INFO  benchmark_client] Sending sample transaction 979
[2025-03-04T06:21:28.527Z INFO  benchmark_client] Sending sample transaction 980
[2025-03-04T06:21:28.578Z INFO  benchmark_client] Sending sample transaction 981
[2025-03-04T06:21:28.627Z INFO  benchmark_client] Sending sample transaction 982
[2025-03-04T06:21:28.677Z INFO  benchmark_client] Sending sample transaction 983
[2025-03-04T06:21:28.728Z INFO  benchmark_client] Sending sample transaction 984
[2025-03-04T06:21:28.777Z INFO  benchmark_client] Sending sample transaction 985
[2025-03-04T06:21:28.827Z INFO  benchmark_client] Sending sample transaction 986
[2025-03-04T06:21:28.878Z INFO  benchmark_client] Sending sample transaction 987
[2025-03-04T06:21:28.927Z INFO  benchmark_client] Sending sample transaction 988
[2025-03-04T06:21:28.977Z INFO  benchmark_client] Sending sample transaction 989
[2025-03-04T06:21:29.027Z INFO  benchmark_client] Sending sample transaction 990
[2025-03-04T06:21:29.078Z INFO  benchmark_client] Sending sample transaction 991
[2025-03-04T06:21:29.127Z INFO  benchmark_client] Sending sample transaction 992
[2025-03-04T06:21:29.177Z INFO  benchmark_client] Sending sample transaction 993
[2025-03-04T06:21:29.228Z INFO  benchmark_client] Sending sample transaction 994
[2025-03-04T06:21:29.277Z INFO  benchmark_client] Sending sample transaction 995
[2025-03-04T06:21:29.327Z INFO  benchmark_client] Sending sample transaction 996
[2025-03-04T06:21:29.377Z INFO  benchmark_client] Sending sample transaction 997
[2025-03-04T06:21:29.427Z INFO  benchmark_client] Sending sample transaction 998
[2025-03-04T06:21:29.478Z INFO  benchmark_client] Sending sample transaction 999
[2025-03-04T06:21:29.526Z INFO  benchmark_client] Sending sample transaction 1000
[2025-03-04T06:21:29.576Z INFO  benchmark_client] Sending sample transaction 1001
[2025-03-04T06:21:29.626Z INFO  benchmark_client] Sending sample transaction 1002
[2025-03-04T06:21:29.676Z INFO  benchmark_client] Sending sample transaction 1003
[2025-03-04T06:21:29.726Z INFO  benchmark_client] Sending sample transaction 1004
[2025-03-04T06:21:29.776Z INFO  benchmark_client] Sending sample transaction 1005
[2025-03-04T06:21:29.826Z INFO  benchmark_client] Sending sample transaction 1006
[2025-03-04T06:21:29.876Z INFO  benchmark_client] Sending sample transaction 1007
[2025-03-04T06:21:29.926Z INFO  benchmark_client] Sending sample transaction 1008
[2025-03-04T06:21:29.976Z INFO  benchmark_client] Sending sample transaction 1009
[2025-03-04T06:21:30.026Z INFO  benchmark_client] Sending sample transaction 1010
[2025-03-04T06:21:30.077Z INFO  benchmark_client] Sending sample transaction 1011
[2025-03-04T06:21:30.126Z INFO  benchmark_client] Sending sample transaction 1012
[2025-03-04T06:21:30.177Z INFO  benchmark_client] Sending sample transaction 1013
[2025-03-04T06:21:30.226Z INFO  benchmark_client] Sending sample transaction 1014
[2025-03-04T06:21:30.276Z INFO  benchmark_client] Sending sample transaction 1015
[2025-03-04T06:21:30.326Z INFO  benchmark_client] Sending sample transaction 1016
[2025-03-04T06:21:30.376Z INFO  benchmark_client] Sending sample transaction 1017
[2025-03-04T06:21:30.426Z INFO  benchmark_client] Sending sample transaction 1018
[2025-03-04T06:21:30.476Z INFO  benchmark_client] Sending sample transaction 1019
[2025-03-04T06:21:30.526Z INFO  benchmark_client] Sending sample transaction 1020
[2025-03-04T06:21:30.576Z INFO  benchmark_client] Sending sample transaction 1021
[2025-03-04T06:21:30.626Z INFO  benchmark_client] Sending sample transaction 1022
[2025-03-04T06:21:30.676Z INFO  benchmark_client] Sending sample transaction 1023
[2025-03-04T06:21:30.726Z INFO  benchmark_client] Sending sample transaction 1024
[2025-03-04T06:21:30.776Z INFO  benchmark_client] Sending sample transaction 1025
[2025-03-04T06:21:30.827Z INFO  benchmark_client] Sending sample transaction 1026
[2025-03-04T06:21:30.877Z INFO  benchmark_client] Sending sample transaction 1027
[2025-03-04T06:21:30.926Z INFO  benchmark_client] Sending sample transaction 1028
[2025-03-04T06:21:30.977Z INFO  benchmark_client] Sending sample transaction 1029
[2025-03-04T06:21:31.027Z INFO  benchmark_client] Sending sample transaction 1030
[2025-03-04T06:21:31.076Z INFO  benchmark_client] Sending sample transaction 1031
[2025-03-04T06:21:31.127Z INFO  benchmark_client] Sending sample transaction 1032
[2025-03-04T06:21:31.177Z INFO  benchmark_client] Sending sample transaction 1033
[2025-03-04T06:21:31.227Z INFO  benchmark_client] Sending sample transaction 1034
[2025-03-04T06:21:31.277Z INFO  benchmark_client] Sending sample transaction 1035
[2025-03-04T06:21:31.326Z INFO  benchmark_client] Sending sample transaction 1036
[2025-03-04T06:21:31.376Z INFO  benchmark_client] Sending sample transaction 1037
[2025-03-04T06:21:31.426Z INFO  benchmark_client] Sending sample transaction 1038
[2025-03-04T06:21:31.477Z INFO  benchmark_client] Sending sample transaction 1039
[2025-03-04T06:21:31.526Z INFO  benchmark_client] Sending sample transaction 1040
[2025-03-04T06:21:31.577Z INFO  benchmark_client] Sending sample transaction 1041
[2025-03-04T06:21:31.626Z INFO  benchmark_client] Sending sample transaction 1042
[2025-03-04T06:21:31.677Z INFO  benchmark_client] Sending sample transaction 1043
[2025-03-04T06:21:31.726Z INFO  benchmark_client] Sending sample transaction 1044
[2025-03-04T06:21:31.776Z INFO  benchmark_client] Sending sample transaction 1045
[2025-03-04T06:21:31.826Z INFO  benchmark_client] Sending sample transaction 1046
[2025-03-04T06:21:31.876Z INFO  benchmark_client] Sending sample transaction 1047
[2025-03-04T06:21:31.926Z INFO  benchmark_client] Sending sample transaction 1048
[2025-03-04T06:21:31.976Z INFO  benchmark_client] Sending sample transaction 1049
[2025-03-04T06:21:32.026Z INFO  benchmark_client] Sending sample transaction 1050
[2025-03-04T06:21:32.076Z INFO  benchmark_client] Sending sample transaction 1051
[2025-03-04T06:21:32.126Z INFO  benchmark_client] Sending sample transaction 1052
[2025-03-04T06:21:32.176Z INFO  benchmark_client] Sending sample transaction 1053
[2025-03-04T06:21:32.226Z INFO  benchmark_client] Sending sample transaction 1054
[2025-03-04T06:21:32.276Z INFO  benchmark_client] Sending sample transaction 1055
[2025-03-04T06:21:32.326Z INFO  benchmark_client] Sending sample transaction 1056
[2025-03-04T06:21:32.376Z INFO  benchmark_client] Sending sample transaction 1057
[2025-03-04T06:21:32.427Z INFO  benchmark_client] Sending sample transaction 1058
[2025-03-04T06:21:32.476Z INFO  benchmark_client] Sending sample transaction 1059
[2025-03-04T06:21:32.526Z INFO  benchmark_client] Sending sample transaction 1060
[2025-03-04T06:21:32.576Z INFO  benchmark_client] Sending sample transaction 1061
[2025-03-04T06:21:32.626Z INFO  benchmark_client] Sending sample transaction 1062
[2025-03-04T06:21:32.676Z INFO  benchmark_client] Sending sample transaction 1063
[2025-03-04T06:21:32.726Z INFO  benchmark_client] Sending sample transaction 1064
[2025-03-04T06:21:32.776Z INFO  benchmark_client] Sending sample transaction 1065
[2025-03-04T06:21:32.826Z INFO  benchmark_client] Sending sample transaction 1066
[2025-03-04T06:21:32.876Z INFO  benchmark_client] Sending sample transaction 1067
[2025-03-04T06:21:32.926Z INFO  benchmark_client] Sending sample transaction 1068
[2025-03-04T06:21:32.976Z INFO  benchmark_client] Sending sample transaction 1069
[2025-03-04T06:21:33.026Z INFO  benchmark_client] Sending sample transaction 1070
[2025-03-04T06:21:33.076Z INFO  benchmark_client] Sending sample transaction 1071
[2025-03-04T06:21:33.126Z INFO  benchmark_client] Sending sample transaction 1072
[2025-03-04T06:21:33.176Z INFO  benchmark_client] Sending sample transaction 1073
[2025-03-04T06:21:33.226Z INFO  benchmark_client] Sending sample transaction 1074
[2025-03-04T06:21:33.276Z INFO  benchmark_client] Sending sample transaction 1075
[2025-03-04T06:21:33.326Z INFO  benchmark_client] Sending sample transaction 1076
[2025-03-04T06:21:33.376Z INFO  benchmark_client] Sending sample transaction 1077
[2025-03-04T06:21:33.426Z INFO  benchmark_client] Sending sample transaction 1078
[2025-03-04T06:21:33.477Z INFO  benchmark_client] Sending sample transaction 1079
[2025-03-04T06:21:33.527Z INFO  benchmark_client] Sending sample transaction 1080
[2025-03-04T06:21:33.577Z INFO  benchmark_client] Sending sample transaction 1081
[2025-03-04T06:21:33.627Z INFO  benchmark_client] Sending sample transaction 1082
[2025-03-04T06:21:33.677Z INFO  benchmark_client] Sending sample transaction 1083
[2025-03-04T06:21:33.727Z INFO  benchmark_client] Sending sample transaction 1084
[2025-03-04T06:21:33.777Z INFO  benchmark_client] Sending sample transaction 1085
[2025-03-04T06:21:33.826Z INFO  benchmark_client] Sending sample transaction 1086
[2025-03-04T06:21:33.876Z INFO  benchmark_client] Sending sample transaction 1087
[2025-03-04T06:21:33.926Z INFO  benchmark_client] Sending sample transaction 1088
[2025-03-04T06:21:33.976Z INFO  benchmark_client] Sending sample transaction 1089
[2025-03-04T06:21:34.026Z INFO  benchmark_client] Sending sample transaction 1090
[2025-03-04T06:21:34.077Z INFO  benchmark_client] Sending sample transaction 1091
[2025-03-04T06:21:34.127Z INFO  benchmark_client] Sending sample transaction 1092
[2025-03-04T06:21:34.176Z INFO  benchmark_client] Sending sample transaction 1093
[2025-03-04T06:21:34.227Z INFO  benchmark_client] Sending sample transaction 1094
[2025-03-04T06:21:34.277Z INFO  benchmark_client] Sending sample transaction 1095
[2025-03-04T06:21:34.326Z INFO  benchmark_client] Sending sample transaction 1096
[2025-03-04T06:21:34.377Z INFO  benchmark_client] Sending sample transaction 1097
[2025-03-04T06:21:34.426Z INFO  benchmark_client] Sending sample transaction 1098
[2025-03-04T06:21:34.477Z INFO  benchmark_client] Sending sample transaction 1099
[2025-03-04T06:21:34.527Z INFO  benchmark_client] Sending sample transaction 1100
[2025-03-04T06:21:34.577Z INFO  benchmark_client] Sending sample transaction 1101
[2025-03-04T06:21:34.626Z INFO  benchmark_client] Sending sample transaction 1102
[2025-03-04T06:21:34.676Z INFO  benchmark_client] Sending sample transaction 1103
[2025-03-04T06:21:34.726Z INFO  benchmark_client] Sending sample transaction 1104
[2025-03-04T06:21:34.776Z INFO  benchmark_client] Sending sample transaction 1105
[2025-03-04T06:21:34.827Z INFO  benchmark_client] Sending sample transaction 1106
[2025-03-04T06:21:34.876Z INFO  benchmark_client] Sending sample transaction 1107
[2025-03-04T06:21:34.927Z INFO  benchmark_client] Sending sample transaction 1108
[2025-03-04T06:21:34.977Z INFO  benchmark_client] Sending sample transaction 1109
[2025-03-04T06:21:35.026Z INFO  benchmark_client] Sending sample transaction 1110
[2025-03-04T06:21:35.077Z INFO  benchmark_client] Sending sample transaction 1111
[2025-03-04T06:21:35.127Z INFO  benchmark_client] Sending sample transaction 1112
[2025-03-04T06:21:35.177Z INFO  benchmark_client] Sending sample transaction 1113
[2025-03-04T06:21:35.226Z INFO  benchmark_client] Sending sample transaction 1114
[2025-03-04T06:21:35.277Z INFO  benchmark_client] Sending sample transaction 1115
[2025-03-04T06:21:35.326Z INFO  benchmark_client] Sending sample transaction 1116
[2025-03-04T06:21:35.376Z INFO  benchmark_client] Sending sample transaction 1117
[2025-03-04T06:21:35.426Z INFO  benchmark_client] Sending sample transaction 1118
[2025-03-04T06:21:35.476Z INFO  benchmark_client] Sending sample transaction 1119
[2025-03-04T06:21:35.527Z INFO  benchmark_client] Sending sample transaction 1120
[2025-03-04T06:21:35.577Z INFO  benchmark_client] Sending sample transaction 1121
[2025-03-04T06:21:35.626Z INFO  benchmark_client] Sending sample transaction 1122
[2025-03-04T06:21:35.677Z INFO  benchmark_client] Sending sample transaction 1123
[2025-03-04T06:21:35.726Z INFO  benchmark_client] Sending sample transaction 1124
[2025-03-04T06:21:35.777Z INFO  benchmark_client] Sending sample transaction 1125
[2025-03-04T06:21:35.826Z INFO  benchmark_client] Sending sample transaction 1126
[2025-03-04T06:21:35.877Z INFO  benchmark_client] Sending sample transaction 1127
[2025-03-04T06:21:35.927Z INFO  benchmark_client] Sending sample transaction 1128
[2025-03-04T06:21:35.977Z INFO  benchmark_client] Sending sample transaction 1129
[2025-03-04T06:21:36.027Z INFO  benchmark_client] Sending sample transaction 1130
[2025-03-04T06:21:36.077Z INFO  benchmark_client] Sending sample transaction 1131
[2025-03-04T06:21:36.126Z INFO  benchmark_client] Sending sample transaction 1132
[2025-03-04T06:21:36.176Z INFO  benchmark_client] Sending sample transaction 1133
[2025-03-04T06:21:36.226Z INFO  benchmark_client] Sending sample transaction 1134
[2025-03-04T06:21:36.276Z INFO  benchmark_client] Sending sample transaction 1135
[2025-03-04T06:21:36.327Z INFO  benchmark_client] Sending sample transaction 1136
[2025-03-04T06:21:36.377Z INFO  benchmark_client] Sending sample transaction 1137
[2025-03-04T06:21:36.427Z INFO  benchmark_client] Sending sample transaction 1138
[2025-03-04T06:21:36.477Z INFO  benchmark_client] Sending sample transaction 1139
[2025-03-04T06:21:36.527Z INFO  benchmark_client] Sending sample transaction 1140
[2025-03-04T06:21:36.576Z INFO  benchmark_client] Sending sample transaction 1141
[2025-03-04T06:21:36.626Z INFO  benchmark_client] Sending sample transaction 1142
[2025-03-04T06:21:36.677Z INFO  benchmark_client] Sending sample transaction 1143
[2025-03-04T06:21:36.726Z INFO  benchmark_client] Sending sample transaction 1144
[2025-03-04T06:21:36.776Z INFO  benchmark_client] Sending sample transaction 1145
[2025-03-04T06:21:36.827Z INFO  benchmark_client] Sending sample transaction 1146
[2025-03-04T06:21:36.876Z INFO  benchmark_client] Sending sample transaction 1147
[2025-03-04T06:21:36.927Z INFO  benchmark_client] Sending sample transaction 1148
[2025-03-04T06:21:36.977Z INFO  benchmark_client] Sending sample transaction 1149
[2025-03-04T06:21:37.026Z INFO  benchmark_client] Sending sample transaction 1150
[2025-03-04T06:21:37.077Z INFO  benchmark_client] Sending sample transaction 1151
[2025-03-04T06:21:37.126Z INFO  benchmark_client] Sending sample transaction 1152
[2025-03-04T06:21:37.177Z INFO  benchmark_client] Sending sample transaction 1153
[2025-03-04T06:21:37.226Z INFO  benchmark_client] Sending sample transaction 1154
[2025-03-04T06:21:37.277Z INFO  benchmark_client] Sending sample transaction 1155
[2025-03-04T06:21:37.327Z INFO  benchmark_client] Sending sample transaction 1156
[2025-03-04T06:21:37.376Z INFO  benchmark_client] Sending sample transaction 1157
[2025-03-04T06:21:37.427Z INFO  benchmark_client] Sending sample transaction 1158
[2025-03-04T06:21:37.477Z INFO  benchmark_client] Sending sample transaction 1159
[2025-03-04T06:21:37.526Z INFO  benchmark_client] Sending sample transaction 1160
[2025-03-04T06:21:37.576Z INFO  benchmark_client] Sending sample transaction 1161
[2025-03-04T06:21:37.627Z INFO  benchmark_client] Sending sample transaction 1162
[2025-03-04T06:21:37.677Z INFO  benchmark_client] Sending sample transaction 1163
[2025-03-04T06:21:37.727Z INFO  benchmark_client] Sending sample transaction 1164
[2025-03-04T06:21:37.776Z INFO  benchmark_client] Sending sample transaction 1165
[2025-03-04T06:21:37.827Z INFO  benchmark_client] Sending sample transaction 1166
[2025-03-04T06:21:37.877Z INFO  benchmark_client] Sending sample transaction 1167
[2025-03-04T06:21:37.926Z INFO  benchmark_client] Sending sample transaction 1168
[2025-03-04T06:21:37.977Z INFO  benchmark_client] Sending sample transaction 1169
[2025-03-04T06:21:38.027Z INFO  benchmark_client] Sending sample transaction 1170
[2025-03-04T06:21:38.077Z INFO  benchmark_client] Sending sample transaction 1171
[2025-03-04T06:21:38.127Z INFO  benchmark_client] Sending sample transaction 1172
[2025-03-04T06:21:38.176Z INFO  benchmark_client] Sending sample transaction 1173
[2025-03-04T06:21:38.227Z INFO  benchmark_client] Sending sample transaction 1174
[2025-03-04T06:21:38.276Z INFO  benchmark_client] Sending sample transaction 1175
[2025-03-04T06:21:38.326Z INFO  benchmark_client] Sending sample transaction 1176
[2025-03-04T06:21:38.377Z INFO  benchmark_client] Sending sample transaction 1177
[2025-03-04T06:21:38.426Z INFO  benchmark_client] Sending sample transaction 1178
[2025-03-04T06:21:38.477Z INFO  benchmark_client] Sending sample transaction 1179
[2025-03-04T06:21:38.526Z INFO  benchmark_client] Sending sample transaction 1180
[2025-03-04T06:21:38.576Z INFO  benchmark_client] Sending sample transaction 1181
[2025-03-04T06:21:38.627Z INFO  benchmark_client] Sending sample transaction 1182
[2025-03-04T06:21:38.677Z INFO  benchmark_client] Sending sample transaction 1183
[2025-03-04T06:21:38.727Z INFO  benchmark_client] Sending sample transaction 1184
[2025-03-04T06:21:38.776Z INFO  benchmark_client] Sending sample transaction 1185
[2025-03-04T06:21:38.826Z INFO  benchmark_client] Sending sample transaction 1186
[2025-03-04T06:21:38.877Z INFO  benchmark_client] Sending sample transaction 1187
[2025-03-04T06:21:38.926Z INFO  benchmark_client] Sending sample transaction 1188
[2025-03-04T06:21:38.976Z INFO  benchmark_client] Sending sample transaction 1189
[2025-03-04T06:21:39.027Z INFO  benchmark_client] Sending sample transaction 1190
[2025-03-04T06:21:39.077Z INFO  benchmark_client] Sending sample transaction 1191
[2025-03-04T06:21:39.127Z INFO  benchmark_client] Sending sample transaction 1192
[2025-03-04T06:21:39.177Z INFO  benchmark_client] Sending sample transaction 1193
[2025-03-04T06:21:39.226Z INFO  benchmark_client] Sending sample transaction 1194
[2025-03-04T06:21:39.276Z INFO  benchmark_client] Sending sample transaction 1195
[2025-03-04T06:21:39.327Z INFO  benchmark_client] Sending sample transaction 1196
[2025-03-04T06:21:39.376Z INFO  benchmark_client] Sending sample transaction 1197
[2025-03-04T06:21:39.426Z INFO  benchmark_client] Sending sample transaction 1198
[2025-03-04T06:21:39.477Z INFO  benchmark_client] Sending sample transaction 1199
[2025-03-04T06:21:39.527Z INFO  benchmark_client] Sending sample transaction 1200
[2025-03-04T06:21:39.576Z INFO  benchmark_client] Sending sample transaction 1201
[2025-03-04T06:21:39.627Z INFO  benchmark_client] Sending sample transaction 1202
[2025-03-04T06:21:39.677Z INFO  benchmark_client] Sending sample transaction 1203
[2025-03-04T06:21:39.727Z INFO  benchmark_client] Sending sample transaction 1204
