[2025-03-04T05:43:03.732Z INFO  benchmark_client] Node address: 172.16.3.1:3004
[2025-03-04T05:43:03.732Z INFO  benchmark_client] Transactions size: 512 B
[2025-03-04T05:43:03.732Z INFO  benchmark_client] Transactions rate: 10000 tx/s
[2025-03-04T05:43:03.732Z INFO  benchmark_client] Waiting for all nodes to be online...
[2025-03-04T05:43:04.749Z INFO  benchmark_client] Burst duration 50
[2025-03-04T05:43:04.749Z INFO  benchmark_client] Start sending transactions
[2025-03-04T05:43:04.749Z INFO  benchmark_client] Burst: 500
[2025-03-04T05:43:04.750Z INFO  benchmark_client] Sending sample transaction 0
[2025-03-04T05:43:04.801Z INFO  benchmark_client] Sending sample transaction 1
[2025-03-04T05:43:04.850Z INFO  benchmark_client] Sending sample transaction 2
[2025-03-04T05:43:04.900Z INFO  benchmark_client] Sending sample transaction 3
[2025-03-04T05:43:04.950Z INFO  benchmark_client] Sending sample transaction 4
[2025-03-04T05:43:05.000Z INFO  benchmark_client] Sending sample transaction 5
[2025-03-04T05:43:05.050Z INFO  benchmark_client] Sending sample transaction 6
[2025-03-04T05:43:05.100Z INFO  benchmark_client] Sending sample transaction 7
[2025-03-04T05:43:05.150Z INFO  benchmark_client] Sending sample transaction 8
[2025-03-04T05:43:05.200Z INFO  benchmark_client] Sending sample transaction 9
[2025-03-04T05:43:05.250Z INFO  benchmark_client] Sending sample transaction 10
[2025-03-04T05:43:05.301Z INFO  benchmark_client] Sending sample transaction 11
[2025-03-04T05:43:05.350Z INFO  benchmark_client] Sending sample transaction 12
[2025-03-04T05:43:05.400Z INFO  benchmark_client] Sending sample transaction 13
[2025-03-04T05:43:05.451Z INFO  benchmark_client] Sending sample transaction 14
[2025-03-04T05:43:05.500Z INFO  benchmark_client] Sending sample transaction 15
[2025-03-04T05:43:05.550Z INFO  benchmark_client] Sending sample transaction 16
[2025-03-04T05:43:05.600Z INFO  benchmark_client] Sending sample transaction 17
[2025-03-04T05:43:05.650Z INFO  benchmark_client] Sending sample transaction 18
[2025-03-04T05:43:05.700Z INFO  benchmark_client] Sending sample transaction 19
[2025-03-04T05:43:05.750Z INFO  benchmark_client] Sending sample transaction 20
[2025-03-04T05:43:05.801Z INFO  benchmark_client] Sending sample transaction 21
[2025-03-04T05:43:05.850Z INFO  benchmark_client] Sending sample transaction 22
[2025-03-04T05:43:05.900Z INFO  benchmark_client] Sending sample transaction 23
[2025-03-04T05:43:05.951Z INFO  benchmark_client] Sending sample transaction 24
[2025-03-04T05:43:06.000Z INFO  benchmark_client] Sending sample transaction 25
[2025-03-04T05:43:06.050Z INFO  benchmark_client] Sending sample transaction 26
[2025-03-04T05:43:06.101Z INFO  benchmark_client] Sending sample transaction 27
[2025-03-04T05:43:06.151Z INFO  benchmark_client] Sending sample transaction 28
[2025-03-04T05:43:06.200Z INFO  benchmark_client] Sending sample transaction 29
[2025-03-04T05:43:06.250Z INFO  benchmark_client] Sending sample transaction 30
[2025-03-04T05:43:06.300Z INFO  benchmark_client] Sending sample transaction 31
[2025-03-04T05:43:06.350Z INFO  benchmark_client] Sending sample transaction 32
[2025-03-04T05:43:06.401Z INFO  benchmark_client] Sending sample transaction 33
[2025-03-04T05:43:06.451Z INFO  benchmark_client] Sending sample transaction 34
[2025-03-04T05:43:06.500Z INFO  benchmark_client] Sending sample transaction 35
[2025-03-04T05:43:06.550Z INFO  benchmark_client] Sending sample transaction 36
[2025-03-04T05:43:06.601Z INFO  benchmark_client] Sending sample transaction 37
[2025-03-04T05:43:06.650Z INFO  benchmark_client] Sending sample transaction 38
[2025-03-04T05:43:06.701Z INFO  benchmark_client] Sending sample transaction 39
[2025-03-04T05:43:06.751Z INFO  benchmark_client] Sending sample transaction 40
[2025-03-04T05:43:06.800Z INFO  benchmark_client] Sending sample transaction 41
[2025-03-04T05:43:06.850Z INFO  benchmark_client] Sending sample transaction 42
[2025-03-04T05:43:06.900Z INFO  benchmark_client] Sending sample transaction 43
[2025-03-04T05:43:06.950Z INFO  benchmark_client] Sending sample transaction 44
[2025-03-04T05:43:07.000Z INFO  benchmark_client] Sending sample transaction 45
[2025-03-04T05:43:07.050Z INFO  benchmark_client] Sending sample transaction 46
[2025-03-04T05:43:07.100Z INFO  benchmark_client] Sending sample transaction 47
[2025-03-04T05:43:07.151Z INFO  benchmark_client] Sending sample transaction 48
[2025-03-04T05:43:07.200Z INFO  benchmark_client] Sending sample transaction 49
[2025-03-04T05:43:07.250Z INFO  benchmark_client] Sending sample transaction 50
[2025-03-04T05:43:07.300Z INFO  benchmark_client] Sending sample transaction 51
[2025-03-04T05:43:07.351Z INFO  benchmark_client] Sending sample transaction 52
[2025-03-04T05:43:07.400Z INFO  benchmark_client] Sending sample transaction 53
[2025-03-04T05:43:07.450Z INFO  benchmark_client] Sending sample transaction 54
[2025-03-04T05:43:07.501Z INFO  benchmark_client] Sending sample transaction 55
[2025-03-04T05:43:07.550Z INFO  benchmark_client] Sending sample transaction 56
[2025-03-04T05:43:07.600Z INFO  benchmark_client] Sending sample transaction 57
[2025-03-04T05:43:07.650Z INFO  benchmark_client] Sending sample transaction 58
[2025-03-04T05:43:07.700Z INFO  benchmark_client] Sending sample transaction 59
[2025-03-04T05:43:07.750Z INFO  benchmark_client] Sending sample transaction 60
[2025-03-04T05:43:07.800Z INFO  benchmark_client] Sending sample transaction 61
[2025-03-04T05:43:07.851Z INFO  benchmark_client] Sending sample transaction 62
[2025-03-04T05:43:07.901Z INFO  benchmark_client] Sending sample transaction 63
[2025-03-04T05:43:07.951Z INFO  benchmark_client] Sending sample transaction 64
[2025-03-04T05:43:08.000Z INFO  benchmark_client] Sending sample transaction 65
[2025-03-04T05:43:08.050Z INFO  benchmark_client] Sending sample transaction 66
[2025-03-04T05:43:08.101Z INFO  benchmark_client] Sending sample transaction 67
[2025-03-04T05:43:08.150Z INFO  benchmark_client] Sending sample transaction 68
[2025-03-04T05:43:08.200Z INFO  benchmark_client] Sending sample transaction 69
[2025-03-04T05:43:08.250Z INFO  benchmark_client] Sending sample transaction 70
[2025-03-04T05:43:08.300Z INFO  benchmark_client] Sending sample transaction 71
[2025-03-04T05:43:08.350Z INFO  benchmark_client] Sending sample transaction 72
[2025-03-04T05:43:08.400Z INFO  benchmark_client] Sending sample transaction 73
[2025-03-04T05:43:08.451Z INFO  benchmark_client] Sending sample transaction 74
[2025-03-04T05:43:08.500Z INFO  benchmark_client] Sending sample transaction 75
[2025-03-04T05:43:08.550Z INFO  benchmark_client] Sending sample transaction 76
[2025-03-04T05:43:08.600Z INFO  benchmark_client] Sending sample transaction 77
[2025-03-04T05:43:08.650Z INFO  benchmark_client] Sending sample transaction 78
[2025-03-04T05:43:08.700Z INFO  benchmark_client] Sending sample transaction 79
[2025-03-04T05:43:08.750Z INFO  benchmark_client] Sending sample transaction 80
[2025-03-04T05:43:08.800Z INFO  benchmark_client] Sending sample transaction 81
[2025-03-04T05:43:08.851Z INFO  benchmark_client] Sending sample transaction 82
[2025-03-04T05:43:08.900Z INFO  benchmark_client] Sending sample transaction 83
[2025-03-04T05:43:08.950Z INFO  benchmark_client] Sending sample transaction 84
[2025-03-04T05:43:09.000Z INFO  benchmark_client] Sending sample transaction 85
[2025-03-04T05:43:09.050Z INFO  benchmark_client] Sending sample transaction 86
[2025-03-04T05:43:09.100Z INFO  benchmark_client] Sending sample transaction 87
[2025-03-04T05:43:09.150Z INFO  benchmark_client] Sending sample transaction 88
[2025-03-04T05:43:09.200Z INFO  benchmark_client] Sending sample transaction 89
[2025-03-04T05:43:09.251Z INFO  benchmark_client] Sending sample transaction 90
[2025-03-04T05:43:09.300Z INFO  benchmark_client] Sending sample transaction 91
[2025-03-04T05:43:09.351Z INFO  benchmark_client] Sending sample transaction 92
[2025-03-04T05:43:09.400Z INFO  benchmark_client] Sending sample transaction 93
[2025-03-04T05:43:09.450Z INFO  benchmark_client] Sending sample transaction 94
[2025-03-04T05:43:09.500Z INFO  benchmark_client] Sending sample transaction 95
[2025-03-04T05:43:09.551Z INFO  benchmark_client] Sending sample transaction 96
[2025-03-04T05:43:09.600Z INFO  benchmark_client] Sending sample transaction 97
[2025-03-04T05:43:09.650Z INFO  benchmark_client] Sending sample transaction 98
[2025-03-04T05:43:09.700Z INFO  benchmark_client] Sending sample transaction 99
[2025-03-04T05:43:09.751Z INFO  benchmark_client] Sending sample transaction 100
[2025-03-04T05:43:09.800Z INFO  benchmark_client] Sending sample transaction 101
[2025-03-04T05:43:09.850Z INFO  benchmark_client] Sending sample transaction 102
[2025-03-04T05:43:09.900Z INFO  benchmark_client] Sending sample transaction 103
[2025-03-04T05:43:09.951Z INFO  benchmark_client] Sending sample transaction 104
[2025-03-04T05:43:10.001Z INFO  benchmark_client] Sending sample transaction 105
[2025-03-04T05:43:10.050Z INFO  benchmark_client] Sending sample transaction 106
[2025-03-04T05:43:10.100Z INFO  benchmark_client] Sending sample transaction 107
[2025-03-04T05:43:10.151Z INFO  benchmark_client] Sending sample transaction 108
[2025-03-04T05:43:10.201Z INFO  benchmark_client] Sending sample transaction 109
[2025-03-04T05:43:10.250Z INFO  benchmark_client] Sending sample transaction 110
[2025-03-04T05:43:10.300Z INFO  benchmark_client] Sending sample transaction 111
[2025-03-04T05:43:10.350Z INFO  benchmark_client] Sending sample transaction 112
[2025-03-04T05:43:10.401Z INFO  benchmark_client] Sending sample transaction 113
[2025-03-04T05:43:10.450Z INFO  benchmark_client] Sending sample transaction 114
[2025-03-04T05:43:10.500Z INFO  benchmark_client] Sending sample transaction 115
[2025-03-04T05:43:10.550Z INFO  benchmark_client] Sending sample transaction 116
[2025-03-04T05:43:10.600Z INFO  benchmark_client] Sending sample transaction 117
[2025-03-04T05:43:10.650Z INFO  benchmark_client] Sending sample transaction 118
[2025-03-04T05:43:10.700Z INFO  benchmark_client] Sending sample transaction 119
[2025-03-04T05:43:10.751Z INFO  benchmark_client] Sending sample transaction 120
[2025-03-04T05:43:10.800Z INFO  benchmark_client] Sending sample transaction 121
[2025-03-04T05:43:10.850Z INFO  benchmark_client] Sending sample transaction 122
[2025-03-04T05:43:10.900Z INFO  benchmark_client] Sending sample transaction 123
[2025-03-04T05:43:10.950Z INFO  benchmark_client] Sending sample transaction 124
[2025-03-04T05:43:11.000Z INFO  benchmark_client] Sending sample transaction 125
[2025-03-04T05:43:11.050Z INFO  benchmark_client] Sending sample transaction 126
[2025-03-04T05:43:11.101Z INFO  benchmark_client] Sending sample transaction 127
[2025-03-04T05:43:11.150Z INFO  benchmark_client] Sending sample transaction 128
[2025-03-04T05:43:11.200Z INFO  benchmark_client] Sending sample transaction 129
[2025-03-04T05:43:11.250Z INFO  benchmark_client] Sending sample transaction 130
[2025-03-04T05:43:11.300Z INFO  benchmark_client] Sending sample transaction 131
[2025-03-04T05:43:11.351Z INFO  benchmark_client] Sending sample transaction 132
[2025-03-04T05:43:11.400Z INFO  benchmark_client] Sending sample transaction 133
[2025-03-04T05:43:11.451Z INFO  benchmark_client] Sending sample transaction 134
[2025-03-04T05:43:11.500Z INFO  benchmark_client] Sending sample transaction 135
[2025-03-04T05:43:11.550Z INFO  benchmark_client] Sending sample transaction 136
[2025-03-04T05:43:11.601Z INFO  benchmark_client] Sending sample transaction 137
[2025-03-04T05:43:11.650Z INFO  benchmark_client] Sending sample transaction 138
[2025-03-04T05:43:11.700Z INFO  benchmark_client] Sending sample transaction 139
[2025-03-04T05:43:11.750Z INFO  benchmark_client] Sending sample transaction 140
[2025-03-04T05:43:11.800Z INFO  benchmark_client] Sending sample transaction 141
[2025-03-04T05:43:11.851Z INFO  benchmark_client] Sending sample transaction 142
[2025-03-04T05:43:11.901Z INFO  benchmark_client] Sending sample transaction 143
[2025-03-04T05:43:11.951Z INFO  benchmark_client] Sending sample transaction 144
[2025-03-04T05:43:12.001Z INFO  benchmark_client] Sending sample transaction 145
[2025-03-04T05:43:12.050Z INFO  benchmark_client] Sending sample transaction 146
[2025-03-04T05:43:12.100Z INFO  benchmark_client] Sending sample transaction 147
[2025-03-04T05:43:12.151Z INFO  benchmark_client] Sending sample transaction 148
[2025-03-04T05:43:12.200Z INFO  benchmark_client] Sending sample transaction 149
[2025-03-04T05:43:12.251Z INFO  benchmark_client] Sending sample transaction 150
[2025-03-04T05:43:12.301Z INFO  benchmark_client] Sending sample transaction 151
[2025-03-04T05:43:12.350Z INFO  benchmark_client] Sending sample transaction 152
[2025-03-04T05:43:12.401Z INFO  benchmark_client] Sending sample transaction 153
[2025-03-04T05:43:12.450Z INFO  benchmark_client] Sending sample transaction 154
[2025-03-04T05:43:12.500Z INFO  benchmark_client] Sending sample transaction 155
[2025-03-04T05:43:12.550Z INFO  benchmark_client] Sending sample transaction 156
[2025-03-04T05:43:12.600Z INFO  benchmark_client] Sending sample transaction 157
[2025-03-04T05:43:12.650Z INFO  benchmark_client] Sending sample transaction 158
[2025-03-04T05:43:12.700Z INFO  benchmark_client] Sending sample transaction 159
[2025-03-04T05:43:12.750Z INFO  benchmark_client] Sending sample transaction 160
[2025-03-04T05:43:12.801Z INFO  benchmark_client] Sending sample transaction 161
[2025-03-04T05:43:12.850Z INFO  benchmark_client] Sending sample transaction 162
[2025-03-04T05:43:12.901Z INFO  benchmark_client] Sending sample transaction 163
[2025-03-04T05:43:12.950Z INFO  benchmark_client] Sending sample transaction 164
[2025-03-04T05:43:13.000Z INFO  benchmark_client] Sending sample transaction 165
[2025-03-04T05:43:13.050Z INFO  benchmark_client] Sending sample transaction 166
[2025-03-04T05:43:13.101Z INFO  benchmark_client] Sending sample transaction 167
[2025-03-04T05:43:13.150Z INFO  benchmark_client] Sending sample transaction 168
[2025-03-04T05:43:13.201Z INFO  benchmark_client] Sending sample transaction 169
[2025-03-04T05:43:13.251Z INFO  benchmark_client] Sending sample transaction 170
[2025-03-04T05:43:13.301Z INFO  benchmark_client] Sending sample transaction 171
[2025-03-04T05:43:13.351Z INFO  benchmark_client] Sending sample transaction 172
[2025-03-04T05:43:13.401Z INFO  benchmark_client] Sending sample transaction 173
[2025-03-04T05:43:13.450Z INFO  benchmark_client] Sending sample transaction 174
[2025-03-04T05:43:13.500Z INFO  benchmark_client] Sending sample transaction 175
[2025-03-04T05:43:13.551Z INFO  benchmark_client] Sending sample transaction 176
[2025-03-04T05:43:13.601Z INFO  benchmark_client] Sending sample transaction 177
[2025-03-04T05:43:13.651Z INFO  benchmark_client] Sending sample transaction 178
[2025-03-04T05:43:13.701Z INFO  benchmark_client] Sending sample transaction 179
[2025-03-04T05:43:13.750Z INFO  benchmark_client] Sending sample transaction 180
[2025-03-04T05:43:13.800Z INFO  benchmark_client] Sending sample transaction 181
[2025-03-04T05:43:13.851Z INFO  benchmark_client] Sending sample transaction 182
[2025-03-04T05:43:13.900Z INFO  benchmark_client] Sending sample transaction 183
[2025-03-04T05:43:13.951Z INFO  benchmark_client] Sending sample transaction 184
[2025-03-04T05:43:14.001Z INFO  benchmark_client] Sending sample transaction 185
[2025-03-04T05:43:14.051Z INFO  benchmark_client] Sending sample transaction 186
[2025-03-04T05:43:14.100Z INFO  benchmark_client] Sending sample transaction 187
[2025-03-04T05:43:14.150Z INFO  benchmark_client] Sending sample transaction 188
[2025-03-04T05:43:14.201Z INFO  benchmark_client] Sending sample transaction 189
[2025-03-04T05:43:14.250Z INFO  benchmark_client] Sending sample transaction 190
[2025-03-04T05:43:14.301Z INFO  benchmark_client] Sending sample transaction 191
[2025-03-04T05:43:14.351Z INFO  benchmark_client] Sending sample transaction 192
[2025-03-04T05:43:14.401Z INFO  benchmark_client] Sending sample transaction 193
[2025-03-04T05:43:14.450Z INFO  benchmark_client] Sending sample transaction 194
[2025-03-04T05:43:14.500Z INFO  benchmark_client] Sending sample transaction 195
[2025-03-04T05:43:14.550Z INFO  benchmark_client] Sending sample transaction 196
[2025-03-04T05:43:14.600Z INFO  benchmark_client] Sending sample transaction 197
[2025-03-04T05:43:14.650Z INFO  benchmark_client] Sending sample transaction 198
[2025-03-04T05:43:14.700Z INFO  benchmark_client] Sending sample transaction 199
[2025-03-04T05:43:14.751Z INFO  benchmark_client] Sending sample transaction 200
[2025-03-04T05:43:14.801Z INFO  benchmark_client] Sending sample transaction 201
[2025-03-04T05:43:14.851Z INFO  benchmark_client] Sending sample transaction 202
[2025-03-04T05:43:14.901Z INFO  benchmark_client] Sending sample transaction 203
[2025-03-04T05:43:14.950Z INFO  benchmark_client] Sending sample transaction 204
[2025-03-04T05:43:15.000Z INFO  benchmark_client] Sending sample transaction 205
[2025-03-04T05:43:15.050Z INFO  benchmark_client] Sending sample transaction 206
[2025-03-04T05:43:15.101Z INFO  benchmark_client] Sending sample transaction 207
[2025-03-04T05:43:15.150Z INFO  benchmark_client] Sending sample transaction 208
[2025-03-04T05:43:15.200Z INFO  benchmark_client] Sending sample transaction 209
[2025-03-04T05:43:15.251Z INFO  benchmark_client] Sending sample transaction 210
[2025-03-04T05:43:15.301Z INFO  benchmark_client] Sending sample transaction 211
[2025-03-04T05:43:15.351Z INFO  benchmark_client] Sending sample transaction 212
[2025-03-04T05:43:15.401Z INFO  benchmark_client] Sending sample transaction 213
[2025-03-04T05:43:15.451Z INFO  benchmark_client] Sending sample transaction 214
[2025-03-04T05:43:15.501Z INFO  benchmark_client] Sending sample transaction 215
[2025-03-04T05:43:15.551Z INFO  benchmark_client] Sending sample transaction 216
[2025-03-04T05:43:15.600Z INFO  benchmark_client] Sending sample transaction 217
[2025-03-04T05:43:15.651Z INFO  benchmark_client] Sending sample transaction 218
[2025-03-04T05:43:15.701Z INFO  benchmark_client] Sending sample transaction 219
[2025-03-04T05:43:15.750Z INFO  benchmark_client] Sending sample transaction 220
[2025-03-04T05:43:15.800Z INFO  benchmark_client] Sending sample transaction 221
[2025-03-04T05:43:15.850Z INFO  benchmark_client] Sending sample transaction 222
[2025-03-04T05:43:15.900Z INFO  benchmark_client] Sending sample transaction 223
[2025-03-04T05:43:15.950Z INFO  benchmark_client] Sending sample transaction 224
[2025-03-04T05:43:16.001Z INFO  benchmark_client] Sending sample transaction 225
[2025-03-04T05:43:16.051Z INFO  benchmark_client] Sending sample transaction 226
[2025-03-04T05:43:16.100Z INFO  benchmark_client] Sending sample transaction 227
[2025-03-04T05:43:16.151Z INFO  benchmark_client] Sending sample transaction 228
[2025-03-04T05:43:16.201Z INFO  benchmark_client] Sending sample transaction 229
[2025-03-04T05:43:16.250Z INFO  benchmark_client] Sending sample transaction 230
[2025-03-04T05:43:16.300Z INFO  benchmark_client] Sending sample transaction 231
[2025-03-04T05:43:16.351Z INFO  benchmark_client] Sending sample transaction 232
[2025-03-04T05:43:16.400Z INFO  benchmark_client] Sending sample transaction 233
[2025-03-04T05:43:16.451Z INFO  benchmark_client] Sending sample transaction 234
[2025-03-04T05:43:16.500Z INFO  benchmark_client] Sending sample transaction 235
[2025-03-04T05:43:16.551Z INFO  benchmark_client] Sending sample transaction 236
[2025-03-04T05:43:16.601Z INFO  benchmark_client] Sending sample transaction 237
[2025-03-04T05:43:16.651Z INFO  benchmark_client] Sending sample transaction 238
[2025-03-04T05:43:16.701Z INFO  benchmark_client] Sending sample transaction 239
[2025-03-04T05:43:16.751Z INFO  benchmark_client] Sending sample transaction 240
[2025-03-04T05:43:16.800Z INFO  benchmark_client] Sending sample transaction 241
[2025-03-04T05:43:16.851Z INFO  benchmark_client] Sending sample transaction 242
[2025-03-04T05:43:16.900Z INFO  benchmark_client] Sending sample transaction 243
[2025-03-04T05:43:16.950Z INFO  benchmark_client] Sending sample transaction 244
[2025-03-04T05:43:17.001Z INFO  benchmark_client] Sending sample transaction 245
[2025-03-04T05:43:17.051Z INFO  benchmark_client] Sending sample transaction 246
[2025-03-04T05:43:17.101Z INFO  benchmark_client] Sending sample transaction 247
[2025-03-04T05:43:17.151Z INFO  benchmark_client] Sending sample transaction 248
[2025-03-04T05:43:17.201Z INFO  benchmark_client] Sending sample transaction 249
[2025-03-04T05:43:17.251Z INFO  benchmark_client] Sending sample transaction 250
[2025-03-04T05:43:17.301Z INFO  benchmark_client] Sending sample transaction 251
[2025-03-04T05:43:17.350Z INFO  benchmark_client] Sending sample transaction 252
[2025-03-04T05:43:17.400Z INFO  benchmark_client] Sending sample transaction 253
[2025-03-04T05:43:17.450Z INFO  benchmark_client] Sending sample transaction 254
[2025-03-04T05:43:17.501Z INFO  benchmark_client] Sending sample transaction 255
[2025-03-04T05:43:17.551Z INFO  benchmark_client] Sending sample transaction 256
[2025-03-04T05:43:17.601Z INFO  benchmark_client] Sending sample transaction 257
[2025-03-04T05:43:17.650Z INFO  benchmark_client] Sending sample transaction 258
[2025-03-04T05:43:17.700Z INFO  benchmark_client] Sending sample transaction 259
[2025-03-04T05:43:17.751Z INFO  benchmark_client] Sending sample transaction 260
[2025-03-04T05:43:17.800Z INFO  benchmark_client] Sending sample transaction 261
[2025-03-04T05:43:17.850Z INFO  benchmark_client] Sending sample transaction 262
[2025-03-04T05:43:17.900Z INFO  benchmark_client] Sending sample transaction 263
[2025-03-04T05:43:17.951Z INFO  benchmark_client] Sending sample transaction 264
[2025-03-04T05:43:18.001Z INFO  benchmark_client] Sending sample transaction 265
[2025-03-04T05:43:18.051Z INFO  benchmark_client] Sending sample transaction 266
[2025-03-04T05:43:18.101Z INFO  benchmark_client] Sending sample transaction 267
[2025-03-04T05:43:18.151Z INFO  benchmark_client] Sending sample transaction 268
[2025-03-04T05:43:18.201Z INFO  benchmark_client] Sending sample transaction 269
[2025-03-04T05:43:18.250Z INFO  benchmark_client] Sending sample transaction 270
[2025-03-04T05:43:18.300Z INFO  benchmark_client] Sending sample transaction 271
[2025-03-04T05:43:18.350Z INFO  benchmark_client] Sending sample transaction 272
[2025-03-04T05:43:18.400Z INFO  benchmark_client] Sending sample transaction 273
[2025-03-04T05:43:18.450Z INFO  benchmark_client] Sending sample transaction 274
[2025-03-04T05:43:18.501Z INFO  benchmark_client] Sending sample transaction 275
[2025-03-04T05:43:18.551Z INFO  benchmark_client] Sending sample transaction 276
[2025-03-04T05:43:18.601Z INFO  benchmark_client] Sending sample transaction 277
[2025-03-04T05:43:18.651Z INFO  benchmark_client] Sending sample transaction 278
[2025-03-04T05:43:18.701Z INFO  benchmark_client] Sending sample transaction 279
[2025-03-04T05:43:18.750Z INFO  benchmark_client] Sending sample transaction 280
[2025-03-04T05:43:18.800Z INFO  benchmark_client] Sending sample transaction 281
[2025-03-04T05:43:18.851Z INFO  benchmark_client] Sending sample transaction 282
[2025-03-04T05:43:18.901Z INFO  benchmark_client] Sending sample transaction 283
[2025-03-04T05:43:18.951Z INFO  benchmark_client] Sending sample transaction 284
[2025-03-04T05:43:19.001Z INFO  benchmark_client] Sending sample transaction 285
[2025-03-04T05:43:19.051Z INFO  benchmark_client] Sending sample transaction 286
[2025-03-04T05:43:19.101Z INFO  benchmark_client] Sending sample transaction 287
[2025-03-04T05:43:19.151Z INFO  benchmark_client] Sending sample transaction 288
[2025-03-04T05:43:19.201Z INFO  benchmark_client] Sending sample transaction 289
[2025-03-04T05:43:19.251Z INFO  benchmark_client] Sending sample transaction 290
[2025-03-04T05:43:19.301Z INFO  benchmark_client] Sending sample transaction 291
[2025-03-04T05:43:19.351Z INFO  benchmark_client] Sending sample transaction 292
[2025-03-04T05:43:19.401Z INFO  benchmark_client] Sending sample transaction 293
[2025-03-04T05:43:19.450Z INFO  benchmark_client] Sending sample transaction 294
[2025-03-04T05:43:19.501Z INFO  benchmark_client] Sending sample transaction 295
[2025-03-04T05:43:19.551Z INFO  benchmark_client] Sending sample transaction 296
[2025-03-04T05:43:19.601Z INFO  benchmark_client] Sending sample transaction 297
[2025-03-04T05:43:19.650Z INFO  benchmark_client] Sending sample transaction 298
[2025-03-04T05:43:19.701Z INFO  benchmark_client] Sending sample transaction 299
[2025-03-04T05:43:19.751Z INFO  benchmark_client] Sending sample transaction 300
[2025-03-04T05:43:19.800Z INFO  benchmark_client] Sending sample transaction 301
[2025-03-04T05:43:19.851Z INFO  benchmark_client] Sending sample transaction 302
[2025-03-04T05:43:19.901Z INFO  benchmark_client] Sending sample transaction 303
[2025-03-04T05:43:19.951Z INFO  benchmark_client] Sending sample transaction 304
[2025-03-04T05:43:20.001Z INFO  benchmark_client] Sending sample transaction 305
[2025-03-04T05:43:20.051Z INFO  benchmark_client] Sending sample transaction 306
[2025-03-04T05:43:20.100Z INFO  benchmark_client] Sending sample transaction 307
[2025-03-04T05:43:20.150Z INFO  benchmark_client] Sending sample transaction 308
[2025-03-04T05:43:20.200Z INFO  benchmark_client] Sending sample transaction 309
[2025-03-04T05:43:20.251Z INFO  benchmark_client] Sending sample transaction 310
[2025-03-04T05:43:20.300Z INFO  benchmark_client] Sending sample transaction 311
[2025-03-04T05:43:20.351Z INFO  benchmark_client] Sending sample transaction 312
[2025-03-04T05:43:20.401Z INFO  benchmark_client] Sending sample transaction 313
[2025-03-04T05:43:20.451Z INFO  benchmark_client] Sending sample transaction 314
[2025-03-04T05:43:20.502Z INFO  benchmark_client] Sending sample transaction 315
[2025-03-04T05:43:20.551Z INFO  benchmark_client] Sending sample transaction 316
[2025-03-04T05:43:20.601Z INFO  benchmark_client] Sending sample transaction 317
[2025-03-04T05:43:20.650Z INFO  benchmark_client] Sending sample transaction 318
[2025-03-04T05:43:20.701Z INFO  benchmark_client] Sending sample transaction 319
[2025-03-04T05:43:20.751Z INFO  benchmark_client] Sending sample transaction 320
[2025-03-04T05:43:20.801Z INFO  benchmark_client] Sending sample transaction 321
[2025-03-04T05:43:20.851Z INFO  benchmark_client] Sending sample transaction 322
[2025-03-04T05:43:20.901Z INFO  benchmark_client] Sending sample transaction 323
[2025-03-04T05:43:20.951Z INFO  benchmark_client] Sending sample transaction 324
[2025-03-04T05:43:21.001Z INFO  benchmark_client] Sending sample transaction 325
[2025-03-04T05:43:21.051Z INFO  benchmark_client] Sending sample transaction 326
[2025-03-04T05:43:21.100Z INFO  benchmark_client] Sending sample transaction 327
[2025-03-04T05:43:21.150Z INFO  benchmark_client] Sending sample transaction 328
[2025-03-04T05:43:21.201Z INFO  benchmark_client] Sending sample transaction 329
[2025-03-04T05:43:21.251Z INFO  benchmark_client] Sending sample transaction 330
[2025-03-04T05:43:21.301Z INFO  benchmark_client] Sending sample transaction 331
[2025-03-04T05:43:21.351Z INFO  benchmark_client] Sending sample transaction 332
[2025-03-04T05:43:21.401Z INFO  benchmark_client] Sending sample transaction 333
[2025-03-04T05:43:21.451Z INFO  benchmark_client] Sending sample transaction 334
[2025-03-04T05:43:21.501Z INFO  benchmark_client] Sending sample transaction 335
[2025-03-04T05:43:21.551Z INFO  benchmark_client] Sending sample transaction 336
[2025-03-04T05:43:21.601Z INFO  benchmark_client] Sending sample transaction 337
[2025-03-04T05:43:21.651Z INFO  benchmark_client] Sending sample transaction 338
[2025-03-04T05:43:21.701Z INFO  benchmark_client] Sending sample transaction 339
[2025-03-04T05:43:21.750Z INFO  benchmark_client] Sending sample transaction 340
[2025-03-04T05:43:21.800Z INFO  benchmark_client] Sending sample transaction 341
[2025-03-04T05:43:21.850Z INFO  benchmark_client] Sending sample transaction 342
[2025-03-04T05:43:21.900Z INFO  benchmark_client] Sending sample transaction 343
[2025-03-04T05:43:21.951Z INFO  benchmark_client] Sending sample transaction 344
[2025-03-04T05:43:22.001Z INFO  benchmark_client] Sending sample transaction 345
[2025-03-04T05:43:22.051Z INFO  benchmark_client] Sending sample transaction 346
[2025-03-04T05:43:22.100Z INFO  benchmark_client] Sending sample transaction 347
[2025-03-04T05:43:22.151Z INFO  benchmark_client] Sending sample transaction 348
[2025-03-04T05:43:22.201Z INFO  benchmark_client] Sending sample transaction 349
[2025-03-04T05:43:22.251Z INFO  benchmark_client] Sending sample transaction 350
[2025-03-04T05:43:22.300Z INFO  benchmark_client] Sending sample transaction 351
[2025-03-04T05:43:22.351Z INFO  benchmark_client] Sending sample transaction 352
[2025-03-04T05:43:22.401Z INFO  benchmark_client] Sending sample transaction 353
[2025-03-04T05:43:22.451Z INFO  benchmark_client] Sending sample transaction 354
[2025-03-04T05:43:22.501Z INFO  benchmark_client] Sending sample transaction 355
[2025-03-04T05:43:22.551Z INFO  benchmark_client] Sending sample transaction 356
[2025-03-04T05:43:22.601Z INFO  benchmark_client] Sending sample transaction 357
[2025-03-04T05:43:22.651Z INFO  benchmark_client] Sending sample transaction 358
[2025-03-04T05:43:22.701Z INFO  benchmark_client] Sending sample transaction 359
[2025-03-04T05:43:22.751Z INFO  benchmark_client] Sending sample transaction 360
[2025-03-04T05:43:22.801Z INFO  benchmark_client] Sending sample transaction 361
[2025-03-04T05:43:22.851Z INFO  benchmark_client] Sending sample transaction 362
[2025-03-04T05:43:22.901Z INFO  benchmark_client] Sending sample transaction 363
[2025-03-04T05:43:22.950Z INFO  benchmark_client] Sending sample transaction 364
[2025-03-04T05:43:23.001Z INFO  benchmark_client] Sending sample transaction 365
[2025-03-04T05:43:23.051Z INFO  benchmark_client] Sending sample transaction 366
[2025-03-04T05:43:23.101Z INFO  benchmark_client] Sending sample transaction 367
[2025-03-04T05:43:23.151Z INFO  benchmark_client] Sending sample transaction 368
[2025-03-04T05:43:23.202Z INFO  benchmark_client] Sending sample transaction 369
[2025-03-04T05:43:23.251Z INFO  benchmark_client] Sending sample transaction 370
[2025-03-04T05:43:23.301Z INFO  benchmark_client] Sending sample transaction 371
[2025-03-04T05:43:23.350Z INFO  benchmark_client] Sending sample transaction 372
[2025-03-04T05:43:23.401Z INFO  benchmark_client] Sending sample transaction 373
[2025-03-04T05:43:23.451Z INFO  benchmark_client] Sending sample transaction 374
[2025-03-04T05:43:23.501Z INFO  benchmark_client] Sending sample transaction 375
[2025-03-04T05:43:23.551Z INFO  benchmark_client] Sending sample transaction 376
[2025-03-04T05:43:23.601Z INFO  benchmark_client] Sending sample transaction 377
[2025-03-04T05:43:23.650Z INFO  benchmark_client] Sending sample transaction 378
[2025-03-04T05:43:23.700Z INFO  benchmark_client] Sending sample transaction 379
[2025-03-04T05:43:23.751Z INFO  benchmark_client] Sending sample transaction 380
[2025-03-04T05:43:23.801Z INFO  benchmark_client] Sending sample transaction 381
[2025-03-04T05:43:23.851Z INFO  benchmark_client] Sending sample transaction 382
[2025-03-04T05:43:23.901Z INFO  benchmark_client] Sending sample transaction 383
[2025-03-04T05:43:23.950Z INFO  benchmark_client] Sending sample transaction 384
[2025-03-04T05:43:24.001Z INFO  benchmark_client] Sending sample transaction 385
[2025-03-04T05:43:24.051Z INFO  benchmark_client] Sending sample transaction 386
[2025-03-04T05:43:24.100Z INFO  benchmark_client] Sending sample transaction 387
[2025-03-04T05:43:24.151Z INFO  benchmark_client] Sending sample transaction 388
[2025-03-04T05:43:24.201Z INFO  benchmark_client] Sending sample transaction 389
[2025-03-04T05:43:24.251Z INFO  benchmark_client] Sending sample transaction 390
[2025-03-04T05:43:24.301Z INFO  benchmark_client] Sending sample transaction 391
[2025-03-04T05:43:24.351Z INFO  benchmark_client] Sending sample transaction 392
[2025-03-04T05:43:24.401Z INFO  benchmark_client] Sending sample transaction 393
[2025-03-04T05:43:24.451Z INFO  benchmark_client] Sending sample transaction 394
[2025-03-04T05:43:24.501Z INFO  benchmark_client] Sending sample transaction 395
[2025-03-04T05:43:24.551Z INFO  benchmark_client] Sending sample transaction 396
[2025-03-04T05:43:24.601Z INFO  benchmark_client] Sending sample transaction 397
[2025-03-04T05:43:24.651Z INFO  benchmark_client] Sending sample transaction 398
[2025-03-04T05:43:24.700Z INFO  benchmark_client] Sending sample transaction 399
[2025-03-04T05:43:24.751Z INFO  benchmark_client] Sending sample transaction 400
[2025-03-04T05:43:24.801Z INFO  benchmark_client] Sending sample transaction 401
[2025-03-04T05:43:24.851Z INFO  benchmark_client] Sending sample transaction 402
[2025-03-04T05:43:24.901Z INFO  benchmark_client] Sending sample transaction 403
[2025-03-04T05:43:24.951Z INFO  benchmark_client] Sending sample transaction 404
[2025-03-04T05:43:25.001Z INFO  benchmark_client] Sending sample transaction 405
[2025-03-04T05:43:25.051Z INFO  benchmark_client] Sending sample transaction 406
[2025-03-04T05:43:25.101Z INFO  benchmark_client] Sending sample transaction 407
[2025-03-04T05:43:25.151Z INFO  benchmark_client] Sending sample transaction 408
[2025-03-04T05:43:25.201Z INFO  benchmark_client] Sending sample transaction 409
[2025-03-04T05:43:25.252Z INFO  benchmark_client] Sending sample transaction 410
[2025-03-04T05:43:25.301Z INFO  benchmark_client] Sending sample transaction 411
[2025-03-04T05:43:25.351Z INFO  benchmark_client] Sending sample transaction 412
[2025-03-04T05:43:25.401Z INFO  benchmark_client] Sending sample transaction 413
[2025-03-04T05:43:25.451Z INFO  benchmark_client] Sending sample transaction 414
[2025-03-04T05:43:25.501Z INFO  benchmark_client] Sending sample transaction 415
[2025-03-04T05:43:25.551Z INFO  benchmark_client] Sending sample transaction 416
[2025-03-04T05:43:25.601Z INFO  benchmark_client] Sending sample transaction 417
[2025-03-04T05:43:25.652Z INFO  benchmark_client] Sending sample transaction 418
[2025-03-04T05:43:25.701Z INFO  benchmark_client] Sending sample transaction 419
[2025-03-04T05:43:25.752Z INFO  benchmark_client] Sending sample transaction 420
[2025-03-04T05:43:25.801Z INFO  benchmark_client] Sending sample transaction 421
[2025-03-04T05:43:25.852Z INFO  benchmark_client] Sending sample transaction 422
[2025-03-04T05:43:25.902Z INFO  benchmark_client] Sending sample transaction 423
[2025-03-04T05:43:25.951Z INFO  benchmark_client] Sending sample transaction 424
[2025-03-04T05:43:26.001Z INFO  benchmark_client] Sending sample transaction 425
[2025-03-04T05:43:26.051Z INFO  benchmark_client] Sending sample transaction 426
[2025-03-04T05:43:26.101Z INFO  benchmark_client] Sending sample transaction 427
[2025-03-04T05:43:26.151Z INFO  benchmark_client] Sending sample transaction 428
[2025-03-04T05:43:26.201Z INFO  benchmark_client] Sending sample transaction 429
[2025-03-04T05:43:26.251Z INFO  benchmark_client] Sending sample transaction 430
[2025-03-04T05:43:26.301Z INFO  benchmark_client] Sending sample transaction 431
[2025-03-04T05:43:26.351Z INFO  benchmark_client] Sending sample transaction 432
[2025-03-04T05:43:26.401Z INFO  benchmark_client] Sending sample transaction 433
[2025-03-04T05:43:26.451Z INFO  benchmark_client] Sending sample transaction 434
[2025-03-04T05:43:26.501Z INFO  benchmark_client] Sending sample transaction 435
[2025-03-04T05:43:26.551Z INFO  benchmark_client] Sending sample transaction 436
[2025-03-04T05:43:26.601Z INFO  benchmark_client] Sending sample transaction 437
[2025-03-04T05:43:26.651Z INFO  benchmark_client] Sending sample transaction 438
[2025-03-04T05:43:26.701Z INFO  benchmark_client] Sending sample transaction 439
[2025-03-04T05:43:26.751Z INFO  benchmark_client] Sending sample transaction 440
[2025-03-04T05:43:26.801Z INFO  benchmark_client] Sending sample transaction 441
[2025-03-04T05:43:26.850Z INFO  benchmark_client] Sending sample transaction 442
[2025-03-04T05:43:26.901Z INFO  benchmark_client] Sending sample transaction 443
[2025-03-04T05:43:26.951Z INFO  benchmark_client] Sending sample transaction 444
[2025-03-04T05:43:27.001Z INFO  benchmark_client] Sending sample transaction 445
[2025-03-04T05:43:27.052Z INFO  benchmark_client] Sending sample transaction 446
[2025-03-04T05:43:27.101Z INFO  benchmark_client] Sending sample transaction 447
[2025-03-04T05:43:27.151Z INFO  benchmark_client] Sending sample transaction 448
[2025-03-04T05:43:27.201Z INFO  benchmark_client] Sending sample transaction 449
[2025-03-04T05:43:27.251Z INFO  benchmark_client] Sending sample transaction 450
[2025-03-04T05:43:27.301Z INFO  benchmark_client] Sending sample transaction 451
[2025-03-04T05:43:27.351Z INFO  benchmark_client] Sending sample transaction 452
[2025-03-04T05:43:27.401Z INFO  benchmark_client] Sending sample transaction 453
[2025-03-04T05:43:27.451Z INFO  benchmark_client] Sending sample transaction 454
[2025-03-04T05:43:27.501Z INFO  benchmark_client] Sending sample transaction 455
[2025-03-04T05:43:27.551Z INFO  benchmark_client] Sending sample transaction 456
[2025-03-04T05:43:27.601Z INFO  benchmark_client] Sending sample transaction 457
[2025-03-04T05:43:27.651Z INFO  benchmark_client] Sending sample transaction 458
[2025-03-04T05:43:27.701Z INFO  benchmark_client] Sending sample transaction 459
[2025-03-04T05:43:27.750Z INFO  benchmark_client] Sending sample transaction 460
[2025-03-04T05:43:27.801Z INFO  benchmark_client] Sending sample transaction 461
[2025-03-04T05:43:27.851Z INFO  benchmark_client] Sending sample transaction 462
[2025-03-04T05:43:27.901Z INFO  benchmark_client] Sending sample transaction 463
[2025-03-04T05:43:27.951Z INFO  benchmark_client] Sending sample transaction 464
[2025-03-04T05:43:28.000Z INFO  benchmark_client] Sending sample transaction 465
[2025-03-04T05:43:28.052Z INFO  benchmark_client] Sending sample transaction 466
[2025-03-04T05:43:28.101Z INFO  benchmark_client] Sending sample transaction 467
[2025-03-04T05:43:28.151Z INFO  benchmark_client] Sending sample transaction 468
[2025-03-04T05:43:28.202Z INFO  benchmark_client] Sending sample transaction 469
[2025-03-04T05:43:28.251Z INFO  benchmark_client] Sending sample transaction 470
[2025-03-04T05:43:28.301Z INFO  benchmark_client] Sending sample transaction 471
[2025-03-04T05:43:28.352Z INFO  benchmark_client] Sending sample transaction 472
[2025-03-04T05:43:28.401Z INFO  benchmark_client] Sending sample transaction 473
[2025-03-04T05:43:28.451Z INFO  benchmark_client] Sending sample transaction 474
[2025-03-04T05:43:28.502Z INFO  benchmark_client] Sending sample transaction 475
[2025-03-04T05:43:28.551Z INFO  benchmark_client] Sending sample transaction 476
[2025-03-04T05:43:28.601Z INFO  benchmark_client] Sending sample transaction 477
[2025-03-04T05:43:28.651Z INFO  benchmark_client] Sending sample transaction 478
[2025-03-04T05:43:28.701Z INFO  benchmark_client] Sending sample transaction 479
[2025-03-04T05:43:28.751Z INFO  benchmark_client] Sending sample transaction 480
[2025-03-04T05:43:28.801Z INFO  benchmark_client] Sending sample transaction 481
[2025-03-04T05:43:28.852Z INFO  benchmark_client] Sending sample transaction 482
[2025-03-04T05:43:28.901Z INFO  benchmark_client] Sending sample transaction 483
[2025-03-04T05:43:28.951Z INFO  benchmark_client] Sending sample transaction 484
[2025-03-04T05:43:29.001Z INFO  benchmark_client] Sending sample transaction 485
[2025-03-04T05:43:29.052Z INFO  benchmark_client] Sending sample transaction 486
[2025-03-04T05:43:29.102Z INFO  benchmark_client] Sending sample transaction 487
[2025-03-04T05:43:29.151Z INFO  benchmark_client] Sending sample transaction 488
[2025-03-04T05:43:29.201Z INFO  benchmark_client] Sending sample transaction 489
[2025-03-04T05:43:29.251Z INFO  benchmark_client] Sending sample transaction 490
[2025-03-04T05:43:29.301Z INFO  benchmark_client] Sending sample transaction 491
[2025-03-04T05:43:29.352Z INFO  benchmark_client] Sending sample transaction 492
[2025-03-04T05:43:29.401Z INFO  benchmark_client] Sending sample transaction 493
[2025-03-04T05:43:29.451Z INFO  benchmark_client] Sending sample transaction 494
[2025-03-04T05:43:29.501Z INFO  benchmark_client] Sending sample transaction 495
[2025-03-04T05:43:29.552Z INFO  benchmark_client] Sending sample transaction 496
[2025-03-04T05:43:29.601Z INFO  benchmark_client] Sending sample transaction 497
[2025-03-04T05:43:29.651Z INFO  benchmark_client] Sending sample transaction 498
[2025-03-04T05:43:29.702Z INFO  benchmark_client] Sending sample transaction 499
[2025-03-04T05:43:29.750Z INFO  benchmark_client] Sending sample transaction 500
[2025-03-04T05:43:29.800Z INFO  benchmark_client] Sending sample transaction 501
[2025-03-04T05:43:29.850Z INFO  benchmark_client] Sending sample transaction 502
[2025-03-04T05:43:29.901Z INFO  benchmark_client] Sending sample transaction 503
[2025-03-04T05:43:29.950Z INFO  benchmark_client] Sending sample transaction 504
[2025-03-04T05:43:30.000Z INFO  benchmark_client] Sending sample transaction 505
[2025-03-04T05:43:30.050Z INFO  benchmark_client] Sending sample transaction 506
[2025-03-04T05:43:30.100Z INFO  benchmark_client] Sending sample transaction 507
[2025-03-04T05:43:30.150Z INFO  benchmark_client] Sending sample transaction 508
[2025-03-04T05:43:30.200Z INFO  benchmark_client] Sending sample transaction 509
[2025-03-04T05:43:30.250Z INFO  benchmark_client] Sending sample transaction 510
[2025-03-04T05:43:30.300Z INFO  benchmark_client] Sending sample transaction 511
[2025-03-04T05:43:30.350Z INFO  benchmark_client] Sending sample transaction 512
[2025-03-04T05:43:30.400Z INFO  benchmark_client] Sending sample transaction 513
[2025-03-04T05:43:30.450Z INFO  benchmark_client] Sending sample transaction 514
[2025-03-04T05:43:30.500Z INFO  benchmark_client] Sending sample transaction 515
[2025-03-04T05:43:30.550Z INFO  benchmark_client] Sending sample transaction 516
[2025-03-04T05:43:30.600Z INFO  benchmark_client] Sending sample transaction 517
[2025-03-04T05:43:30.650Z INFO  benchmark_client] Sending sample transaction 518
[2025-03-04T05:43:30.700Z INFO  benchmark_client] Sending sample transaction 519
[2025-03-04T05:43:30.750Z INFO  benchmark_client] Sending sample transaction 520
[2025-03-04T05:43:30.800Z INFO  benchmark_client] Sending sample transaction 521
[2025-03-04T05:43:30.850Z INFO  benchmark_client] Sending sample transaction 522
[2025-03-04T05:43:30.901Z INFO  benchmark_client] Sending sample transaction 523
[2025-03-04T05:43:30.950Z INFO  benchmark_client] Sending sample transaction 524
[2025-03-04T05:43:31.000Z INFO  benchmark_client] Sending sample transaction 525
[2025-03-04T05:43:31.050Z INFO  benchmark_client] Sending sample transaction 526
[2025-03-04T05:43:31.100Z INFO  benchmark_client] Sending sample transaction 527
[2025-03-04T05:43:31.150Z INFO  benchmark_client] Sending sample transaction 528
[2025-03-04T05:43:31.200Z INFO  benchmark_client] Sending sample transaction 529
[2025-03-04T05:43:31.250Z INFO  benchmark_client] Sending sample transaction 530
[2025-03-04T05:43:31.300Z INFO  benchmark_client] Sending sample transaction 531
[2025-03-04T05:43:31.351Z INFO  benchmark_client] Sending sample transaction 532
[2025-03-04T05:43:31.400Z INFO  benchmark_client] Sending sample transaction 533
[2025-03-04T05:43:31.450Z INFO  benchmark_client] Sending sample transaction 534
[2025-03-04T05:43:31.500Z INFO  benchmark_client] Sending sample transaction 535
[2025-03-04T05:43:31.550Z INFO  benchmark_client] Sending sample transaction 536
[2025-03-04T05:43:31.600Z INFO  benchmark_client] Sending sample transaction 537
[2025-03-04T05:43:31.650Z INFO  benchmark_client] Sending sample transaction 538
[2025-03-04T05:43:31.700Z INFO  benchmark_client] Sending sample transaction 539
[2025-03-04T05:43:31.750Z INFO  benchmark_client] Sending sample transaction 540
[2025-03-04T05:43:31.800Z INFO  benchmark_client] Sending sample transaction 541
[2025-03-04T05:43:31.851Z INFO  benchmark_client] Sending sample transaction 542
[2025-03-04T05:43:31.900Z INFO  benchmark_client] Sending sample transaction 543
[2025-03-04T05:43:31.950Z INFO  benchmark_client] Sending sample transaction 544
[2025-03-04T05:43:32.000Z INFO  benchmark_client] Sending sample transaction 545
[2025-03-04T05:43:32.050Z INFO  benchmark_client] Sending sample transaction 546
[2025-03-04T05:43:32.101Z INFO  benchmark_client] Sending sample transaction 547
[2025-03-04T05:43:32.150Z INFO  benchmark_client] Sending sample transaction 548
[2025-03-04T05:43:32.200Z INFO  benchmark_client] Sending sample transaction 549
[2025-03-04T05:43:32.250Z INFO  benchmark_client] Sending sample transaction 550
[2025-03-04T05:43:32.300Z INFO  benchmark_client] Sending sample transaction 551
[2025-03-04T05:43:32.350Z INFO  benchmark_client] Sending sample transaction 552
[2025-03-04T05:43:32.400Z INFO  benchmark_client] Sending sample transaction 553
[2025-03-04T05:43:32.450Z INFO  benchmark_client] Sending sample transaction 554
[2025-03-04T05:43:32.500Z INFO  benchmark_client] Sending sample transaction 555
[2025-03-04T05:43:32.550Z INFO  benchmark_client] Sending sample transaction 556
[2025-03-04T05:43:32.601Z INFO  benchmark_client] Sending sample transaction 557
[2025-03-04T05:43:32.650Z INFO  benchmark_client] Sending sample transaction 558
[2025-03-04T05:43:32.701Z INFO  benchmark_client] Sending sample transaction 559
[2025-03-04T05:43:32.750Z INFO  benchmark_client] Sending sample transaction 560
[2025-03-04T05:43:32.801Z INFO  benchmark_client] Sending sample transaction 561
[2025-03-04T05:43:32.850Z INFO  benchmark_client] Sending sample transaction 562
[2025-03-04T05:43:32.901Z INFO  benchmark_client] Sending sample transaction 563
[2025-03-04T05:43:32.950Z INFO  benchmark_client] Sending sample transaction 564
[2025-03-04T05:43:33.001Z INFO  benchmark_client] Sending sample transaction 565
[2025-03-04T05:43:33.050Z INFO  benchmark_client] Sending sample transaction 566
[2025-03-04T05:43:33.101Z INFO  benchmark_client] Sending sample transaction 567
[2025-03-04T05:43:33.150Z INFO  benchmark_client] Sending sample transaction 568
[2025-03-04T05:43:33.200Z INFO  benchmark_client] Sending sample transaction 569
[2025-03-04T05:43:33.251Z INFO  benchmark_client] Sending sample transaction 570
[2025-03-04T05:43:33.300Z INFO  benchmark_client] Sending sample transaction 571
[2025-03-04T05:43:33.350Z INFO  benchmark_client] Sending sample transaction 572
[2025-03-04T05:43:33.400Z INFO  benchmark_client] Sending sample transaction 573
[2025-03-04T05:43:33.450Z INFO  benchmark_client] Sending sample transaction 574
[2025-03-04T05:43:33.500Z INFO  benchmark_client] Sending sample transaction 575
[2025-03-04T05:43:33.550Z INFO  benchmark_client] Sending sample transaction 576
[2025-03-04T05:43:33.600Z INFO  benchmark_client] Sending sample transaction 577
[2025-03-04T05:43:33.650Z INFO  benchmark_client] Sending sample transaction 578
[2025-03-04T05:43:33.701Z INFO  benchmark_client] Sending sample transaction 579
[2025-03-04T05:43:33.750Z INFO  benchmark_client] Sending sample transaction 580
[2025-03-04T05:43:33.800Z INFO  benchmark_client] Sending sample transaction 581
[2025-03-04T05:43:33.850Z INFO  benchmark_client] Sending sample transaction 582
[2025-03-04T05:43:33.900Z INFO  benchmark_client] Sending sample transaction 583
[2025-03-04T05:43:33.950Z INFO  benchmark_client] Sending sample transaction 584
[2025-03-04T05:43:34.000Z INFO  benchmark_client] Sending sample transaction 585
[2025-03-04T05:43:34.050Z INFO  benchmark_client] Sending sample transaction 586
[2025-03-04T05:43:34.100Z INFO  benchmark_client] Sending sample transaction 587
[2025-03-04T05:43:34.151Z INFO  benchmark_client] Sending sample transaction 588
[2025-03-04T05:43:34.200Z INFO  benchmark_client] Sending sample transaction 589
[2025-03-04T05:43:34.250Z INFO  benchmark_client] Sending sample transaction 590
[2025-03-04T05:43:34.300Z INFO  benchmark_client] Sending sample transaction 591
[2025-03-04T05:43:34.351Z INFO  benchmark_client] Sending sample transaction 592
[2025-03-04T05:43:34.400Z INFO  benchmark_client] Sending sample transaction 593
[2025-03-04T05:43:34.451Z INFO  benchmark_client] Sending sample transaction 594
[2025-03-04T05:43:34.500Z INFO  benchmark_client] Sending sample transaction 595
[2025-03-04T05:43:34.550Z INFO  benchmark_client] Sending sample transaction 596
[2025-03-04T05:43:34.600Z INFO  benchmark_client] Sending sample transaction 597
[2025-03-04T05:43:34.651Z INFO  benchmark_client] Sending sample transaction 598
[2025-03-04T05:43:34.700Z INFO  benchmark_client] Sending sample transaction 599
[2025-03-04T05:43:34.751Z INFO  benchmark_client] Sending sample transaction 600
[2025-03-04T05:43:34.800Z INFO  benchmark_client] Sending sample transaction 601
[2025-03-04T05:43:34.850Z INFO  benchmark_client] Sending sample transaction 602
[2025-03-04T05:43:34.900Z INFO  benchmark_client] Sending sample transaction 603
[2025-03-04T05:43:34.950Z INFO  benchmark_client] Sending sample transaction 604
[2025-03-04T05:43:35.001Z INFO  benchmark_client] Sending sample transaction 605
[2025-03-04T05:43:35.050Z INFO  benchmark_client] Sending sample transaction 606
[2025-03-04T05:43:35.101Z INFO  benchmark_client] Sending sample transaction 607
[2025-03-04T05:43:35.151Z INFO  benchmark_client] Sending sample transaction 608
[2025-03-04T05:43:35.200Z INFO  benchmark_client] Sending sample transaction 609
[2025-03-04T05:43:35.251Z INFO  benchmark_client] Sending sample transaction 610
[2025-03-04T05:43:35.300Z INFO  benchmark_client] Sending sample transaction 611
[2025-03-04T05:43:35.350Z INFO  benchmark_client] Sending sample transaction 612
[2025-03-04T05:43:35.400Z INFO  benchmark_client] Sending sample transaction 613
[2025-03-04T05:43:35.451Z INFO  benchmark_client] Sending sample transaction 614
[2025-03-04T05:43:35.501Z INFO  benchmark_client] Sending sample transaction 615
[2025-03-04T05:43:35.551Z INFO  benchmark_client] Sending sample transaction 616
[2025-03-04T05:43:35.601Z INFO  benchmark_client] Sending sample transaction 617
[2025-03-04T05:43:35.650Z INFO  benchmark_client] Sending sample transaction 618
[2025-03-04T05:43:35.701Z INFO  benchmark_client] Sending sample transaction 619
[2025-03-04T05:43:35.750Z INFO  benchmark_client] Sending sample transaction 620
[2025-03-04T05:43:35.801Z INFO  benchmark_client] Sending sample transaction 621
[2025-03-04T05:43:35.850Z INFO  benchmark_client] Sending sample transaction 622
[2025-03-04T05:43:35.900Z INFO  benchmark_client] Sending sample transaction 623
[2025-03-04T05:43:35.950Z INFO  benchmark_client] Sending sample transaction 624
[2025-03-04T05:43:36.000Z INFO  benchmark_client] Sending sample transaction 625
[2025-03-04T05:43:36.050Z INFO  benchmark_client] Sending sample transaction 626
[2025-03-04T05:43:36.101Z INFO  benchmark_client] Sending sample transaction 627
[2025-03-04T05:43:36.151Z INFO  benchmark_client] Sending sample transaction 628
[2025-03-04T05:43:36.200Z INFO  benchmark_client] Sending sample transaction 629
[2025-03-04T05:43:36.251Z INFO  benchmark_client] Sending sample transaction 630
[2025-03-04T05:43:36.301Z INFO  benchmark_client] Sending sample transaction 631
[2025-03-04T05:43:36.350Z INFO  benchmark_client] Sending sample transaction 632
[2025-03-04T05:43:36.401Z INFO  benchmark_client] Sending sample transaction 633
[2025-03-04T05:43:36.451Z INFO  benchmark_client] Sending sample transaction 634
[2025-03-04T05:43:36.500Z INFO  benchmark_client] Sending sample transaction 635
[2025-03-04T05:43:36.551Z INFO  benchmark_client] Sending sample transaction 636
[2025-03-04T05:43:36.600Z INFO  benchmark_client] Sending sample transaction 637
[2025-03-04T05:43:36.650Z INFO  benchmark_client] Sending sample transaction 638
[2025-03-04T05:43:36.701Z INFO  benchmark_client] Sending sample transaction 639
[2025-03-04T05:43:36.751Z INFO  benchmark_client] Sending sample transaction 640
[2025-03-04T05:43:36.801Z INFO  benchmark_client] Sending sample transaction 641
[2025-03-04T05:43:36.850Z INFO  benchmark_client] Sending sample transaction 642
[2025-03-04T05:43:36.900Z INFO  benchmark_client] Sending sample transaction 643
[2025-03-04T05:43:36.951Z INFO  benchmark_client] Sending sample transaction 644
[2025-03-04T05:43:37.001Z INFO  benchmark_client] Sending sample transaction 645
[2025-03-04T05:43:37.051Z INFO  benchmark_client] Sending sample transaction 646
[2025-03-04T05:43:37.100Z INFO  benchmark_client] Sending sample transaction 647
[2025-03-04T05:43:37.151Z INFO  benchmark_client] Sending sample transaction 648
[2025-03-04T05:43:37.200Z INFO  benchmark_client] Sending sample transaction 649
[2025-03-04T05:43:37.250Z INFO  benchmark_client] Sending sample transaction 650
[2025-03-04T05:43:37.301Z INFO  benchmark_client] Sending sample transaction 651
[2025-03-04T05:43:37.351Z INFO  benchmark_client] Sending sample transaction 652
[2025-03-04T05:43:37.400Z INFO  benchmark_client] Sending sample transaction 653
[2025-03-04T05:43:37.450Z INFO  benchmark_client] Sending sample transaction 654
[2025-03-04T05:43:37.500Z INFO  benchmark_client] Sending sample transaction 655
[2025-03-04T05:43:37.551Z INFO  benchmark_client] Sending sample transaction 656
[2025-03-04T05:43:37.601Z INFO  benchmark_client] Sending sample transaction 657
[2025-03-04T05:43:37.650Z INFO  benchmark_client] Sending sample transaction 658
[2025-03-04T05:43:37.701Z INFO  benchmark_client] Sending sample transaction 659
[2025-03-04T05:43:37.751Z INFO  benchmark_client] Sending sample transaction 660
[2025-03-04T05:43:37.800Z INFO  benchmark_client] Sending sample transaction 661
[2025-03-04T05:43:37.851Z INFO  benchmark_client] Sending sample transaction 662
[2025-03-04T05:43:37.900Z INFO  benchmark_client] Sending sample transaction 663
[2025-03-04T05:43:37.950Z INFO  benchmark_client] Sending sample transaction 664
[2025-03-04T05:43:38.000Z INFO  benchmark_client] Sending sample transaction 665
[2025-03-04T05:43:38.051Z INFO  benchmark_client] Sending sample transaction 666
[2025-03-04T05:43:38.100Z INFO  benchmark_client] Sending sample transaction 667
[2025-03-04T05:43:38.151Z INFO  benchmark_client] Sending sample transaction 668
[2025-03-04T05:43:38.201Z INFO  benchmark_client] Sending sample transaction 669
[2025-03-04T05:43:38.250Z INFO  benchmark_client] Sending sample transaction 670
[2025-03-04T05:43:38.301Z INFO  benchmark_client] Sending sample transaction 671
[2025-03-04T05:43:38.350Z INFO  benchmark_client] Sending sample transaction 672
[2025-03-04T05:43:38.401Z INFO  benchmark_client] Sending sample transaction 673
[2025-03-04T05:43:38.451Z INFO  benchmark_client] Sending sample transaction 674
[2025-03-04T05:43:38.501Z INFO  benchmark_client] Sending sample transaction 675
[2025-03-04T05:43:38.551Z INFO  benchmark_client] Sending sample transaction 676
[2025-03-04T05:43:38.601Z INFO  benchmark_client] Sending sample transaction 677
[2025-03-04T05:43:38.650Z INFO  benchmark_client] Sending sample transaction 678
[2025-03-04T05:43:38.700Z INFO  benchmark_client] Sending sample transaction 679
[2025-03-04T05:43:38.750Z INFO  benchmark_client] Sending sample transaction 680
[2025-03-04T05:43:38.801Z INFO  benchmark_client] Sending sample transaction 681
[2025-03-04T05:43:38.851Z INFO  benchmark_client] Sending sample transaction 682
[2025-03-04T05:43:38.900Z INFO  benchmark_client] Sending sample transaction 683
[2025-03-04T05:43:38.950Z INFO  benchmark_client] Sending sample transaction 684
[2025-03-04T05:43:39.000Z INFO  benchmark_client] Sending sample transaction 685
[2025-03-04T05:43:39.050Z INFO  benchmark_client] Sending sample transaction 686
[2025-03-04T05:43:39.100Z INFO  benchmark_client] Sending sample transaction 687
[2025-03-04T05:43:39.151Z INFO  benchmark_client] Sending sample transaction 688
[2025-03-04T05:43:39.201Z INFO  benchmark_client] Sending sample transaction 689
[2025-03-04T05:43:39.250Z INFO  benchmark_client] Sending sample transaction 690
[2025-03-04T05:43:39.300Z INFO  benchmark_client] Sending sample transaction 691
[2025-03-04T05:43:39.350Z INFO  benchmark_client] Sending sample transaction 692
[2025-03-04T05:43:39.401Z INFO  benchmark_client] Sending sample transaction 693
[2025-03-04T05:43:39.451Z INFO  benchmark_client] Sending sample transaction 694
[2025-03-04T05:43:39.501Z INFO  benchmark_client] Sending sample transaction 695
[2025-03-04T05:43:39.550Z INFO  benchmark_client] Sending sample transaction 696
[2025-03-04T05:43:39.600Z INFO  benchmark_client] Sending sample transaction 697
[2025-03-04T05:43:39.650Z INFO  benchmark_client] Sending sample transaction 698
[2025-03-04T05:43:39.701Z INFO  benchmark_client] Sending sample transaction 699
[2025-03-04T05:43:39.750Z INFO  benchmark_client] Sending sample transaction 700
[2025-03-04T05:43:39.801Z INFO  benchmark_client] Sending sample transaction 701
[2025-03-04T05:43:39.851Z INFO  benchmark_client] Sending sample transaction 702
[2025-03-04T05:43:39.901Z INFO  benchmark_client] Sending sample transaction 703
[2025-03-04T05:43:39.950Z INFO  benchmark_client] Sending sample transaction 704
[2025-03-04T05:43:40.000Z INFO  benchmark_client] Sending sample transaction 705
[2025-03-04T05:43:40.051Z INFO  benchmark_client] Sending sample transaction 706
[2025-03-04T05:43:40.100Z INFO  benchmark_client] Sending sample transaction 707
[2025-03-04T05:43:40.150Z INFO  benchmark_client] Sending sample transaction 708
[2025-03-04T05:43:40.201Z INFO  benchmark_client] Sending sample transaction 709
[2025-03-04T05:43:40.251Z INFO  benchmark_client] Sending sample transaction 710
[2025-03-04T05:43:40.300Z INFO  benchmark_client] Sending sample transaction 711
[2025-03-04T05:43:40.350Z INFO  benchmark_client] Sending sample transaction 712
[2025-03-04T05:43:40.401Z INFO  benchmark_client] Sending sample transaction 713
[2025-03-04T05:43:40.450Z INFO  benchmark_client] Sending sample transaction 714
[2025-03-04T05:43:40.501Z INFO  benchmark_client] Sending sample transaction 715
[2025-03-04T05:43:40.551Z INFO  benchmark_client] Sending sample transaction 716
[2025-03-04T05:43:40.601Z INFO  benchmark_client] Sending sample transaction 717
[2025-03-04T05:43:40.651Z INFO  benchmark_client] Sending sample transaction 718
[2025-03-04T05:43:40.700Z INFO  benchmark_client] Sending sample transaction 719
[2025-03-04T05:43:40.751Z INFO  benchmark_client] Sending sample transaction 720
[2025-03-04T05:43:40.801Z INFO  benchmark_client] Sending sample transaction 721
[2025-03-04T05:43:40.850Z INFO  benchmark_client] Sending sample transaction 722
[2025-03-04T05:43:40.900Z INFO  benchmark_client] Sending sample transaction 723
[2025-03-04T05:43:40.950Z INFO  benchmark_client] Sending sample transaction 724
[2025-03-04T05:43:41.001Z INFO  benchmark_client] Sending sample transaction 725
[2025-03-04T05:43:41.050Z INFO  benchmark_client] Sending sample transaction 726
[2025-03-04T05:43:41.101Z INFO  benchmark_client] Sending sample transaction 727
[2025-03-04T05:43:41.151Z INFO  benchmark_client] Sending sample transaction 728
[2025-03-04T05:43:41.201Z INFO  benchmark_client] Sending sample transaction 729
[2025-03-04T05:43:41.251Z INFO  benchmark_client] Sending sample transaction 730
[2025-03-04T05:43:41.300Z INFO  benchmark_client] Sending sample transaction 731
[2025-03-04T05:43:41.350Z INFO  benchmark_client] Sending sample transaction 732
[2025-03-04T05:43:41.401Z INFO  benchmark_client] Sending sample transaction 733
[2025-03-04T05:43:41.451Z INFO  benchmark_client] Sending sample transaction 734
[2025-03-04T05:43:41.501Z INFO  benchmark_client] Sending sample transaction 735
[2025-03-04T05:43:41.550Z INFO  benchmark_client] Sending sample transaction 736
[2025-03-04T05:43:41.600Z INFO  benchmark_client] Sending sample transaction 737
[2025-03-04T05:43:41.651Z INFO  benchmark_client] Sending sample transaction 738
[2025-03-04T05:43:41.700Z INFO  benchmark_client] Sending sample transaction 739
[2025-03-04T05:43:41.750Z INFO  benchmark_client] Sending sample transaction 740
[2025-03-04T05:43:41.801Z INFO  benchmark_client] Sending sample transaction 741
[2025-03-04T05:43:41.851Z INFO  benchmark_client] Sending sample transaction 742
[2025-03-04T05:43:41.900Z INFO  benchmark_client] Sending sample transaction 743
[2025-03-04T05:43:41.950Z INFO  benchmark_client] Sending sample transaction 744
[2025-03-04T05:43:42.000Z INFO  benchmark_client] Sending sample transaction 745
[2025-03-04T05:43:42.051Z INFO  benchmark_client] Sending sample transaction 746
[2025-03-04T05:43:42.101Z INFO  benchmark_client] Sending sample transaction 747
[2025-03-04T05:43:42.151Z INFO  benchmark_client] Sending sample transaction 748
[2025-03-04T05:43:42.200Z INFO  benchmark_client] Sending sample transaction 749
[2025-03-04T05:43:42.251Z INFO  benchmark_client] Sending sample transaction 750
[2025-03-04T05:43:42.300Z INFO  benchmark_client] Sending sample transaction 751
[2025-03-04T05:43:42.351Z INFO  benchmark_client] Sending sample transaction 752
[2025-03-04T05:43:42.401Z INFO  benchmark_client] Sending sample transaction 753
[2025-03-04T05:43:42.451Z INFO  benchmark_client] Sending sample transaction 754
[2025-03-04T05:43:42.500Z INFO  benchmark_client] Sending sample transaction 755
[2025-03-04T05:43:42.550Z INFO  benchmark_client] Sending sample transaction 756
[2025-03-04T05:43:42.600Z INFO  benchmark_client] Sending sample transaction 757
[2025-03-04T05:43:42.650Z INFO  benchmark_client] Sending sample transaction 758
[2025-03-04T05:43:42.701Z INFO  benchmark_client] Sending sample transaction 759
[2025-03-04T05:43:42.751Z INFO  benchmark_client] Sending sample transaction 760
[2025-03-04T05:43:42.801Z INFO  benchmark_client] Sending sample transaction 761
[2025-03-04T05:43:42.850Z INFO  benchmark_client] Sending sample transaction 762
[2025-03-04T05:43:42.901Z INFO  benchmark_client] Sending sample transaction 763
[2025-03-04T05:43:42.951Z INFO  benchmark_client] Sending sample transaction 764
[2025-03-04T05:43:43.000Z INFO  benchmark_client] Sending sample transaction 765
[2025-03-04T05:43:43.051Z INFO  benchmark_client] Sending sample transaction 766
[2025-03-04T05:43:43.101Z INFO  benchmark_client] Sending sample transaction 767
[2025-03-04T05:43:43.150Z INFO  benchmark_client] Sending sample transaction 768
[2025-03-04T05:43:43.201Z INFO  benchmark_client] Sending sample transaction 769
[2025-03-04T05:43:43.251Z INFO  benchmark_client] Sending sample transaction 770
[2025-03-04T05:43:43.300Z INFO  benchmark_client] Sending sample transaction 771
[2025-03-04T05:43:43.350Z INFO  benchmark_client] Sending sample transaction 772
[2025-03-04T05:43:43.401Z INFO  benchmark_client] Sending sample transaction 773
[2025-03-04T05:43:43.451Z INFO  benchmark_client] Sending sample transaction 774
[2025-03-04T05:43:43.500Z INFO  benchmark_client] Sending sample transaction 775
[2025-03-04T05:43:43.551Z INFO  benchmark_client] Sending sample transaction 776
[2025-03-04T05:43:43.601Z INFO  benchmark_client] Sending sample transaction 777
[2025-03-04T05:43:43.650Z INFO  benchmark_client] Sending sample transaction 778
[2025-03-04T05:43:43.701Z INFO  benchmark_client] Sending sample transaction 779
[2025-03-04T05:43:43.751Z INFO  benchmark_client] Sending sample transaction 780
[2025-03-04T05:43:43.801Z INFO  benchmark_client] Sending sample transaction 781
[2025-03-04T05:43:43.851Z INFO  benchmark_client] Sending sample transaction 782
[2025-03-04T05:43:43.901Z INFO  benchmark_client] Sending sample transaction 783
[2025-03-04T05:43:43.951Z INFO  benchmark_client] Sending sample transaction 784
[2025-03-04T05:43:44.001Z INFO  benchmark_client] Sending sample transaction 785
[2025-03-04T05:43:44.052Z INFO  benchmark_client] Sending sample transaction 786
[2025-03-04T05:43:44.101Z INFO  benchmark_client] Sending sample transaction 787
[2025-03-04T05:43:44.151Z INFO  benchmark_client] Sending sample transaction 788
[2025-03-04T05:43:44.200Z INFO  benchmark_client] Sending sample transaction 789
[2025-03-04T05:43:44.250Z INFO  benchmark_client] Sending sample transaction 790
[2025-03-04T05:43:44.300Z INFO  benchmark_client] Sending sample transaction 791
[2025-03-04T05:43:44.351Z INFO  benchmark_client] Sending sample transaction 792
[2025-03-04T05:43:44.401Z INFO  benchmark_client] Sending sample transaction 793
[2025-03-04T05:43:44.451Z INFO  benchmark_client] Sending sample transaction 794
[2025-03-04T05:43:44.501Z INFO  benchmark_client] Sending sample transaction 795
[2025-03-04T05:43:44.551Z INFO  benchmark_client] Sending sample transaction 796
[2025-03-04T05:43:44.600Z INFO  benchmark_client] Sending sample transaction 797
[2025-03-04T05:43:44.651Z INFO  benchmark_client] Sending sample transaction 798
[2025-03-04T05:43:44.701Z INFO  benchmark_client] Sending sample transaction 799
[2025-03-04T05:43:44.751Z INFO  benchmark_client] Sending sample transaction 800
[2025-03-04T05:43:44.801Z INFO  benchmark_client] Sending sample transaction 801
[2025-03-04T05:43:44.851Z INFO  benchmark_client] Sending sample transaction 802
[2025-03-04T05:43:44.900Z INFO  benchmark_client] Sending sample transaction 803
[2025-03-04T05:43:44.951Z INFO  benchmark_client] Sending sample transaction 804
