[2025-03-04T06:20:39.514Z INFO  benchmark_client] Node address: 172.16.6.1:3004
[2025-03-04T06:20:39.514Z INFO  benchmark_client] Transactions size: 512 B
[2025-03-04T06:20:39.514Z INFO  benchmark_client] Transactions rate: 10000 tx/s
[2025-03-04T06:20:39.514Z INFO  benchmark_client] Waiting for all nodes to be online...
[2025-03-04T06:20:39.547Z INFO  benchmark_client] Burst duration 50
[2025-03-04T06:20:39.548Z INFO  benchmark_client] Start sending transactions
[2025-03-04T06:20:39.548Z INFO  benchmark_client] Burst: 500
[2025-03-04T06:20:39.549Z INFO  benchmark_client] Sending sample transaction 0
[2025-03-04T06:20:39.599Z INFO  benchmark_client] Sending sample transaction 1
[2025-03-04T06:20:39.649Z INFO  benchmark_client] Sending sample transaction 2
[2025-03-04T06:20:39.699Z INFO  benchmark_client] Sending sample transaction 3
[2025-03-04T06:20:39.749Z INFO  benchmark_client] Sending sample transaction 4
[2025-03-04T06:20:39.799Z INFO  benchmark_client] Sending sample transaction 5
[2025-03-04T06:20:39.848Z INFO  benchmark_client] Sending sample transaction 6
[2025-03-04T06:20:39.898Z INFO  benchmark_client] Sending sample transaction 7
[2025-03-04T06:20:39.948Z INFO  benchmark_client] Sending sample transaction 8
[2025-03-04T06:20:39.998Z INFO  benchmark_client] Sending sample transaction 9
[2025-03-04T06:20:40.049Z INFO  benchmark_client] Sending sample transaction 10
[2025-03-04T06:20:40.099Z INFO  benchmark_client] Sending sample transaction 11
[2025-03-04T06:20:40.149Z INFO  benchmark_client] Sending sample transaction 12
[2025-03-04T06:20:40.199Z INFO  benchmark_client] Sending sample transaction 13
[2025-03-04T06:20:40.249Z INFO  benchmark_client] Sending sample transaction 14
[2025-03-04T06:20:40.299Z INFO  benchmark_client] Sending sample transaction 15
[2025-03-04T06:20:40.349Z INFO  benchmark_client] Sending sample transaction 16
[2025-03-04T06:20:40.399Z INFO  benchmark_client] Sending sample transaction 17
[2025-03-04T06:20:40.448Z INFO  benchmark_client] Sending sample transaction 18
[2025-03-04T06:20:40.498Z INFO  benchmark_client] Sending sample transaction 19
[2025-03-04T06:20:40.548Z INFO  benchmark_client] Sending sample transaction 20
[2025-03-04T06:20:40.599Z INFO  benchmark_client] Sending sample transaction 21
[2025-03-04T06:20:40.649Z INFO  benchmark_client] Sending sample transaction 22
[2025-03-04T06:20:40.699Z INFO  benchmark_client] Sending sample transaction 23
[2025-03-04T06:20:40.748Z INFO  benchmark_client] Sending sample transaction 24
[2025-03-04T06:20:40.799Z INFO  benchmark_client] Sending sample transaction 25
[2025-03-04T06:20:40.849Z INFO  benchmark_client] Sending sample transaction 26
[2025-03-04T06:20:40.899Z INFO  benchmark_client] Sending sample transaction 27
[2025-03-04T06:20:40.949Z INFO  benchmark_client] Sending sample transaction 28
[2025-03-04T06:20:40.999Z INFO  benchmark_client] Sending sample transaction 29
[2025-03-04T06:20:41.049Z INFO  benchmark_client] Sending sample transaction 30
[2025-03-04T06:20:41.099Z INFO  benchmark_client] Sending sample transaction 31
[2025-03-04T06:20:41.149Z INFO  benchmark_client] Sending sample transaction 32
[2025-03-04T06:20:41.199Z INFO  benchmark_client] Sending sample transaction 33
[2025-03-04T06:20:41.248Z INFO  benchmark_client] Sending sample transaction 34
[2025-03-04T06:20:41.299Z INFO  benchmark_client] Sending sample transaction 35
[2025-03-04T06:20:41.348Z INFO  benchmark_client] Sending sample transaction 36
[2025-03-04T06:20:41.398Z INFO  benchmark_client] Sending sample transaction 37
[2025-03-04T06:20:41.449Z INFO  benchmark_client] Sending sample transaction 38
[2025-03-04T06:20:41.498Z INFO  benchmark_client] Sending sample transaction 39
[2025-03-04T06:20:41.548Z INFO  benchmark_client] Sending sample transaction 40
[2025-03-04T06:20:41.599Z INFO  benchmark_client] Sending sample transaction 41
[2025-03-04T06:20:41.649Z INFO  benchmark_client] Sending sample transaction 42
[2025-03-04T06:20:41.699Z INFO  benchmark_client] Sending sample transaction 43
[2025-03-04T06:20:41.749Z INFO  benchmark_client] Sending sample transaction 44
[2025-03-04T06:20:41.799Z INFO  benchmark_client] Sending sample transaction 45
[2025-03-04T06:20:41.848Z INFO  benchmark_client] Sending sample transaction 46
[2025-03-04T06:20:41.899Z INFO  benchmark_client] Sending sample transaction 47
[2025-03-04T06:20:41.948Z INFO  benchmark_client] Sending sample transaction 48
[2025-03-04T06:20:41.999Z INFO  benchmark_client] Sending sample transaction 49
[2025-03-04T06:20:42.049Z INFO  benchmark_client] Sending sample transaction 50
[2025-03-04T06:20:42.099Z INFO  benchmark_client] Sending sample transaction 51
[2025-03-04T06:20:42.149Z INFO  benchmark_client] Sending sample transaction 52
[2025-03-04T06:20:42.199Z INFO  benchmark_client] Sending sample transaction 53
[2025-03-04T06:20:42.249Z INFO  benchmark_client] Sending sample transaction 54
[2025-03-04T06:20:42.298Z INFO  benchmark_client] Sending sample transaction 55
[2025-03-04T06:20:42.349Z INFO  benchmark_client] Sending sample transaction 56
[2025-03-04T06:20:42.399Z INFO  benchmark_client] Sending sample transaction 57
[2025-03-04T06:20:42.449Z INFO  benchmark_client] Sending sample transaction 58
[2025-03-04T06:20:42.499Z INFO  benchmark_client] Sending sample transaction 59
[2025-03-04T06:20:42.549Z INFO  benchmark_client] Sending sample transaction 60
[2025-03-04T06:20:42.599Z INFO  benchmark_client] Sending sample transaction 61
[2025-03-04T06:20:42.649Z INFO  benchmark_client] Sending sample transaction 62
[2025-03-04T06:20:42.699Z INFO  benchmark_client] Sending sample transaction 63
[2025-03-04T06:20:42.749Z INFO  benchmark_client] Sending sample transaction 64
[2025-03-04T06:20:42.799Z INFO  benchmark_client] Sending sample transaction 65
[2025-03-04T06:20:42.849Z INFO  benchmark_client] Sending sample transaction 66
[2025-03-04T06:20:42.899Z INFO  benchmark_client] Sending sample transaction 67
[2025-03-04T06:20:42.949Z INFO  benchmark_client] Sending sample transaction 68
[2025-03-04T06:20:42.999Z INFO  benchmark_client] Sending sample transaction 69
[2025-03-04T06:20:43.049Z INFO  benchmark_client] Sending sample transaction 70
[2025-03-04T06:20:43.099Z INFO  benchmark_client] Sending sample transaction 71
[2025-03-04T06:20:43.149Z INFO  benchmark_client] Sending sample transaction 72
[2025-03-04T06:20:43.199Z INFO  benchmark_client] Sending sample transaction 73
[2025-03-04T06:20:43.249Z INFO  benchmark_client] Sending sample transaction 74
[2025-03-04T06:20:43.299Z INFO  benchmark_client] Sending sample transaction 75
[2025-03-04T06:20:43.349Z INFO  benchmark_client] Sending sample transaction 76
[2025-03-04T06:20:43.399Z INFO  benchmark_client] Sending sample transaction 77
[2025-03-04T06:20:43.449Z INFO  benchmark_client] Sending sample transaction 78
[2025-03-04T06:20:43.499Z INFO  benchmark_client] Sending sample transaction 79
[2025-03-04T06:20:43.549Z INFO  benchmark_client] Sending sample transaction 80
[2025-03-04T06:20:43.599Z INFO  benchmark_client] Sending sample transaction 81
[2025-03-04T06:20:43.649Z INFO  benchmark_client] Sending sample transaction 82
[2025-03-04T06:20:43.699Z INFO  benchmark_client] Sending sample transaction 83
[2025-03-04T06:20:43.749Z INFO  benchmark_client] Sending sample transaction 84
[2025-03-04T06:20:43.799Z INFO  benchmark_client] Sending sample transaction 85
[2025-03-04T06:20:43.849Z INFO  benchmark_client] Sending sample transaction 86
[2025-03-04T06:20:43.899Z INFO  benchmark_client] Sending sample transaction 87
[2025-03-04T06:20:43.949Z INFO  benchmark_client] Sending sample transaction 88
[2025-03-04T06:20:43.999Z INFO  benchmark_client] Sending sample transaction 89
[2025-03-04T06:20:44.049Z INFO  benchmark_client] Sending sample transaction 90
[2025-03-04T06:20:44.099Z INFO  benchmark_client] Sending sample transaction 91
[2025-03-04T06:20:44.149Z INFO  benchmark_client] Sending sample transaction 92
[2025-03-04T06:20:44.199Z INFO  benchmark_client] Sending sample transaction 93
[2025-03-04T06:20:44.249Z INFO  benchmark_client] Sending sample transaction 94
[2025-03-04T06:20:44.299Z INFO  benchmark_client] Sending sample transaction 95
[2025-03-04T06:20:44.349Z INFO  benchmark_client] Sending sample transaction 96
[2025-03-04T06:20:44.399Z INFO  benchmark_client] Sending sample transaction 97
[2025-03-04T06:20:44.449Z INFO  benchmark_client] Sending sample transaction 98
[2025-03-04T06:20:44.499Z INFO  benchmark_client] Sending sample transaction 99
[2025-03-04T06:20:44.549Z INFO  benchmark_client] Sending sample transaction 100
[2025-03-04T06:20:44.599Z INFO  benchmark_client] Sending sample transaction 101
[2025-03-04T06:20:44.649Z INFO  benchmark_client] Sending sample transaction 102
[2025-03-04T06:20:44.699Z INFO  benchmark_client] Sending sample transaction 103
[2025-03-04T06:20:44.749Z INFO  benchmark_client] Sending sample transaction 104
[2025-03-04T06:20:44.799Z INFO  benchmark_client] Sending sample transaction 105
[2025-03-04T06:20:44.849Z INFO  benchmark_client] Sending sample transaction 106
[2025-03-04T06:20:44.899Z INFO  benchmark_client] Sending sample transaction 107
[2025-03-04T06:20:44.949Z INFO  benchmark_client] Sending sample transaction 108
[2025-03-04T06:20:44.999Z INFO  benchmark_client] Sending sample transaction 109
[2025-03-04T06:20:45.049Z INFO  benchmark_client] Sending sample transaction 110
[2025-03-04T06:20:45.100Z INFO  benchmark_client] Sending sample transaction 111
[2025-03-04T06:20:45.149Z INFO  benchmark_client] Sending sample transaction 112
[2025-03-04T06:20:45.199Z INFO  benchmark_client] Sending sample transaction 113
[2025-03-04T06:20:45.249Z INFO  benchmark_client] Sending sample transaction 114
[2025-03-04T06:20:45.299Z INFO  benchmark_client] Sending sample transaction 115
[2025-03-04T06:20:45.349Z INFO  benchmark_client] Sending sample transaction 116
[2025-03-04T06:20:45.399Z INFO  benchmark_client] Sending sample transaction 117
[2025-03-04T06:20:45.449Z INFO  benchmark_client] Sending sample transaction 118
[2025-03-04T06:20:45.499Z INFO  benchmark_client] Sending sample transaction 119
[2025-03-04T06:20:45.549Z INFO  benchmark_client] Sending sample transaction 120
[2025-03-04T06:20:45.599Z INFO  benchmark_client] Sending sample transaction 121
[2025-03-04T06:20:45.649Z INFO  benchmark_client] Sending sample transaction 122
[2025-03-04T06:20:45.699Z INFO  benchmark_client] Sending sample transaction 123
[2025-03-04T06:20:45.749Z INFO  benchmark_client] Sending sample transaction 124
[2025-03-04T06:20:45.799Z INFO  benchmark_client] Sending sample transaction 125
[2025-03-04T06:20:45.849Z INFO  benchmark_client] Sending sample transaction 126
[2025-03-04T06:20:45.899Z INFO  benchmark_client] Sending sample transaction 127
[2025-03-04T06:20:45.949Z INFO  benchmark_client] Sending sample transaction 128
[2025-03-04T06:20:45.999Z INFO  benchmark_client] Sending sample transaction 129
[2025-03-04T06:20:46.049Z INFO  benchmark_client] Sending sample transaction 130
[2025-03-04T06:20:46.099Z INFO  benchmark_client] Sending sample transaction 131
[2025-03-04T06:20:46.149Z INFO  benchmark_client] Sending sample transaction 132
[2025-03-04T06:20:46.200Z INFO  benchmark_client] Sending sample transaction 133
[2025-03-04T06:20:46.249Z INFO  benchmark_client] Sending sample transaction 134
[2025-03-04T06:20:46.299Z INFO  benchmark_client] Sending sample transaction 135
[2025-03-04T06:20:46.349Z INFO  benchmark_client] Sending sample transaction 136
[2025-03-04T06:20:46.399Z INFO  benchmark_client] Sending sample transaction 137
[2025-03-04T06:20:46.450Z INFO  benchmark_client] Sending sample transaction 138
[2025-03-04T06:20:46.499Z INFO  benchmark_client] Sending sample transaction 139
[2025-03-04T06:20:46.549Z INFO  benchmark_client] Sending sample transaction 140
[2025-03-04T06:20:46.599Z INFO  benchmark_client] Sending sample transaction 141
[2025-03-04T06:20:46.649Z INFO  benchmark_client] Sending sample transaction 142
[2025-03-04T06:20:46.700Z INFO  benchmark_client] Sending sample transaction 143
[2025-03-04T06:20:46.749Z INFO  benchmark_client] Sending sample transaction 144
[2025-03-04T06:20:46.799Z INFO  benchmark_client] Sending sample transaction 145
[2025-03-04T06:20:46.849Z INFO  benchmark_client] Sending sample transaction 146
[2025-03-04T06:20:46.899Z INFO  benchmark_client] Sending sample transaction 147
[2025-03-04T06:20:46.950Z INFO  benchmark_client] Sending sample transaction 148
[2025-03-04T06:20:46.999Z INFO  benchmark_client] Sending sample transaction 149
[2025-03-04T06:20:47.049Z INFO  benchmark_client] Sending sample transaction 150
[2025-03-04T06:20:47.099Z INFO  benchmark_client] Sending sample transaction 151
[2025-03-04T06:20:47.149Z INFO  benchmark_client] Sending sample transaction 152
[2025-03-04T06:20:47.199Z INFO  benchmark_client] Sending sample transaction 153
[2025-03-04T06:20:47.249Z INFO  benchmark_client] Sending sample transaction 154
[2025-03-04T06:20:47.300Z INFO  benchmark_client] Sending sample transaction 155
[2025-03-04T06:20:47.349Z INFO  benchmark_client] Sending sample transaction 156
[2025-03-04T06:20:47.399Z INFO  benchmark_client] Sending sample transaction 157
[2025-03-04T06:20:47.449Z INFO  benchmark_client] Sending sample transaction 158
[2025-03-04T06:20:47.500Z INFO  benchmark_client] Sending sample transaction 159
[2025-03-04T06:20:47.549Z INFO  benchmark_client] Sending sample transaction 160
[2025-03-04T06:20:47.599Z INFO  benchmark_client] Sending sample transaction 161
[2025-03-04T06:20:47.649Z INFO  benchmark_client] Sending sample transaction 162
[2025-03-04T06:20:47.699Z INFO  benchmark_client] Sending sample transaction 163
[2025-03-04T06:20:47.750Z INFO  benchmark_client] Sending sample transaction 164
[2025-03-04T06:20:47.799Z INFO  benchmark_client] Sending sample transaction 165
[2025-03-04T06:20:47.849Z INFO  benchmark_client] Sending sample transaction 166
[2025-03-04T06:20:47.899Z INFO  benchmark_client] Sending sample transaction 167
[2025-03-04T06:20:47.949Z INFO  benchmark_client] Sending sample transaction 168
[2025-03-04T06:20:47.999Z INFO  benchmark_client] Sending sample transaction 169
[2025-03-04T06:20:48.049Z INFO  benchmark_client] Sending sample transaction 170
[2025-03-04T06:20:48.100Z INFO  benchmark_client] Sending sample transaction 171
[2025-03-04T06:20:48.149Z INFO  benchmark_client] Sending sample transaction 172
[2025-03-04T06:20:48.199Z INFO  benchmark_client] Sending sample transaction 173
[2025-03-04T06:20:48.249Z INFO  benchmark_client] Sending sample transaction 174
[2025-03-04T06:20:48.299Z INFO  benchmark_client] Sending sample transaction 175
[2025-03-04T06:20:48.349Z INFO  benchmark_client] Sending sample transaction 176
[2025-03-04T06:20:48.399Z INFO  benchmark_client] Sending sample transaction 177
[2025-03-04T06:20:48.449Z INFO  benchmark_client] Sending sample transaction 178
[2025-03-04T06:20:48.499Z INFO  benchmark_client] Sending sample transaction 179
[2025-03-04T06:20:48.550Z INFO  benchmark_client] Sending sample transaction 180
[2025-03-04T06:20:48.599Z INFO  benchmark_client] Sending sample transaction 181
[2025-03-04T06:20:48.649Z INFO  benchmark_client] Sending sample transaction 182
[2025-03-04T06:20:48.699Z INFO  benchmark_client] Sending sample transaction 183
[2025-03-04T06:20:48.749Z INFO  benchmark_client] Sending sample transaction 184
[2025-03-04T06:20:48.799Z INFO  benchmark_client] Sending sample transaction 185
[2025-03-04T06:20:48.849Z INFO  benchmark_client] Sending sample transaction 186
[2025-03-04T06:20:48.899Z INFO  benchmark_client] Sending sample transaction 187
[2025-03-04T06:20:48.950Z INFO  benchmark_client] Sending sample transaction 188
[2025-03-04T06:20:48.999Z INFO  benchmark_client] Sending sample transaction 189
[2025-03-04T06:20:49.049Z INFO  benchmark_client] Sending sample transaction 190
[2025-03-04T06:20:49.099Z INFO  benchmark_client] Sending sample transaction 191
[2025-03-04T06:20:49.149Z INFO  benchmark_client] Sending sample transaction 192
[2025-03-04T06:20:49.199Z INFO  benchmark_client] Sending sample transaction 193
[2025-03-04T06:20:49.249Z INFO  benchmark_client] Sending sample transaction 194
[2025-03-04T06:20:49.300Z INFO  benchmark_client] Sending sample transaction 195
[2025-03-04T06:20:49.349Z INFO  benchmark_client] Sending sample transaction 196
[2025-03-04T06:20:49.400Z INFO  benchmark_client] Sending sample transaction 197
[2025-03-04T06:20:49.449Z INFO  benchmark_client] Sending sample transaction 198
[2025-03-04T06:20:49.499Z INFO  benchmark_client] Sending sample transaction 199
[2025-03-04T06:20:49.550Z INFO  benchmark_client] Sending sample transaction 200
[2025-03-04T06:20:49.599Z INFO  benchmark_client] Sending sample transaction 201
[2025-03-04T06:20:49.649Z INFO  benchmark_client] Sending sample transaction 202
[2025-03-04T06:20:49.700Z INFO  benchmark_client] Sending sample transaction 203
[2025-03-04T06:20:49.750Z INFO  benchmark_client] Sending sample transaction 204
[2025-03-04T06:20:49.799Z INFO  benchmark_client] Sending sample transaction 205
[2025-03-04T06:20:49.849Z INFO  benchmark_client] Sending sample transaction 206
[2025-03-04T06:20:49.899Z INFO  benchmark_client] Sending sample transaction 207
[2025-03-04T06:20:49.949Z INFO  benchmark_client] Sending sample transaction 208
[2025-03-04T06:20:49.999Z INFO  benchmark_client] Sending sample transaction 209
[2025-03-04T06:20:50.050Z INFO  benchmark_client] Sending sample transaction 210
[2025-03-04T06:20:50.099Z INFO  benchmark_client] Sending sample transaction 211
[2025-03-04T06:20:50.149Z INFO  benchmark_client] Sending sample transaction 212
[2025-03-04T06:20:50.200Z INFO  benchmark_client] Sending sample transaction 213
[2025-03-04T06:20:50.249Z INFO  benchmark_client] Sending sample transaction 214
[2025-03-04T06:20:50.299Z INFO  benchmark_client] Sending sample transaction 215
[2025-03-04T06:20:50.349Z INFO  benchmark_client] Sending sample transaction 216
[2025-03-04T06:20:50.399Z INFO  benchmark_client] Sending sample transaction 217
[2025-03-04T06:20:50.450Z INFO  benchmark_client] Sending sample transaction 218
[2025-03-04T06:20:50.499Z INFO  benchmark_client] Sending sample transaction 219
[2025-03-04T06:20:50.549Z INFO  benchmark_client] Sending sample transaction 220
[2025-03-04T06:20:50.599Z INFO  benchmark_client] Sending sample transaction 221
[2025-03-04T06:20:50.649Z INFO  benchmark_client] Sending sample transaction 222
[2025-03-04T06:20:50.699Z INFO  benchmark_client] Sending sample transaction 223
[2025-03-04T06:20:50.750Z INFO  benchmark_client] Sending sample transaction 224
[2025-03-04T06:20:50.799Z INFO  benchmark_client] Sending sample transaction 225
[2025-03-04T06:20:50.849Z INFO  benchmark_client] Sending sample transaction 226
[2025-03-04T06:20:50.899Z INFO  benchmark_client] Sending sample transaction 227
[2025-03-04T06:20:50.949Z INFO  benchmark_client] Sending sample transaction 228
[2025-03-04T06:20:50.999Z INFO  benchmark_client] Sending sample transaction 229
[2025-03-04T06:20:51.049Z INFO  benchmark_client] Sending sample transaction 230
[2025-03-04T06:20:51.099Z INFO  benchmark_client] Sending sample transaction 231
[2025-03-04T06:20:51.150Z INFO  benchmark_client] Sending sample transaction 232
[2025-03-04T06:20:51.200Z INFO  benchmark_client] Sending sample transaction 233
[2025-03-04T06:20:51.249Z INFO  benchmark_client] Sending sample transaction 234
[2025-03-04T06:20:51.299Z INFO  benchmark_client] Sending sample transaction 235
[2025-03-04T06:20:51.349Z INFO  benchmark_client] Sending sample transaction 236
[2025-03-04T06:20:51.400Z INFO  benchmark_client] Sending sample transaction 237
[2025-03-04T06:20:51.450Z INFO  benchmark_client] Sending sample transaction 238
[2025-03-04T06:20:51.499Z INFO  benchmark_client] Sending sample transaction 239
[2025-03-04T06:20:51.550Z INFO  benchmark_client] Sending sample transaction 240
[2025-03-04T06:20:51.599Z INFO  benchmark_client] Sending sample transaction 241
[2025-03-04T06:20:51.649Z INFO  benchmark_client] Sending sample transaction 242
[2025-03-04T06:20:51.700Z INFO  benchmark_client] Sending sample transaction 243
[2025-03-04T06:20:51.749Z INFO  benchmark_client] Sending sample transaction 244
[2025-03-04T06:20:51.799Z INFO  benchmark_client] Sending sample transaction 245
[2025-03-04T06:20:51.850Z INFO  benchmark_client] Sending sample transaction 246
[2025-03-04T06:20:51.899Z INFO  benchmark_client] Sending sample transaction 247
[2025-03-04T06:20:51.950Z INFO  benchmark_client] Sending sample transaction 248
[2025-03-04T06:20:52.000Z INFO  benchmark_client] Sending sample transaction 249
[2025-03-04T06:20:52.050Z INFO  benchmark_client] Sending sample transaction 250
[2025-03-04T06:20:52.100Z INFO  benchmark_client] Sending sample transaction 251
[2025-03-04T06:20:52.149Z INFO  benchmark_client] Sending sample transaction 252
[2025-03-04T06:20:52.199Z INFO  benchmark_client] Sending sample transaction 253
[2025-03-04T06:20:52.249Z INFO  benchmark_client] Sending sample transaction 254
[2025-03-04T06:20:52.299Z INFO  benchmark_client] Sending sample transaction 255
[2025-03-04T06:20:52.350Z INFO  benchmark_client] Sending sample transaction 256
[2025-03-04T06:20:52.399Z INFO  benchmark_client] Sending sample transaction 257
[2025-03-04T06:20:52.449Z INFO  benchmark_client] Sending sample transaction 258
[2025-03-04T06:20:52.499Z INFO  benchmark_client] Sending sample transaction 259
[2025-03-04T06:20:52.549Z INFO  benchmark_client] Sending sample transaction 260
[2025-03-04T06:20:52.600Z INFO  benchmark_client] Sending sample transaction 261
[2025-03-04T06:20:52.649Z INFO  benchmark_client] Sending sample transaction 262
[2025-03-04T06:20:52.700Z INFO  benchmark_client] Sending sample transaction 263
[2025-03-04T06:20:52.749Z INFO  benchmark_client] Sending sample transaction 264
[2025-03-04T06:20:52.800Z INFO  benchmark_client] Sending sample transaction 265
[2025-03-04T06:20:52.849Z INFO  benchmark_client] Sending sample transaction 266
[2025-03-04T06:20:52.900Z INFO  benchmark_client] Sending sample transaction 267
[2025-03-04T06:20:52.950Z INFO  benchmark_client] Sending sample transaction 268
[2025-03-04T06:20:52.999Z INFO  benchmark_client] Sending sample transaction 269
[2025-03-04T06:20:53.049Z INFO  benchmark_client] Sending sample transaction 270
[2025-03-04T06:20:53.099Z INFO  benchmark_client] Sending sample transaction 271
[2025-03-04T06:20:53.149Z INFO  benchmark_client] Sending sample transaction 272
[2025-03-04T06:20:53.199Z INFO  benchmark_client] Sending sample transaction 273
[2025-03-04T06:20:53.250Z INFO  benchmark_client] Sending sample transaction 274
[2025-03-04T06:20:53.300Z INFO  benchmark_client] Sending sample transaction 275
[2025-03-04T06:20:53.350Z INFO  benchmark_client] Sending sample transaction 276
[2025-03-04T06:20:53.399Z INFO  benchmark_client] Sending sample transaction 277
[2025-03-04T06:20:53.449Z INFO  benchmark_client] Sending sample transaction 278
[2025-03-04T06:20:53.499Z INFO  benchmark_client] Sending sample transaction 279
[2025-03-04T06:20:53.550Z INFO  benchmark_client] Sending sample transaction 280
[2025-03-04T06:20:53.599Z INFO  benchmark_client] Sending sample transaction 281
[2025-03-04T06:20:53.649Z INFO  benchmark_client] Sending sample transaction 282
[2025-03-04T06:20:53.699Z INFO  benchmark_client] Sending sample transaction 283
[2025-03-04T06:20:53.749Z INFO  benchmark_client] Sending sample transaction 284
[2025-03-04T06:20:53.799Z INFO  benchmark_client] Sending sample transaction 285
[2025-03-04T06:20:53.849Z INFO  benchmark_client] Sending sample transaction 286
[2025-03-04T06:20:53.899Z INFO  benchmark_client] Sending sample transaction 287
[2025-03-04T06:20:53.950Z INFO  benchmark_client] Sending sample transaction 288
[2025-03-04T06:20:54.000Z INFO  benchmark_client] Sending sample transaction 289
[2025-03-04T06:20:54.050Z INFO  benchmark_client] Sending sample transaction 290
[2025-03-04T06:20:54.099Z INFO  benchmark_client] Sending sample transaction 291
[2025-03-04T06:20:54.149Z INFO  benchmark_client] Sending sample transaction 292
[2025-03-04T06:20:54.200Z INFO  benchmark_client] Sending sample transaction 293
[2025-03-04T06:20:54.249Z INFO  benchmark_client] Sending sample transaction 294
[2025-03-04T06:20:54.299Z INFO  benchmark_client] Sending sample transaction 295
[2025-03-04T06:20:54.349Z INFO  benchmark_client] Sending sample transaction 296
[2025-03-04T06:20:54.400Z INFO  benchmark_client] Sending sample transaction 297
[2025-03-04T06:20:54.449Z INFO  benchmark_client] Sending sample transaction 298
[2025-03-04T06:20:54.500Z INFO  benchmark_client] Sending sample transaction 299
[2025-03-04T06:20:54.549Z INFO  benchmark_client] Sending sample transaction 300
[2025-03-04T06:20:54.600Z INFO  benchmark_client] Sending sample transaction 301
[2025-03-04T06:20:54.649Z INFO  benchmark_client] Sending sample transaction 302
[2025-03-04T06:20:54.700Z INFO  benchmark_client] Sending sample transaction 303
[2025-03-04T06:20:54.749Z INFO  benchmark_client] Sending sample transaction 304
[2025-03-04T06:20:54.799Z INFO  benchmark_client] Sending sample transaction 305
[2025-03-04T06:20:54.850Z INFO  benchmark_client] Sending sample transaction 306
[2025-03-04T06:20:54.899Z INFO  benchmark_client] Sending sample transaction 307
[2025-03-04T06:20:54.950Z INFO  benchmark_client] Sending sample transaction 308
[2025-03-04T06:20:55.000Z INFO  benchmark_client] Sending sample transaction 309
[2025-03-04T06:20:55.050Z INFO  benchmark_client] Sending sample transaction 310
[2025-03-04T06:20:55.099Z INFO  benchmark_client] Sending sample transaction 311
[2025-03-04T06:20:55.149Z INFO  benchmark_client] Sending sample transaction 312
[2025-03-04T06:20:55.200Z INFO  benchmark_client] Sending sample transaction 313
[2025-03-04T06:20:55.250Z INFO  benchmark_client] Sending sample transaction 314
[2025-03-04T06:20:55.300Z INFO  benchmark_client] Sending sample transaction 315
[2025-03-04T06:20:55.350Z INFO  benchmark_client] Sending sample transaction 316
[2025-03-04T06:20:55.399Z INFO  benchmark_client] Sending sample transaction 317
[2025-03-04T06:20:55.450Z INFO  benchmark_client] Sending sample transaction 318
[2025-03-04T06:20:55.500Z INFO  benchmark_client] Sending sample transaction 319
[2025-03-04T06:20:55.549Z INFO  benchmark_client] Sending sample transaction 320
[2025-03-04T06:20:55.599Z INFO  benchmark_client] Sending sample transaction 321
[2025-03-04T06:20:55.649Z INFO  benchmark_client] Sending sample transaction 322
[2025-03-04T06:20:55.699Z INFO  benchmark_client] Sending sample transaction 323
[2025-03-04T06:20:55.749Z INFO  benchmark_client] Sending sample transaction 324
[2025-03-04T06:20:55.800Z INFO  benchmark_client] Sending sample transaction 325
[2025-03-04T06:20:55.849Z INFO  benchmark_client] Sending sample transaction 326
[2025-03-04T06:20:55.900Z INFO  benchmark_client] Sending sample transaction 327
[2025-03-04T06:20:55.949Z INFO  benchmark_client] Sending sample transaction 328
[2025-03-04T06:20:56.000Z INFO  benchmark_client] Sending sample transaction 329
[2025-03-04T06:20:56.049Z INFO  benchmark_client] Sending sample transaction 330
[2025-03-04T06:20:56.099Z INFO  benchmark_client] Sending sample transaction 331
[2025-03-04T06:20:56.150Z INFO  benchmark_client] Sending sample transaction 332
[2025-03-04T06:20:56.200Z INFO  benchmark_client] Sending sample transaction 333
[2025-03-04T06:20:56.250Z INFO  benchmark_client] Sending sample transaction 334
[2025-03-04T06:20:56.299Z INFO  benchmark_client] Sending sample transaction 335
[2025-03-04T06:20:56.350Z INFO  benchmark_client] Sending sample transaction 336
[2025-03-04T06:20:56.399Z INFO  benchmark_client] Sending sample transaction 337
[2025-03-04T06:20:56.449Z INFO  benchmark_client] Sending sample transaction 338
[2025-03-04T06:20:56.499Z INFO  benchmark_client] Sending sample transaction 339
[2025-03-04T06:20:56.549Z INFO  benchmark_client] Sending sample transaction 340
[2025-03-04T06:20:56.599Z INFO  benchmark_client] Sending sample transaction 341
[2025-03-04T06:20:56.649Z INFO  benchmark_client] Sending sample transaction 342
[2025-03-04T06:20:56.699Z INFO  benchmark_client] Sending sample transaction 343
[2025-03-04T06:20:56.749Z INFO  benchmark_client] Sending sample transaction 344
[2025-03-04T06:20:56.799Z INFO  benchmark_client] Sending sample transaction 345
[2025-03-04T06:20:56.849Z INFO  benchmark_client] Sending sample transaction 346
[2025-03-04T06:20:56.900Z INFO  benchmark_client] Sending sample transaction 347
[2025-03-04T06:20:56.950Z INFO  benchmark_client] Sending sample transaction 348
[2025-03-04T06:20:57.000Z INFO  benchmark_client] Sending sample transaction 349
[2025-03-04T06:20:57.050Z INFO  benchmark_client] Sending sample transaction 350
[2025-03-04T06:20:57.099Z INFO  benchmark_client] Sending sample transaction 351
[2025-03-04T06:20:57.149Z INFO  benchmark_client] Sending sample transaction 352
[2025-03-04T06:20:57.199Z INFO  benchmark_client] Sending sample transaction 353
[2025-03-04T06:20:57.249Z INFO  benchmark_client] Sending sample transaction 354
[2025-03-04T06:20:57.299Z INFO  benchmark_client] Sending sample transaction 355
[2025-03-04T06:20:57.349Z INFO  benchmark_client] Sending sample transaction 356
[2025-03-04T06:20:57.399Z INFO  benchmark_client] Sending sample transaction 357
[2025-03-04T06:20:57.449Z INFO  benchmark_client] Sending sample transaction 358
[2025-03-04T06:20:57.499Z INFO  benchmark_client] Sending sample transaction 359
[2025-03-04T06:20:57.549Z INFO  benchmark_client] Sending sample transaction 360
[2025-03-04T06:20:57.599Z INFO  benchmark_client] Sending sample transaction 361
[2025-03-04T06:20:57.650Z INFO  benchmark_client] Sending sample transaction 362
[2025-03-04T06:20:57.699Z INFO  benchmark_client] Sending sample transaction 363
[2025-03-04T06:20:57.749Z INFO  benchmark_client] Sending sample transaction 364
[2025-03-04T06:20:57.799Z INFO  benchmark_client] Sending sample transaction 365
[2025-03-04T06:20:57.849Z INFO  benchmark_client] Sending sample transaction 366
[2025-03-04T06:20:57.899Z INFO  benchmark_client] Sending sample transaction 367
[2025-03-04T06:20:57.949Z INFO  benchmark_client] Sending sample transaction 368
[2025-03-04T06:20:57.999Z INFO  benchmark_client] Sending sample transaction 369
[2025-03-04T06:20:58.049Z INFO  benchmark_client] Sending sample transaction 370
[2025-03-04T06:20:58.099Z INFO  benchmark_client] Sending sample transaction 371
[2025-03-04T06:20:58.149Z INFO  benchmark_client] Sending sample transaction 372
[2025-03-04T06:20:58.199Z INFO  benchmark_client] Sending sample transaction 373
[2025-03-04T06:20:58.250Z INFO  benchmark_client] Sending sample transaction 374
[2025-03-04T06:20:58.300Z INFO  benchmark_client] Sending sample transaction 375
[2025-03-04T06:20:58.350Z INFO  benchmark_client] Sending sample transaction 376
[2025-03-04T06:20:58.399Z INFO  benchmark_client] Sending sample transaction 377
[2025-03-04T06:20:58.449Z INFO  benchmark_client] Sending sample transaction 378
[2025-03-04T06:20:58.499Z INFO  benchmark_client] Sending sample transaction 379
[2025-03-04T06:20:58.549Z INFO  benchmark_client] Sending sample transaction 380
[2025-03-04T06:20:58.599Z INFO  benchmark_client] Sending sample transaction 381
[2025-03-04T06:20:58.649Z INFO  benchmark_client] Sending sample transaction 382
[2025-03-04T06:20:58.699Z INFO  benchmark_client] Sending sample transaction 383
[2025-03-04T06:20:58.750Z INFO  benchmark_client] Sending sample transaction 384
[2025-03-04T06:20:58.800Z INFO  benchmark_client] Sending sample transaction 385
[2025-03-04T06:20:58.849Z INFO  benchmark_client] Sending sample transaction 386
[2025-03-04T06:20:58.900Z INFO  benchmark_client] Sending sample transaction 387
[2025-03-04T06:20:58.950Z INFO  benchmark_client] Sending sample transaction 388
[2025-03-04T06:20:58.999Z INFO  benchmark_client] Sending sample transaction 389
[2025-03-04T06:20:59.049Z INFO  benchmark_client] Sending sample transaction 390
[2025-03-04T06:20:59.099Z INFO  benchmark_client] Sending sample transaction 391
[2025-03-04T06:20:59.149Z INFO  benchmark_client] Sending sample transaction 392
[2025-03-04T06:20:59.199Z INFO  benchmark_client] Sending sample transaction 393
[2025-03-04T06:20:59.250Z INFO  benchmark_client] Sending sample transaction 394
[2025-03-04T06:20:59.300Z INFO  benchmark_client] Sending sample transaction 395
[2025-03-04T06:20:59.350Z INFO  benchmark_client] Sending sample transaction 396
[2025-03-04T06:20:59.400Z INFO  benchmark_client] Sending sample transaction 397
[2025-03-04T06:20:59.449Z INFO  benchmark_client] Sending sample transaction 398
[2025-03-04T06:20:59.500Z INFO  benchmark_client] Sending sample transaction 399
[2025-03-04T06:20:59.550Z INFO  benchmark_client] Sending sample transaction 400
[2025-03-04T06:20:59.600Z INFO  benchmark_client] Sending sample transaction 401
[2025-03-04T06:20:59.650Z INFO  benchmark_client] Sending sample transaction 402
[2025-03-04T06:20:59.700Z INFO  benchmark_client] Sending sample transaction 403
[2025-03-04T06:20:59.750Z INFO  benchmark_client] Sending sample transaction 404
[2025-03-04T06:20:59.800Z INFO  benchmark_client] Sending sample transaction 405
[2025-03-04T06:20:59.849Z INFO  benchmark_client] Sending sample transaction 406
[2025-03-04T06:20:59.900Z INFO  benchmark_client] Sending sample transaction 407
[2025-03-04T06:20:59.950Z INFO  benchmark_client] Sending sample transaction 408
[2025-03-04T06:21:00.000Z INFO  benchmark_client] Sending sample transaction 409
[2025-03-04T06:21:00.049Z INFO  benchmark_client] Sending sample transaction 410
[2025-03-04T06:21:00.099Z INFO  benchmark_client] Sending sample transaction 411
[2025-03-04T06:21:00.150Z INFO  benchmark_client] Sending sample transaction 412
[2025-03-04T06:21:00.200Z INFO  benchmark_client] Sending sample transaction 413
[2025-03-04T06:21:00.250Z INFO  benchmark_client] Sending sample transaction 414
[2025-03-04T06:21:00.300Z INFO  benchmark_client] Sending sample transaction 415
[2025-03-04T06:21:00.349Z INFO  benchmark_client] Sending sample transaction 416
[2025-03-04T06:21:00.400Z INFO  benchmark_client] Sending sample transaction 417
[2025-03-04T06:21:00.450Z INFO  benchmark_client] Sending sample transaction 418
[2025-03-04T06:21:00.500Z INFO  benchmark_client] Sending sample transaction 419
[2025-03-04T06:21:00.550Z INFO  benchmark_client] Sending sample transaction 420
[2025-03-04T06:21:00.600Z INFO  benchmark_client] Sending sample transaction 421
[2025-03-04T06:21:00.650Z INFO  benchmark_client] Sending sample transaction 422
[2025-03-04T06:21:00.699Z INFO  benchmark_client] Sending sample transaction 423
[2025-03-04T06:21:00.749Z INFO  benchmark_client] Sending sample transaction 424
[2025-03-04T06:21:00.799Z INFO  benchmark_client] Sending sample transaction 425
[2025-03-04T06:21:00.850Z INFO  benchmark_client] Sending sample transaction 426
[2025-03-04T06:21:00.900Z INFO  benchmark_client] Sending sample transaction 427
[2025-03-04T06:21:00.950Z INFO  benchmark_client] Sending sample transaction 428
[2025-03-04T06:21:01.000Z INFO  benchmark_client] Sending sample transaction 429
[2025-03-04T06:21:01.051Z INFO  benchmark_client] Sending sample transaction 430
[2025-03-04T06:21:01.100Z INFO  benchmark_client] Sending sample transaction 431
[2025-03-04T06:21:01.150Z INFO  benchmark_client] Sending sample transaction 432
[2025-03-04T06:21:01.200Z INFO  benchmark_client] Sending sample transaction 433
[2025-03-04T06:21:01.250Z INFO  benchmark_client] Sending sample transaction 434
[2025-03-04T06:21:01.299Z INFO  benchmark_client] Sending sample transaction 435
[2025-03-04T06:21:01.349Z INFO  benchmark_client] Sending sample transaction 436
[2025-03-04T06:21:01.399Z INFO  benchmark_client] Sending sample transaction 437
[2025-03-04T06:21:01.450Z INFO  benchmark_client] Sending sample transaction 438
[2025-03-04T06:21:01.500Z INFO  benchmark_client] Sending sample transaction 439
[2025-03-04T06:21:01.550Z INFO  benchmark_client] Sending sample transaction 440
[2025-03-04T06:21:01.600Z INFO  benchmark_client] Sending sample transaction 441
[2025-03-04T06:21:01.649Z INFO  benchmark_client] Sending sample transaction 442
[2025-03-04T06:21:01.699Z INFO  benchmark_client] Sending sample transaction 443
[2025-03-04T06:21:01.749Z INFO  benchmark_client] Sending sample transaction 444
[2025-03-04T06:21:01.799Z INFO  benchmark_client] Sending sample transaction 445
[2025-03-04T06:21:01.850Z INFO  benchmark_client] Sending sample transaction 446
[2025-03-04T06:21:01.900Z INFO  benchmark_client] Sending sample transaction 447
[2025-03-04T06:21:01.950Z INFO  benchmark_client] Sending sample transaction 448
[2025-03-04T06:21:02.000Z INFO  benchmark_client] Sending sample transaction 449
[2025-03-04T06:21:02.050Z INFO  benchmark_client] Sending sample transaction 450
[2025-03-04T06:21:02.100Z INFO  benchmark_client] Sending sample transaction 451
[2025-03-04T06:21:02.150Z INFO  benchmark_client] Sending sample transaction 452
[2025-03-04T06:21:02.199Z INFO  benchmark_client] Sending sample transaction 453
[2025-03-04T06:21:02.250Z INFO  benchmark_client] Sending sample transaction 454
[2025-03-04T06:21:02.300Z INFO  benchmark_client] Sending sample transaction 455
[2025-03-04T06:21:02.350Z INFO  benchmark_client] Sending sample transaction 456
[2025-03-04T06:21:02.399Z INFO  benchmark_client] Sending sample transaction 457
[2025-03-04T06:21:02.449Z INFO  benchmark_client] Sending sample transaction 458
[2025-03-04T06:21:02.500Z INFO  benchmark_client] Sending sample transaction 459
[2025-03-04T06:21:02.550Z INFO  benchmark_client] Sending sample transaction 460
[2025-03-04T06:21:02.600Z INFO  benchmark_client] Sending sample transaction 461
[2025-03-04T06:21:02.649Z INFO  benchmark_client] Sending sample transaction 462
[2025-03-04T06:21:02.700Z INFO  benchmark_client] Sending sample transaction 463
[2025-03-04T06:21:02.750Z INFO  benchmark_client] Sending sample transaction 464
[2025-03-04T06:21:02.800Z INFO  benchmark_client] Sending sample transaction 465
[2025-03-04T06:21:02.850Z INFO  benchmark_client] Sending sample transaction 466
[2025-03-04T06:21:02.900Z INFO  benchmark_client] Sending sample transaction 467
[2025-03-04T06:21:02.950Z INFO  benchmark_client] Sending sample transaction 468
[2025-03-04T06:21:03.000Z INFO  benchmark_client] Sending sample transaction 469
[2025-03-04T06:21:03.050Z INFO  benchmark_client] Sending sample transaction 470
[2025-03-04T06:21:03.101Z INFO  benchmark_client] Sending sample transaction 471
[2025-03-04T06:21:03.150Z INFO  benchmark_client] Sending sample transaction 472
[2025-03-04T06:21:03.200Z INFO  benchmark_client] Sending sample transaction 473
[2025-03-04T06:21:03.250Z INFO  benchmark_client] Sending sample transaction 474
[2025-03-04T06:21:03.299Z INFO  benchmark_client] Sending sample transaction 475
[2025-03-04T06:21:03.350Z INFO  benchmark_client] Sending sample transaction 476
[2025-03-04T06:21:03.400Z INFO  benchmark_client] Sending sample transaction 477
[2025-03-04T06:21:03.450Z INFO  benchmark_client] Sending sample transaction 478
[2025-03-04T06:21:03.500Z INFO  benchmark_client] Sending sample transaction 479
[2025-03-04T06:21:03.551Z INFO  benchmark_client] Sending sample transaction 480
[2025-03-04T06:21:03.600Z INFO  benchmark_client] Sending sample transaction 481
[2025-03-04T06:21:03.650Z INFO  benchmark_client] Sending sample transaction 482
[2025-03-04T06:21:03.700Z INFO  benchmark_client] Sending sample transaction 483
[2025-03-04T06:21:03.750Z INFO  benchmark_client] Sending sample transaction 484
[2025-03-04T06:21:03.800Z INFO  benchmark_client] Sending sample transaction 485
[2025-03-04T06:21:03.849Z INFO  benchmark_client] Sending sample transaction 486
[2025-03-04T06:21:03.900Z INFO  benchmark_client] Sending sample transaction 487
[2025-03-04T06:21:03.949Z INFO  benchmark_client] Sending sample transaction 488
[2025-03-04T06:21:03.999Z INFO  benchmark_client] Sending sample transaction 489
[2025-03-04T06:21:04.050Z INFO  benchmark_client] Sending sample transaction 490
[2025-03-04T06:21:04.100Z INFO  benchmark_client] Sending sample transaction 491
[2025-03-04T06:21:04.150Z INFO  benchmark_client] Sending sample transaction 492
[2025-03-04T06:21:04.200Z INFO  benchmark_client] Sending sample transaction 493
[2025-03-04T06:21:04.249Z INFO  benchmark_client] Sending sample transaction 494
[2025-03-04T06:21:04.300Z INFO  benchmark_client] Sending sample transaction 495
[2025-03-04T06:21:04.350Z INFO  benchmark_client] Sending sample transaction 496
[2025-03-04T06:21:04.400Z INFO  benchmark_client] Sending sample transaction 497
[2025-03-04T06:21:04.450Z INFO  benchmark_client] Sending sample transaction 498
[2025-03-04T06:21:04.500Z INFO  benchmark_client] Sending sample transaction 499
[2025-03-04T06:21:04.548Z INFO  benchmark_client] Sending sample transaction 500
[2025-03-04T06:21:04.599Z INFO  benchmark_client] Sending sample transaction 501
[2025-03-04T06:21:04.649Z INFO  benchmark_client] Sending sample transaction 502
[2025-03-04T06:21:04.699Z INFO  benchmark_client] Sending sample transaction 503
[2025-03-04T06:21:04.749Z INFO  benchmark_client] Sending sample transaction 504
[2025-03-04T06:21:04.799Z INFO  benchmark_client] Sending sample transaction 505
[2025-03-04T06:21:04.848Z INFO  benchmark_client] Sending sample transaction 506
[2025-03-04T06:21:04.899Z INFO  benchmark_client] Sending sample transaction 507
[2025-03-04T06:21:04.949Z INFO  benchmark_client] Sending sample transaction 508
[2025-03-04T06:21:04.999Z INFO  benchmark_client] Sending sample transaction 509
[2025-03-04T06:21:05.049Z INFO  benchmark_client] Sending sample transaction 510
[2025-03-04T06:21:05.099Z INFO  benchmark_client] Sending sample transaction 511
[2025-03-04T06:21:05.148Z INFO  benchmark_client] Sending sample transaction 512
[2025-03-04T06:21:05.198Z INFO  benchmark_client] Sending sample transaction 513
[2025-03-04T06:21:05.249Z INFO  benchmark_client] Sending sample transaction 514
[2025-03-04T06:21:05.299Z INFO  benchmark_client] Sending sample transaction 515
[2025-03-04T06:21:05.349Z INFO  benchmark_client] Sending sample transaction 516
[2025-03-04T06:21:05.399Z INFO  benchmark_client] Sending sample transaction 517
[2025-03-04T06:21:05.449Z INFO  benchmark_client] Sending sample transaction 518
[2025-03-04T06:21:05.499Z INFO  benchmark_client] Sending sample transaction 519
[2025-03-04T06:21:05.548Z INFO  benchmark_client] Sending sample transaction 520
[2025-03-04T06:21:05.599Z INFO  benchmark_client] Sending sample transaction 521
[2025-03-04T06:21:05.649Z INFO  benchmark_client] Sending sample transaction 522
[2025-03-04T06:21:05.699Z INFO  benchmark_client] Sending sample transaction 523
[2025-03-04T06:21:05.748Z INFO  benchmark_client] Sending sample transaction 524
[2025-03-04T06:21:05.799Z INFO  benchmark_client] Sending sample transaction 525
[2025-03-04T06:21:05.849Z INFO  benchmark_client] Sending sample transaction 526
[2025-03-04T06:21:05.898Z INFO  benchmark_client] Sending sample transaction 527
[2025-03-04T06:21:05.949Z INFO  benchmark_client] Sending sample transaction 528
[2025-03-04T06:21:05.999Z INFO  benchmark_client] Sending sample transaction 529
[2025-03-04T06:21:06.049Z INFO  benchmark_client] Sending sample transaction 530
[2025-03-04T06:21:06.099Z INFO  benchmark_client] Sending sample transaction 531
[2025-03-04T06:21:06.149Z INFO  benchmark_client] Sending sample transaction 532
[2025-03-04T06:21:06.199Z INFO  benchmark_client] Sending sample transaction 533
[2025-03-04T06:21:06.249Z INFO  benchmark_client] Sending sample transaction 534
[2025-03-04T06:21:06.299Z INFO  benchmark_client] Sending sample transaction 535
[2025-03-04T06:21:06.349Z INFO  benchmark_client] Sending sample transaction 536
[2025-03-04T06:21:06.399Z INFO  benchmark_client] Sending sample transaction 537
[2025-03-04T06:21:06.449Z INFO  benchmark_client] Sending sample transaction 538
[2025-03-04T06:21:06.499Z INFO  benchmark_client] Sending sample transaction 539
[2025-03-04T06:21:06.549Z INFO  benchmark_client] Sending sample transaction 540
[2025-03-04T06:21:06.599Z INFO  benchmark_client] Sending sample transaction 541
[2025-03-04T06:21:06.649Z INFO  benchmark_client] Sending sample transaction 542
[2025-03-04T06:21:06.699Z INFO  benchmark_client] Sending sample transaction 543
[2025-03-04T06:21:06.749Z INFO  benchmark_client] Sending sample transaction 544
[2025-03-04T06:21:06.799Z INFO  benchmark_client] Sending sample transaction 545
[2025-03-04T06:21:06.849Z INFO  benchmark_client] Sending sample transaction 546
[2025-03-04T06:21:06.899Z INFO  benchmark_client] Sending sample transaction 547
[2025-03-04T06:21:06.949Z INFO  benchmark_client] Sending sample transaction 548
[2025-03-04T06:21:06.999Z INFO  benchmark_client] Sending sample transaction 549
[2025-03-04T06:21:07.049Z INFO  benchmark_client] Sending sample transaction 550
[2025-03-04T06:21:07.099Z INFO  benchmark_client] Sending sample transaction 551
[2025-03-04T06:21:07.149Z INFO  benchmark_client] Sending sample transaction 552
[2025-03-04T06:21:07.199Z INFO  benchmark_client] Sending sample transaction 553
[2025-03-04T06:21:07.249Z INFO  benchmark_client] Sending sample transaction 554
[2025-03-04T06:21:07.299Z INFO  benchmark_client] Sending sample transaction 555
[2025-03-04T06:21:07.349Z INFO  benchmark_client] Sending sample transaction 556
[2025-03-04T06:21:07.399Z INFO  benchmark_client] Sending sample transaction 557
[2025-03-04T06:21:07.449Z INFO  benchmark_client] Sending sample transaction 558
[2025-03-04T06:21:07.499Z INFO  benchmark_client] Sending sample transaction 559
[2025-03-04T06:21:07.549Z INFO  benchmark_client] Sending sample transaction 560
[2025-03-04T06:21:07.599Z INFO  benchmark_client] Sending sample transaction 561
[2025-03-04T06:21:07.649Z INFO  benchmark_client] Sending sample transaction 562
[2025-03-04T06:21:07.699Z INFO  benchmark_client] Sending sample transaction 563
[2025-03-04T06:21:07.749Z INFO  benchmark_client] Sending sample transaction 564
[2025-03-04T06:21:07.799Z INFO  benchmark_client] Sending sample transaction 565
[2025-03-04T06:21:07.849Z INFO  benchmark_client] Sending sample transaction 566
[2025-03-04T06:21:07.899Z INFO  benchmark_client] Sending sample transaction 567
[2025-03-04T06:21:07.949Z INFO  benchmark_client] Sending sample transaction 568
[2025-03-04T06:21:07.999Z INFO  benchmark_client] Sending sample transaction 569
[2025-03-04T06:21:08.049Z INFO  benchmark_client] Sending sample transaction 570
[2025-03-04T06:21:08.099Z INFO  benchmark_client] Sending sample transaction 571
[2025-03-04T06:21:08.149Z INFO  benchmark_client] Sending sample transaction 572
[2025-03-04T06:21:08.199Z INFO  benchmark_client] Sending sample transaction 573
[2025-03-04T06:21:08.249Z INFO  benchmark_client] Sending sample transaction 574
[2025-03-04T06:21:08.299Z INFO  benchmark_client] Sending sample transaction 575
[2025-03-04T06:21:08.349Z INFO  benchmark_client] Sending sample transaction 576
[2025-03-04T06:21:08.399Z INFO  benchmark_client] Sending sample transaction 577
[2025-03-04T06:21:08.449Z INFO  benchmark_client] Sending sample transaction 578
[2025-03-04T06:21:08.499Z INFO  benchmark_client] Sending sample transaction 579
[2025-03-04T06:21:08.549Z INFO  benchmark_client] Sending sample transaction 580
[2025-03-04T06:21:08.599Z INFO  benchmark_client] Sending sample transaction 581
[2025-03-04T06:21:08.649Z INFO  benchmark_client] Sending sample transaction 582
[2025-03-04T06:21:08.699Z INFO  benchmark_client] Sending sample transaction 583
[2025-03-04T06:21:08.749Z INFO  benchmark_client] Sending sample transaction 584
[2025-03-04T06:21:08.799Z INFO  benchmark_client] Sending sample transaction 585
[2025-03-04T06:21:08.849Z INFO  benchmark_client] Sending sample transaction 586
[2025-03-04T06:21:08.899Z INFO  benchmark_client] Sending sample transaction 587
[2025-03-04T06:21:08.949Z INFO  benchmark_client] Sending sample transaction 588
[2025-03-04T06:21:08.999Z INFO  benchmark_client] Sending sample transaction 589
[2025-03-04T06:21:09.049Z INFO  benchmark_client] Sending sample transaction 590
[2025-03-04T06:21:09.099Z INFO  benchmark_client] Sending sample transaction 591
[2025-03-04T06:21:09.149Z INFO  benchmark_client] Sending sample transaction 592
[2025-03-04T06:21:09.199Z INFO  benchmark_client] Sending sample transaction 593
[2025-03-04T06:21:09.249Z INFO  benchmark_client] Sending sample transaction 594
[2025-03-04T06:21:09.299Z INFO  benchmark_client] Sending sample transaction 595
[2025-03-04T06:21:09.349Z INFO  benchmark_client] Sending sample transaction 596
[2025-03-04T06:21:09.398Z INFO  benchmark_client] Sending sample transaction 597
[2025-03-04T06:21:09.449Z INFO  benchmark_client] Sending sample transaction 598
[2025-03-04T06:21:09.499Z INFO  benchmark_client] Sending sample transaction 599
[2025-03-04T06:21:09.549Z INFO  benchmark_client] Sending sample transaction 600
[2025-03-04T06:21:09.599Z INFO  benchmark_client] Sending sample transaction 601
[2025-03-04T06:21:09.649Z INFO  benchmark_client] Sending sample transaction 602
[2025-03-04T06:21:09.699Z INFO  benchmark_client] Sending sample transaction 603
[2025-03-04T06:21:09.749Z INFO  benchmark_client] Sending sample transaction 604
[2025-03-04T06:21:09.799Z INFO  benchmark_client] Sending sample transaction 605
[2025-03-04T06:21:09.848Z INFO  benchmark_client] Sending sample transaction 606
[2025-03-04T06:21:09.898Z INFO  benchmark_client] Sending sample transaction 607
[2025-03-04T06:21:09.949Z INFO  benchmark_client] Sending sample transaction 608
[2025-03-04T06:21:09.999Z INFO  benchmark_client] Sending sample transaction 609
[2025-03-04T06:21:10.049Z INFO  benchmark_client] Sending sample transaction 610
[2025-03-04T06:21:10.099Z INFO  benchmark_client] Sending sample transaction 611
[2025-03-04T06:21:10.149Z INFO  benchmark_client] Sending sample transaction 612
[2025-03-04T06:21:10.199Z INFO  benchmark_client] Sending sample transaction 613
[2025-03-04T06:21:10.249Z INFO  benchmark_client] Sending sample transaction 614
[2025-03-04T06:21:10.300Z INFO  benchmark_client] Sending sample transaction 615
[2025-03-04T06:21:10.349Z INFO  benchmark_client] Sending sample transaction 616
[2025-03-04T06:21:10.400Z INFO  benchmark_client] Sending sample transaction 617
[2025-03-04T06:21:10.449Z INFO  benchmark_client] Sending sample transaction 618
[2025-03-04T06:21:10.499Z INFO  benchmark_client] Sending sample transaction 619
[2025-03-04T06:21:10.549Z INFO  benchmark_client] Sending sample transaction 620
[2025-03-04T06:21:10.599Z INFO  benchmark_client] Sending sample transaction 621
[2025-03-04T06:21:10.649Z INFO  benchmark_client] Sending sample transaction 622
[2025-03-04T06:21:10.699Z INFO  benchmark_client] Sending sample transaction 623
[2025-03-04T06:21:10.749Z INFO  benchmark_client] Sending sample transaction 624
[2025-03-04T06:21:10.800Z INFO  benchmark_client] Sending sample transaction 625
[2025-03-04T06:21:10.849Z INFO  benchmark_client] Sending sample transaction 626
[2025-03-04T06:21:10.899Z INFO  benchmark_client] Sending sample transaction 627
[2025-03-04T06:21:10.949Z INFO  benchmark_client] Sending sample transaction 628
[2025-03-04T06:21:10.999Z INFO  benchmark_client] Sending sample transaction 629
[2025-03-04T06:21:11.049Z INFO  benchmark_client] Sending sample transaction 630
[2025-03-04T06:21:11.099Z INFO  benchmark_client] Sending sample transaction 631
[2025-03-04T06:21:11.149Z INFO  benchmark_client] Sending sample transaction 632
[2025-03-04T06:21:11.199Z INFO  benchmark_client] Sending sample transaction 633
[2025-03-04T06:21:11.250Z INFO  benchmark_client] Sending sample transaction 634
[2025-03-04T06:21:11.299Z INFO  benchmark_client] Sending sample transaction 635
[2025-03-04T06:21:11.349Z INFO  benchmark_client] Sending sample transaction 636
[2025-03-04T06:21:11.399Z INFO  benchmark_client] Sending sample transaction 637
[2025-03-04T06:21:11.449Z INFO  benchmark_client] Sending sample transaction 638
[2025-03-04T06:21:11.499Z INFO  benchmark_client] Sending sample transaction 639
[2025-03-04T06:21:11.549Z INFO  benchmark_client] Sending sample transaction 640
[2025-03-04T06:21:11.599Z INFO  benchmark_client] Sending sample transaction 641
[2025-03-04T06:21:11.649Z INFO  benchmark_client] Sending sample transaction 642
[2025-03-04T06:21:11.699Z INFO  benchmark_client] Sending sample transaction 643
[2025-03-04T06:21:11.749Z INFO  benchmark_client] Sending sample transaction 644
[2025-03-04T06:21:11.800Z INFO  benchmark_client] Sending sample transaction 645
[2025-03-04T06:21:11.849Z INFO  benchmark_client] Sending sample transaction 646
[2025-03-04T06:21:11.899Z INFO  benchmark_client] Sending sample transaction 647
[2025-03-04T06:21:11.950Z INFO  benchmark_client] Sending sample transaction 648
[2025-03-04T06:21:11.999Z INFO  benchmark_client] Sending sample transaction 649
[2025-03-04T06:21:12.049Z INFO  benchmark_client] Sending sample transaction 650
[2025-03-04T06:21:12.099Z INFO  benchmark_client] Sending sample transaction 651
[2025-03-04T06:21:12.149Z INFO  benchmark_client] Sending sample transaction 652
[2025-03-04T06:21:12.199Z INFO  benchmark_client] Sending sample transaction 653
[2025-03-04T06:21:12.249Z INFO  benchmark_client] Sending sample transaction 654
[2025-03-04T06:21:12.299Z INFO  benchmark_client] Sending sample transaction 655
[2025-03-04T06:21:12.349Z INFO  benchmark_client] Sending sample transaction 656
[2025-03-04T06:21:12.399Z INFO  benchmark_client] Sending sample transaction 657
[2025-03-04T06:21:12.449Z INFO  benchmark_client] Sending sample transaction 658
[2025-03-04T06:21:12.499Z INFO  benchmark_client] Sending sample transaction 659
[2025-03-04T06:21:12.549Z INFO  benchmark_client] Sending sample transaction 660
[2025-03-04T06:21:12.600Z INFO  benchmark_client] Sending sample transaction 661
[2025-03-04T06:21:12.649Z INFO  benchmark_client] Sending sample transaction 662
[2025-03-04T06:21:12.699Z INFO  benchmark_client] Sending sample transaction 663
[2025-03-04T06:21:12.750Z INFO  benchmark_client] Sending sample transaction 664
[2025-03-04T06:21:12.799Z INFO  benchmark_client] Sending sample transaction 665
[2025-03-04T06:21:12.849Z INFO  benchmark_client] Sending sample transaction 666
[2025-03-04T06:21:12.899Z INFO  benchmark_client] Sending sample transaction 667
[2025-03-04T06:21:12.949Z INFO  benchmark_client] Sending sample transaction 668
[2025-03-04T06:21:12.999Z INFO  benchmark_client] Sending sample transaction 669
[2025-03-04T06:21:13.050Z INFO  benchmark_client] Sending sample transaction 670
[2025-03-04T06:21:13.099Z INFO  benchmark_client] Sending sample transaction 671
[2025-03-04T06:21:13.149Z INFO  benchmark_client] Sending sample transaction 672
[2025-03-04T06:21:13.199Z INFO  benchmark_client] Sending sample transaction 673
[2025-03-04T06:21:13.250Z INFO  benchmark_client] Sending sample transaction 674
[2025-03-04T06:21:13.299Z INFO  benchmark_client] Sending sample transaction 675
[2025-03-04T06:21:13.349Z INFO  benchmark_client] Sending sample transaction 676
[2025-03-04T06:21:13.399Z INFO  benchmark_client] Sending sample transaction 677
[2025-03-04T06:21:13.449Z INFO  benchmark_client] Sending sample transaction 678
[2025-03-04T06:21:13.499Z INFO  benchmark_client] Sending sample transaction 679
[2025-03-04T06:21:13.549Z INFO  benchmark_client] Sending sample transaction 680
[2025-03-04T06:21:13.599Z INFO  benchmark_client] Sending sample transaction 681
[2025-03-04T06:21:13.649Z INFO  benchmark_client] Sending sample transaction 682
[2025-03-04T06:21:13.700Z INFO  benchmark_client] Sending sample transaction 683
[2025-03-04T06:21:13.750Z INFO  benchmark_client] Sending sample transaction 684
[2025-03-04T06:21:13.799Z INFO  benchmark_client] Sending sample transaction 685
[2025-03-04T06:21:13.849Z INFO  benchmark_client] Sending sample transaction 686
[2025-03-04T06:21:13.899Z INFO  benchmark_client] Sending sample transaction 687
[2025-03-04T06:21:13.949Z INFO  benchmark_client] Sending sample transaction 688
[2025-03-04T06:21:13.999Z INFO  benchmark_client] Sending sample transaction 689
[2025-03-04T06:21:14.050Z INFO  benchmark_client] Sending sample transaction 690
[2025-03-04T06:21:14.099Z INFO  benchmark_client] Sending sample transaction 691
[2025-03-04T06:21:14.149Z INFO  benchmark_client] Sending sample transaction 692
[2025-03-04T06:21:14.199Z INFO  benchmark_client] Sending sample transaction 693
[2025-03-04T06:21:14.249Z INFO  benchmark_client] Sending sample transaction 694
[2025-03-04T06:21:14.299Z INFO  benchmark_client] Sending sample transaction 695
[2025-03-04T06:21:14.349Z INFO  benchmark_client] Sending sample transaction 696
[2025-03-04T06:21:14.399Z INFO  benchmark_client] Sending sample transaction 697
[2025-03-04T06:21:14.449Z INFO  benchmark_client] Sending sample transaction 698
[2025-03-04T06:21:14.499Z INFO  benchmark_client] Sending sample transaction 699
[2025-03-04T06:21:14.549Z INFO  benchmark_client] Sending sample transaction 700
[2025-03-04T06:21:14.599Z INFO  benchmark_client] Sending sample transaction 701
[2025-03-04T06:21:14.649Z INFO  benchmark_client] Sending sample transaction 702
[2025-03-04T06:21:14.699Z INFO  benchmark_client] Sending sample transaction 703
[2025-03-04T06:21:14.749Z INFO  benchmark_client] Sending sample transaction 704
[2025-03-04T06:21:14.799Z INFO  benchmark_client] Sending sample transaction 705
[2025-03-04T06:21:14.849Z INFO  benchmark_client] Sending sample transaction 706
[2025-03-04T06:21:14.899Z INFO  benchmark_client] Sending sample transaction 707
[2025-03-04T06:21:14.950Z INFO  benchmark_client] Sending sample transaction 708
[2025-03-04T06:21:15.000Z INFO  benchmark_client] Sending sample transaction 709
[2025-03-04T06:21:15.050Z INFO  benchmark_client] Sending sample transaction 710
[2025-03-04T06:21:15.100Z INFO  benchmark_client] Sending sample transaction 711
[2025-03-04T06:21:15.150Z INFO  benchmark_client] Sending sample transaction 712
[2025-03-04T06:21:15.199Z INFO  benchmark_client] Sending sample transaction 713
[2025-03-04T06:21:15.249Z INFO  benchmark_client] Sending sample transaction 714
[2025-03-04T06:21:15.299Z INFO  benchmark_client] Sending sample transaction 715
[2025-03-04T06:21:15.349Z INFO  benchmark_client] Sending sample transaction 716
[2025-03-04T06:21:15.399Z INFO  benchmark_client] Sending sample transaction 717
[2025-03-04T06:21:15.449Z INFO  benchmark_client] Sending sample transaction 718
[2025-03-04T06:21:15.500Z INFO  benchmark_client] Sending sample transaction 719
[2025-03-04T06:21:15.549Z INFO  benchmark_client] Sending sample transaction 720
[2025-03-04T06:21:15.599Z INFO  benchmark_client] Sending sample transaction 721
[2025-03-04T06:21:15.649Z INFO  benchmark_client] Sending sample transaction 722
[2025-03-04T06:21:15.699Z INFO  benchmark_client] Sending sample transaction 723
[2025-03-04T06:21:15.749Z INFO  benchmark_client] Sending sample transaction 724
[2025-03-04T06:21:15.799Z INFO  benchmark_client] Sending sample transaction 725
[2025-03-04T06:21:15.849Z INFO  benchmark_client] Sending sample transaction 726
[2025-03-04T06:21:15.899Z INFO  benchmark_client] Sending sample transaction 727
[2025-03-04T06:21:15.949Z INFO  benchmark_client] Sending sample transaction 728
[2025-03-04T06:21:15.999Z INFO  benchmark_client] Sending sample transaction 729
[2025-03-04T06:21:16.050Z INFO  benchmark_client] Sending sample transaction 730
[2025-03-04T06:21:16.100Z INFO  benchmark_client] Sending sample transaction 731
[2025-03-04T06:21:16.149Z INFO  benchmark_client] Sending sample transaction 732
[2025-03-04T06:21:16.200Z INFO  benchmark_client] Sending sample transaction 733
[2025-03-04T06:21:16.249Z INFO  benchmark_client] Sending sample transaction 734
[2025-03-04T06:21:16.299Z INFO  benchmark_client] Sending sample transaction 735
[2025-03-04T06:21:16.349Z INFO  benchmark_client] Sending sample transaction 736
[2025-03-04T06:21:16.399Z INFO  benchmark_client] Sending sample transaction 737
[2025-03-04T06:21:16.449Z INFO  benchmark_client] Sending sample transaction 738
[2025-03-04T06:21:16.499Z INFO  benchmark_client] Sending sample transaction 739
[2025-03-04T06:21:16.549Z INFO  benchmark_client] Sending sample transaction 740
[2025-03-04T06:21:16.599Z INFO  benchmark_client] Sending sample transaction 741
[2025-03-04T06:21:16.649Z INFO  benchmark_client] Sending sample transaction 742
[2025-03-04T06:21:16.699Z INFO  benchmark_client] Sending sample transaction 743
[2025-03-04T06:21:16.750Z INFO  benchmark_client] Sending sample transaction 744
[2025-03-04T06:21:16.799Z INFO  benchmark_client] Sending sample transaction 745
[2025-03-04T06:21:16.849Z INFO  benchmark_client] Sending sample transaction 746
[2025-03-04T06:21:16.900Z INFO  benchmark_client] Sending sample transaction 747
[2025-03-04T06:21:16.949Z INFO  benchmark_client] Sending sample transaction 748
[2025-03-04T06:21:17.000Z INFO  benchmark_client] Sending sample transaction 749
[2025-03-04T06:21:17.049Z INFO  benchmark_client] Sending sample transaction 750
[2025-03-04T06:21:17.099Z INFO  benchmark_client] Sending sample transaction 751
[2025-03-04T06:21:17.150Z INFO  benchmark_client] Sending sample transaction 752
[2025-03-04T06:21:17.199Z INFO  benchmark_client] Sending sample transaction 753
[2025-03-04T06:21:17.249Z INFO  benchmark_client] Sending sample transaction 754
[2025-03-04T06:21:17.299Z INFO  benchmark_client] Sending sample transaction 755
[2025-03-04T06:21:17.349Z INFO  benchmark_client] Sending sample transaction 756
[2025-03-04T06:21:17.399Z INFO  benchmark_client] Sending sample transaction 757
[2025-03-04T06:21:17.450Z INFO  benchmark_client] Sending sample transaction 758
[2025-03-04T06:21:17.499Z INFO  benchmark_client] Sending sample transaction 759
[2025-03-04T06:21:17.549Z INFO  benchmark_client] Sending sample transaction 760
[2025-03-04T06:21:17.600Z INFO  benchmark_client] Sending sample transaction 761
[2025-03-04T06:21:17.649Z INFO  benchmark_client] Sending sample transaction 762
[2025-03-04T06:21:17.699Z INFO  benchmark_client] Sending sample transaction 763
[2025-03-04T06:21:17.749Z INFO  benchmark_client] Sending sample transaction 764
[2025-03-04T06:21:17.800Z INFO  benchmark_client] Sending sample transaction 765
[2025-03-04T06:21:17.849Z INFO  benchmark_client] Sending sample transaction 766
[2025-03-04T06:21:17.900Z INFO  benchmark_client] Sending sample transaction 767
[2025-03-04T06:21:17.949Z INFO  benchmark_client] Sending sample transaction 768
[2025-03-04T06:21:18.000Z INFO  benchmark_client] Sending sample transaction 769
[2025-03-04T06:21:18.049Z INFO  benchmark_client] Sending sample transaction 770
[2025-03-04T06:21:18.099Z INFO  benchmark_client] Sending sample transaction 771
[2025-03-04T06:21:18.150Z INFO  benchmark_client] Sending sample transaction 772
[2025-03-04T06:21:18.199Z INFO  benchmark_client] Sending sample transaction 773
[2025-03-04T06:21:18.250Z INFO  benchmark_client] Sending sample transaction 774
[2025-03-04T06:21:18.300Z INFO  benchmark_client] Sending sample transaction 775
[2025-03-04T06:21:18.350Z INFO  benchmark_client] Sending sample transaction 776
[2025-03-04T06:21:18.400Z INFO  benchmark_client] Sending sample transaction 777
[2025-03-04T06:21:18.450Z INFO  benchmark_client] Sending sample transaction 778
[2025-03-04T06:21:18.500Z INFO  benchmark_client] Sending sample transaction 779
[2025-03-04T06:21:18.549Z INFO  benchmark_client] Sending sample transaction 780
[2025-03-04T06:21:18.599Z INFO  benchmark_client] Sending sample transaction 781
[2025-03-04T06:21:18.649Z INFO  benchmark_client] Sending sample transaction 782
[2025-03-04T06:21:18.700Z INFO  benchmark_client] Sending sample transaction 783
[2025-03-04T06:21:18.750Z INFO  benchmark_client] Sending sample transaction 784
[2025-03-04T06:21:18.799Z INFO  benchmark_client] Sending sample transaction 785
[2025-03-04T06:21:18.849Z INFO  benchmark_client] Sending sample transaction 786
[2025-03-04T06:21:18.900Z INFO  benchmark_client] Sending sample transaction 787
[2025-03-04T06:21:18.950Z INFO  benchmark_client] Sending sample transaction 788
[2025-03-04T06:21:18.999Z INFO  benchmark_client] Sending sample transaction 789
[2025-03-04T06:21:19.049Z INFO  benchmark_client] Sending sample transaction 790
[2025-03-04T06:21:19.100Z INFO  benchmark_client] Sending sample transaction 791
[2025-03-04T06:21:19.150Z INFO  benchmark_client] Sending sample transaction 792
[2025-03-04T06:21:19.200Z INFO  benchmark_client] Sending sample transaction 793
[2025-03-04T06:21:19.249Z INFO  benchmark_client] Sending sample transaction 794
[2025-03-04T06:21:19.300Z INFO  benchmark_client] Sending sample transaction 795
[2025-03-04T06:21:19.350Z INFO  benchmark_client] Sending sample transaction 796
[2025-03-04T06:21:19.400Z INFO  benchmark_client] Sending sample transaction 797
[2025-03-04T06:21:19.449Z INFO  benchmark_client] Sending sample transaction 798
[2025-03-04T06:21:19.499Z INFO  benchmark_client] Sending sample transaction 799
[2025-03-04T06:21:19.550Z INFO  benchmark_client] Sending sample transaction 800
[2025-03-04T06:21:19.599Z INFO  benchmark_client] Sending sample transaction 801
[2025-03-04T06:21:19.650Z INFO  benchmark_client] Sending sample transaction 802
[2025-03-04T06:21:19.700Z INFO  benchmark_client] Sending sample transaction 803
[2025-03-04T06:21:19.749Z INFO  benchmark_client] Sending sample transaction 804
[2025-03-04T06:21:19.800Z INFO  benchmark_client] Sending sample transaction 805
[2025-03-04T06:21:19.849Z INFO  benchmark_client] Sending sample transaction 806
[2025-03-04T06:21:19.899Z INFO  benchmark_client] Sending sample transaction 807
[2025-03-04T06:21:19.950Z INFO  benchmark_client] Sending sample transaction 808
[2025-03-04T06:21:19.999Z INFO  benchmark_client] Sending sample transaction 809
[2025-03-04T06:21:20.050Z INFO  benchmark_client] Sending sample transaction 810
[2025-03-04T06:21:20.099Z INFO  benchmark_client] Sending sample transaction 811
[2025-03-04T06:21:20.149Z INFO  benchmark_client] Sending sample transaction 812
[2025-03-04T06:21:20.200Z INFO  benchmark_client] Sending sample transaction 813
[2025-03-04T06:21:20.249Z INFO  benchmark_client] Sending sample transaction 814
[2025-03-04T06:21:20.299Z INFO  benchmark_client] Sending sample transaction 815
[2025-03-04T06:21:20.350Z INFO  benchmark_client] Sending sample transaction 816
[2025-03-04T06:21:20.400Z INFO  benchmark_client] Sending sample transaction 817
[2025-03-04T06:21:20.449Z INFO  benchmark_client] Sending sample transaction 818
[2025-03-04T06:21:20.499Z INFO  benchmark_client] Sending sample transaction 819
[2025-03-04T06:21:20.549Z INFO  benchmark_client] Sending sample transaction 820
[2025-03-04T06:21:20.600Z INFO  benchmark_client] Sending sample transaction 821
[2025-03-04T06:21:20.650Z INFO  benchmark_client] Sending sample transaction 822
[2025-03-04T06:21:20.700Z INFO  benchmark_client] Sending sample transaction 823
[2025-03-04T06:21:20.749Z INFO  benchmark_client] Sending sample transaction 824
[2025-03-04T06:21:20.799Z INFO  benchmark_client] Sending sample transaction 825
[2025-03-04T06:21:20.849Z INFO  benchmark_client] Sending sample transaction 826
[2025-03-04T06:21:20.900Z INFO  benchmark_client] Sending sample transaction 827
[2025-03-04T06:21:20.950Z INFO  benchmark_client] Sending sample transaction 828
[2025-03-04T06:21:21.000Z INFO  benchmark_client] Sending sample transaction 829
[2025-03-04T06:21:21.049Z INFO  benchmark_client] Sending sample transaction 830
[2025-03-04T06:21:21.099Z INFO  benchmark_client] Sending sample transaction 831
[2025-03-04T06:21:21.149Z INFO  benchmark_client] Sending sample transaction 832
[2025-03-04T06:21:21.200Z INFO  benchmark_client] Sending sample transaction 833
[2025-03-04T06:21:21.250Z INFO  benchmark_client] Sending sample transaction 834
[2025-03-04T06:21:21.299Z INFO  benchmark_client] Sending sample transaction 835
[2025-03-04T06:21:21.350Z INFO  benchmark_client] Sending sample transaction 836
[2025-03-04T06:21:21.399Z INFO  benchmark_client] Sending sample transaction 837
[2025-03-04T06:21:21.450Z INFO  benchmark_client] Sending sample transaction 838
[2025-03-04T06:21:21.499Z INFO  benchmark_client] Sending sample transaction 839
[2025-03-04T06:21:21.550Z INFO  benchmark_client] Sending sample transaction 840
[2025-03-04T06:21:21.600Z INFO  benchmark_client] Sending sample transaction 841
[2025-03-04T06:21:21.650Z INFO  benchmark_client] Sending sample transaction 842
[2025-03-04T06:21:21.699Z INFO  benchmark_client] Sending sample transaction 843
[2025-03-04T06:21:21.749Z INFO  benchmark_client] Sending sample transaction 844
[2025-03-04T06:21:21.799Z INFO  benchmark_client] Sending sample transaction 845
[2025-03-04T06:21:21.850Z INFO  benchmark_client] Sending sample transaction 846
[2025-03-04T06:21:21.899Z INFO  benchmark_client] Sending sample transaction 847
[2025-03-04T06:21:21.949Z INFO  benchmark_client] Sending sample transaction 848
[2025-03-04T06:21:22.000Z INFO  benchmark_client] Sending sample transaction 849
[2025-03-04T06:21:22.049Z INFO  benchmark_client] Sending sample transaction 850
[2025-03-04T06:21:22.099Z INFO  benchmark_client] Sending sample transaction 851
[2025-03-04T06:21:22.150Z INFO  benchmark_client] Sending sample transaction 852
[2025-03-04T06:21:22.200Z INFO  benchmark_client] Sending sample transaction 853
[2025-03-04T06:21:22.249Z INFO  benchmark_client] Sending sample transaction 854
[2025-03-04T06:21:22.299Z INFO  benchmark_client] Sending sample transaction 855
[2025-03-04T06:21:22.349Z INFO  benchmark_client] Sending sample transaction 856
[2025-03-04T06:21:22.399Z INFO  benchmark_client] Sending sample transaction 857
[2025-03-04T06:21:22.449Z INFO  benchmark_client] Sending sample transaction 858
[2025-03-04T06:21:22.500Z INFO  benchmark_client] Sending sample transaction 859
[2025-03-04T06:21:22.550Z INFO  benchmark_client] Sending sample transaction 860
[2025-03-04T06:21:22.600Z INFO  benchmark_client] Sending sample transaction 861
[2025-03-04T06:21:22.650Z INFO  benchmark_client] Sending sample transaction 862
[2025-03-04T06:21:22.700Z INFO  benchmark_client] Sending sample transaction 863
[2025-03-04T06:21:22.749Z INFO  benchmark_client] Sending sample transaction 864
[2025-03-04T06:21:22.800Z INFO  benchmark_client] Sending sample transaction 865
[2025-03-04T06:21:22.850Z INFO  benchmark_client] Sending sample transaction 866
[2025-03-04T06:21:22.900Z INFO  benchmark_client] Sending sample transaction 867
[2025-03-04T06:21:22.950Z INFO  benchmark_client] Sending sample transaction 868
[2025-03-04T06:21:23.000Z INFO  benchmark_client] Sending sample transaction 869
[2025-03-04T06:21:23.049Z INFO  benchmark_client] Sending sample transaction 870
[2025-03-04T06:21:23.100Z INFO  benchmark_client] Sending sample transaction 871
[2025-03-04T06:21:23.150Z INFO  benchmark_client] Sending sample transaction 872
[2025-03-04T06:21:23.199Z INFO  benchmark_client] Sending sample transaction 873
[2025-03-04T06:21:23.249Z INFO  benchmark_client] Sending sample transaction 874
[2025-03-04T06:21:23.300Z INFO  benchmark_client] Sending sample transaction 875
[2025-03-04T06:21:23.350Z INFO  benchmark_client] Sending sample transaction 876
[2025-03-04T06:21:23.400Z INFO  benchmark_client] Sending sample transaction 877
[2025-03-04T06:21:23.449Z INFO  benchmark_client] Sending sample transaction 878
[2025-03-04T06:21:23.500Z INFO  benchmark_client] Sending sample transaction 879
[2025-03-04T06:21:23.549Z INFO  benchmark_client] Sending sample transaction 880
[2025-03-04T06:21:23.600Z INFO  benchmark_client] Sending sample transaction 881
[2025-03-04T06:21:23.650Z INFO  benchmark_client] Sending sample transaction 882
[2025-03-04T06:21:23.699Z INFO  benchmark_client] Sending sample transaction 883
[2025-03-04T06:21:23.750Z INFO  benchmark_client] Sending sample transaction 884
[2025-03-04T06:21:23.800Z INFO  benchmark_client] Sending sample transaction 885
[2025-03-04T06:21:23.849Z INFO  benchmark_client] Sending sample transaction 886
[2025-03-04T06:21:23.899Z INFO  benchmark_client] Sending sample transaction 887
[2025-03-04T06:21:23.950Z INFO  benchmark_client] Sending sample transaction 888
[2025-03-04T06:21:24.000Z INFO  benchmark_client] Sending sample transaction 889
[2025-03-04T06:21:24.049Z INFO  benchmark_client] Sending sample transaction 890
[2025-03-04T06:21:24.100Z INFO  benchmark_client] Sending sample transaction 891
[2025-03-04T06:21:24.149Z INFO  benchmark_client] Sending sample transaction 892
[2025-03-04T06:21:24.200Z INFO  benchmark_client] Sending sample transaction 893
[2025-03-04T06:21:24.250Z INFO  benchmark_client] Sending sample transaction 894
[2025-03-04T06:21:24.300Z INFO  benchmark_client] Sending sample transaction 895
[2025-03-04T06:21:24.350Z INFO  benchmark_client] Sending sample transaction 896
[2025-03-04T06:21:24.400Z INFO  benchmark_client] Sending sample transaction 897
[2025-03-04T06:21:24.449Z INFO  benchmark_client] Sending sample transaction 898
[2025-03-04T06:21:24.499Z INFO  benchmark_client] Sending sample transaction 899
[2025-03-04T06:21:24.550Z INFO  benchmark_client] Sending sample transaction 900
[2025-03-04T06:21:24.599Z INFO  benchmark_client] Sending sample transaction 901
[2025-03-04T06:21:24.650Z INFO  benchmark_client] Sending sample transaction 902
[2025-03-04T06:21:24.700Z INFO  benchmark_client] Sending sample transaction 903
[2025-03-04T06:21:24.749Z INFO  benchmark_client] Sending sample transaction 904
[2025-03-04T06:21:24.800Z INFO  benchmark_client] Sending sample transaction 905
[2025-03-04T06:21:24.850Z INFO  benchmark_client] Sending sample transaction 906
[2025-03-04T06:21:24.899Z INFO  benchmark_client] Sending sample transaction 907
[2025-03-04T06:21:24.949Z INFO  benchmark_client] Sending sample transaction 908
[2025-03-04T06:21:25.000Z INFO  benchmark_client] Sending sample transaction 909
[2025-03-04T06:21:25.050Z INFO  benchmark_client] Sending sample transaction 910
[2025-03-04T06:21:25.099Z INFO  benchmark_client] Sending sample transaction 911
[2025-03-04T06:21:25.149Z INFO  benchmark_client] Sending sample transaction 912
[2025-03-04T06:21:25.199Z INFO  benchmark_client] Sending sample transaction 913
[2025-03-04T06:21:25.249Z INFO  benchmark_client] Sending sample transaction 914
[2025-03-04T06:21:25.300Z INFO  benchmark_client] Sending sample transaction 915
[2025-03-04T06:21:25.350Z INFO  benchmark_client] Sending sample transaction 916
[2025-03-04T06:21:25.399Z INFO  benchmark_client] Sending sample transaction 917
[2025-03-04T06:21:25.450Z INFO  benchmark_client] Sending sample transaction 918
[2025-03-04T06:21:25.499Z INFO  benchmark_client] Sending sample transaction 919
[2025-03-04T06:21:25.550Z INFO  benchmark_client] Sending sample transaction 920
[2025-03-04T06:21:25.600Z INFO  benchmark_client] Sending sample transaction 921
[2025-03-04T06:21:25.650Z INFO  benchmark_client] Sending sample transaction 922
[2025-03-04T06:21:25.700Z INFO  benchmark_client] Sending sample transaction 923
[2025-03-04T06:21:25.749Z INFO  benchmark_client] Sending sample transaction 924
[2025-03-04T06:21:25.799Z INFO  benchmark_client] Sending sample transaction 925
[2025-03-04T06:21:25.850Z INFO  benchmark_client] Sending sample transaction 926
[2025-03-04T06:21:25.900Z INFO  benchmark_client] Sending sample transaction 927
[2025-03-04T06:21:25.950Z INFO  benchmark_client] Sending sample transaction 928
[2025-03-04T06:21:26.000Z INFO  benchmark_client] Sending sample transaction 929
[2025-03-04T06:21:26.050Z INFO  benchmark_client] Sending sample transaction 930
[2025-03-04T06:21:26.100Z INFO  benchmark_client] Sending sample transaction 931
[2025-03-04T06:21:26.150Z INFO  benchmark_client] Sending sample transaction 932
[2025-03-04T06:21:26.200Z INFO  benchmark_client] Sending sample transaction 933
[2025-03-04T06:21:26.249Z INFO  benchmark_client] Sending sample transaction 934
[2025-03-04T06:21:26.299Z INFO  benchmark_client] Sending sample transaction 935
[2025-03-04T06:21:26.349Z INFO  benchmark_client] Sending sample transaction 936
[2025-03-04T06:21:26.400Z INFO  benchmark_client] Sending sample transaction 937
[2025-03-04T06:21:26.450Z INFO  benchmark_client] Sending sample transaction 938
[2025-03-04T06:21:26.499Z INFO  benchmark_client] Sending sample transaction 939
[2025-03-04T06:21:26.550Z INFO  benchmark_client] Sending sample transaction 940
[2025-03-04T06:21:26.600Z INFO  benchmark_client] Sending sample transaction 941
[2025-03-04T06:21:26.649Z INFO  benchmark_client] Sending sample transaction 942
[2025-03-04T06:21:26.700Z INFO  benchmark_client] Sending sample transaction 943
[2025-03-04T06:21:26.750Z INFO  benchmark_client] Sending sample transaction 944
[2025-03-04T06:21:26.799Z INFO  benchmark_client] Sending sample transaction 945
[2025-03-04T06:21:26.850Z INFO  benchmark_client] Sending sample transaction 946
[2025-03-04T06:21:26.900Z INFO  benchmark_client] Sending sample transaction 947
[2025-03-04T06:21:26.950Z INFO  benchmark_client] Sending sample transaction 948
[2025-03-04T06:21:27.000Z INFO  benchmark_client] Sending sample transaction 949
[2025-03-04T06:21:27.050Z INFO  benchmark_client] Sending sample transaction 950
[2025-03-04T06:21:27.100Z INFO  benchmark_client] Sending sample transaction 951
[2025-03-04T06:21:27.150Z INFO  benchmark_client] Sending sample transaction 952
[2025-03-04T06:21:27.199Z INFO  benchmark_client] Sending sample transaction 953
[2025-03-04T06:21:27.250Z INFO  benchmark_client] Sending sample transaction 954
[2025-03-04T06:21:27.300Z INFO  benchmark_client] Sending sample transaction 955
[2025-03-04T06:21:27.350Z INFO  benchmark_client] Sending sample transaction 956
[2025-03-04T06:21:27.400Z INFO  benchmark_client] Sending sample transaction 957
[2025-03-04T06:21:27.449Z INFO  benchmark_client] Sending sample transaction 958
[2025-03-04T06:21:27.499Z INFO  benchmark_client] Sending sample transaction 959
[2025-03-04T06:21:27.550Z INFO  benchmark_client] Sending sample transaction 960
[2025-03-04T06:21:27.600Z INFO  benchmark_client] Sending sample transaction 961
[2025-03-04T06:21:27.650Z INFO  benchmark_client] Sending sample transaction 962
[2025-03-04T06:21:27.700Z INFO  benchmark_client] Sending sample transaction 963
[2025-03-04T06:21:27.750Z INFO  benchmark_client] Sending sample transaction 964
[2025-03-04T06:21:27.800Z INFO  benchmark_client] Sending sample transaction 965
[2025-03-04T06:21:27.850Z INFO  benchmark_client] Sending sample transaction 966
[2025-03-04T06:21:27.899Z INFO  benchmark_client] Sending sample transaction 967
[2025-03-04T06:21:27.950Z INFO  benchmark_client] Sending sample transaction 968
[2025-03-04T06:21:27.999Z INFO  benchmark_client] Sending sample transaction 969
[2025-03-04T06:21:28.049Z INFO  benchmark_client] Sending sample transaction 970
[2025-03-04T06:21:28.100Z INFO  benchmark_client] Sending sample transaction 971
[2025-03-04T06:21:28.150Z INFO  benchmark_client] Sending sample transaction 972
[2025-03-04T06:21:28.201Z INFO  benchmark_client] Sending sample transaction 973
[2025-03-04T06:21:28.251Z INFO  benchmark_client] Sending sample transaction 974
[2025-03-04T06:21:28.300Z INFO  benchmark_client] Sending sample transaction 975
[2025-03-04T06:21:28.349Z INFO  benchmark_client] Sending sample transaction 976
[2025-03-04T06:21:28.400Z INFO  benchmark_client] Sending sample transaction 977
[2025-03-04T06:21:28.450Z INFO  benchmark_client] Sending sample transaction 978
[2025-03-04T06:21:28.501Z INFO  benchmark_client] Sending sample transaction 979
[2025-03-04T06:21:28.550Z INFO  benchmark_client] Sending sample transaction 980
[2025-03-04T06:21:28.600Z INFO  benchmark_client] Sending sample transaction 981
[2025-03-04T06:21:28.649Z INFO  benchmark_client] Sending sample transaction 982
[2025-03-04T06:21:28.699Z INFO  benchmark_client] Sending sample transaction 983
[2025-03-04T06:21:28.750Z INFO  benchmark_client] Sending sample transaction 984
[2025-03-04T06:21:28.800Z INFO  benchmark_client] Sending sample transaction 985
[2025-03-04T06:21:28.850Z INFO  benchmark_client] Sending sample transaction 986
[2025-03-04T06:21:28.900Z INFO  benchmark_client] Sending sample transaction 987
[2025-03-04T06:21:28.950Z INFO  benchmark_client] Sending sample transaction 988
[2025-03-04T06:21:28.999Z INFO  benchmark_client] Sending sample transaction 989
[2025-03-04T06:21:29.050Z INFO  benchmark_client] Sending sample transaction 990
[2025-03-04T06:21:29.100Z INFO  benchmark_client] Sending sample transaction 991
[2025-03-04T06:21:29.150Z INFO  benchmark_client] Sending sample transaction 992
[2025-03-04T06:21:29.200Z INFO  benchmark_client] Sending sample transaction 993
[2025-03-04T06:21:29.250Z INFO  benchmark_client] Sending sample transaction 994
[2025-03-04T06:21:29.300Z INFO  benchmark_client] Sending sample transaction 995
[2025-03-04T06:21:29.350Z INFO  benchmark_client] Sending sample transaction 996
[2025-03-04T06:21:29.400Z INFO  benchmark_client] Sending sample transaction 997
[2025-03-04T06:21:29.451Z INFO  benchmark_client] Sending sample transaction 998
[2025-03-04T06:21:29.501Z INFO  benchmark_client] Sending sample transaction 999
[2025-03-04T06:21:29.549Z INFO  benchmark_client] Sending sample transaction 1000
[2025-03-04T06:21:29.599Z INFO  benchmark_client] Sending sample transaction 1001
[2025-03-04T06:21:29.649Z INFO  benchmark_client] Sending sample transaction 1002
[2025-03-04T06:21:29.699Z INFO  benchmark_client] Sending sample transaction 1003
[2025-03-04T06:21:29.748Z INFO  benchmark_client] Sending sample transaction 1004
[2025-03-04T06:21:29.799Z INFO  benchmark_client] Sending sample transaction 1005
[2025-03-04T06:21:29.849Z INFO  benchmark_client] Sending sample transaction 1006
[2025-03-04T06:21:29.899Z INFO  benchmark_client] Sending sample transaction 1007
[2025-03-04T06:21:29.949Z INFO  benchmark_client] Sending sample transaction 1008
[2025-03-04T06:21:29.999Z INFO  benchmark_client] Sending sample transaction 1009
[2025-03-04T06:21:30.049Z INFO  benchmark_client] Sending sample transaction 1010
[2025-03-04T06:21:30.098Z INFO  benchmark_client] Sending sample transaction 1011
[2025-03-04T06:21:30.149Z INFO  benchmark_client] Sending sample transaction 1012
[2025-03-04T06:21:30.199Z INFO  benchmark_client] Sending sample transaction 1013
[2025-03-04T06:21:30.249Z INFO  benchmark_client] Sending sample transaction 1014
[2025-03-04T06:21:30.299Z INFO  benchmark_client] Sending sample transaction 1015
[2025-03-04T06:21:30.349Z INFO  benchmark_client] Sending sample transaction 1016
[2025-03-04T06:21:30.398Z INFO  benchmark_client] Sending sample transaction 1017
[2025-03-04T06:21:30.449Z INFO  benchmark_client] Sending sample transaction 1018
[2025-03-04T06:21:30.498Z INFO  benchmark_client] Sending sample transaction 1019
[2025-03-04T06:21:30.549Z INFO  benchmark_client] Sending sample transaction 1020
[2025-03-04T06:21:30.598Z INFO  benchmark_client] Sending sample transaction 1021
[2025-03-04T06:21:30.648Z INFO  benchmark_client] Sending sample transaction 1022
[2025-03-04T06:21:30.699Z INFO  benchmark_client] Sending sample transaction 1023
[2025-03-04T06:21:30.749Z INFO  benchmark_client] Sending sample transaction 1024
[2025-03-04T06:21:30.799Z INFO  benchmark_client] Sending sample transaction 1025
[2025-03-04T06:21:30.849Z INFO  benchmark_client] Sending sample transaction 1026
[2025-03-04T06:21:30.899Z INFO  benchmark_client] Sending sample transaction 1027
[2025-03-04T06:21:30.949Z INFO  benchmark_client] Sending sample transaction 1028
[2025-03-04T06:21:30.999Z INFO  benchmark_client] Sending sample transaction 1029
[2025-03-04T06:21:31.049Z INFO  benchmark_client] Sending sample transaction 1030
[2025-03-04T06:21:31.099Z INFO  benchmark_client] Sending sample transaction 1031
[2025-03-04T06:21:31.149Z INFO  benchmark_client] Sending sample transaction 1032
[2025-03-04T06:21:31.199Z INFO  benchmark_client] Sending sample transaction 1033
[2025-03-04T06:21:31.248Z INFO  benchmark_client] Sending sample transaction 1034
[2025-03-04T06:21:31.298Z INFO  benchmark_client] Sending sample transaction 1035
[2025-03-04T06:21:31.349Z INFO  benchmark_client] Sending sample transaction 1036
[2025-03-04T06:21:31.399Z INFO  benchmark_client] Sending sample transaction 1037
[2025-03-04T06:21:31.449Z INFO  benchmark_client] Sending sample transaction 1038
[2025-03-04T06:21:31.499Z INFO  benchmark_client] Sending sample transaction 1039
[2025-03-04T06:21:31.549Z INFO  benchmark_client] Sending sample transaction 1040
[2025-03-04T06:21:31.599Z INFO  benchmark_client] Sending sample transaction 1041
[2025-03-04T06:21:31.649Z INFO  benchmark_client] Sending sample transaction 1042
[2025-03-04T06:21:31.699Z INFO  benchmark_client] Sending sample transaction 1043
[2025-03-04T06:21:31.749Z INFO  benchmark_client] Sending sample transaction 1044
[2025-03-04T06:21:31.799Z INFO  benchmark_client] Sending sample transaction 1045
[2025-03-04T06:21:31.849Z INFO  benchmark_client] Sending sample transaction 1046
[2025-03-04T06:21:31.899Z INFO  benchmark_client] Sending sample transaction 1047
[2025-03-04T06:21:31.949Z INFO  benchmark_client] Sending sample transaction 1048
[2025-03-04T06:21:31.999Z INFO  benchmark_client] Sending sample transaction 1049
[2025-03-04T06:21:32.049Z INFO  benchmark_client] Sending sample transaction 1050
[2025-03-04T06:21:32.099Z INFO  benchmark_client] Sending sample transaction 1051
[2025-03-04T06:21:32.149Z INFO  benchmark_client] Sending sample transaction 1052
[2025-03-04T06:21:32.198Z INFO  benchmark_client] Sending sample transaction 1053
[2025-03-04T06:21:32.249Z INFO  benchmark_client] Sending sample transaction 1054
[2025-03-04T06:21:32.299Z INFO  benchmark_client] Sending sample transaction 1055
[2025-03-04T06:21:32.349Z INFO  benchmark_client] Sending sample transaction 1056
[2025-03-04T06:21:32.399Z INFO  benchmark_client] Sending sample transaction 1057
[2025-03-04T06:21:32.448Z INFO  benchmark_client] Sending sample transaction 1058
[2025-03-04T06:21:32.499Z INFO  benchmark_client] Sending sample transaction 1059
[2025-03-04T06:21:32.549Z INFO  benchmark_client] Sending sample transaction 1060
[2025-03-04T06:21:32.599Z INFO  benchmark_client] Sending sample transaction 1061
[2025-03-04T06:21:32.649Z INFO  benchmark_client] Sending sample transaction 1062
[2025-03-04T06:21:32.699Z INFO  benchmark_client] Sending sample transaction 1063
[2025-03-04T06:21:32.749Z INFO  benchmark_client] Sending sample transaction 1064
[2025-03-04T06:21:32.799Z INFO  benchmark_client] Sending sample transaction 1065
[2025-03-04T06:21:32.849Z INFO  benchmark_client] Sending sample transaction 1066
[2025-03-04T06:21:32.899Z INFO  benchmark_client] Sending sample transaction 1067
[2025-03-04T06:21:32.949Z INFO  benchmark_client] Sending sample transaction 1068
[2025-03-04T06:21:32.999Z INFO  benchmark_client] Sending sample transaction 1069
[2025-03-04T06:21:33.049Z INFO  benchmark_client] Sending sample transaction 1070
[2025-03-04T06:21:33.099Z INFO  benchmark_client] Sending sample transaction 1071
[2025-03-04T06:21:33.148Z INFO  benchmark_client] Sending sample transaction 1072
[2025-03-04T06:21:33.199Z INFO  benchmark_client] Sending sample transaction 1073
[2025-03-04T06:21:33.249Z INFO  benchmark_client] Sending sample transaction 1074
[2025-03-04T06:21:33.299Z INFO  benchmark_client] Sending sample transaction 1075
[2025-03-04T06:21:33.349Z INFO  benchmark_client] Sending sample transaction 1076
[2025-03-04T06:21:33.399Z INFO  benchmark_client] Sending sample transaction 1077
[2025-03-04T06:21:33.449Z INFO  benchmark_client] Sending sample transaction 1078
[2025-03-04T06:21:33.499Z INFO  benchmark_client] Sending sample transaction 1079
[2025-03-04T06:21:33.549Z INFO  benchmark_client] Sending sample transaction 1080
[2025-03-04T06:21:33.599Z INFO  benchmark_client] Sending sample transaction 1081
[2025-03-04T06:21:33.649Z INFO  benchmark_client] Sending sample transaction 1082
[2025-03-04T06:21:33.699Z INFO  benchmark_client] Sending sample transaction 1083
[2025-03-04T06:21:33.749Z INFO  benchmark_client] Sending sample transaction 1084
[2025-03-04T06:21:33.798Z INFO  benchmark_client] Sending sample transaction 1085
[2025-03-04T06:21:33.849Z INFO  benchmark_client] Sending sample transaction 1086
[2025-03-04T06:21:33.899Z INFO  benchmark_client] Sending sample transaction 1087
[2025-03-04T06:21:33.949Z INFO  benchmark_client] Sending sample transaction 1088
[2025-03-04T06:21:33.999Z INFO  benchmark_client] Sending sample transaction 1089
[2025-03-04T06:21:34.048Z INFO  benchmark_client] Sending sample transaction 1090
[2025-03-04T06:21:34.099Z INFO  benchmark_client] Sending sample transaction 1091
[2025-03-04T06:21:34.149Z INFO  benchmark_client] Sending sample transaction 1092
[2025-03-04T06:21:34.199Z INFO  benchmark_client] Sending sample transaction 1093
[2025-03-04T06:21:34.249Z INFO  benchmark_client] Sending sample transaction 1094
[2025-03-04T06:21:34.299Z INFO  benchmark_client] Sending sample transaction 1095
[2025-03-04T06:21:34.349Z INFO  benchmark_client] Sending sample transaction 1096
[2025-03-04T06:21:34.399Z INFO  benchmark_client] Sending sample transaction 1097
[2025-03-04T06:21:34.449Z INFO  benchmark_client] Sending sample transaction 1098
[2025-03-04T06:21:34.499Z INFO  benchmark_client] Sending sample transaction 1099
[2025-03-04T06:21:34.548Z INFO  benchmark_client] Sending sample transaction 1100
[2025-03-04T06:21:34.599Z INFO  benchmark_client] Sending sample transaction 1101
[2025-03-04T06:21:34.649Z INFO  benchmark_client] Sending sample transaction 1102
[2025-03-04T06:21:34.699Z INFO  benchmark_client] Sending sample transaction 1103
[2025-03-04T06:21:34.749Z INFO  benchmark_client] Sending sample transaction 1104
[2025-03-04T06:21:34.799Z INFO  benchmark_client] Sending sample transaction 1105
[2025-03-04T06:21:34.849Z INFO  benchmark_client] Sending sample transaction 1106
[2025-03-04T06:21:34.900Z INFO  benchmark_client] Sending sample transaction 1107
[2025-03-04T06:21:34.949Z INFO  benchmark_client] Sending sample transaction 1108
[2025-03-04T06:21:34.999Z INFO  benchmark_client] Sending sample transaction 1109
[2025-03-04T06:21:35.048Z INFO  benchmark_client] Sending sample transaction 1110
[2025-03-04T06:21:35.099Z INFO  benchmark_client] Sending sample transaction 1111
[2025-03-04T06:21:35.149Z INFO  benchmark_client] Sending sample transaction 1112
[2025-03-04T06:21:35.199Z INFO  benchmark_client] Sending sample transaction 1113
[2025-03-04T06:21:35.249Z INFO  benchmark_client] Sending sample transaction 1114
[2025-03-04T06:21:35.299Z INFO  benchmark_client] Sending sample transaction 1115
[2025-03-04T06:21:35.349Z INFO  benchmark_client] Sending sample transaction 1116
[2025-03-04T06:21:35.399Z INFO  benchmark_client] Sending sample transaction 1117
[2025-03-04T06:21:35.449Z INFO  benchmark_client] Sending sample transaction 1118
[2025-03-04T06:21:35.499Z INFO  benchmark_client] Sending sample transaction 1119
[2025-03-04T06:21:35.549Z INFO  benchmark_client] Sending sample transaction 1120
[2025-03-04T06:21:35.599Z INFO  benchmark_client] Sending sample transaction 1121
[2025-03-04T06:21:35.649Z INFO  benchmark_client] Sending sample transaction 1122
[2025-03-04T06:21:35.699Z INFO  benchmark_client] Sending sample transaction 1123
[2025-03-04T06:21:35.749Z INFO  benchmark_client] Sending sample transaction 1124
[2025-03-04T06:21:35.799Z INFO  benchmark_client] Sending sample transaction 1125
[2025-03-04T06:21:35.849Z INFO  benchmark_client] Sending sample transaction 1126
[2025-03-04T06:21:35.900Z INFO  benchmark_client] Sending sample transaction 1127
[2025-03-04T06:21:35.949Z INFO  benchmark_client] Sending sample transaction 1128
[2025-03-04T06:21:36.000Z INFO  benchmark_client] Sending sample transaction 1129
[2025-03-04T06:21:36.049Z INFO  benchmark_client] Sending sample transaction 1130
[2025-03-04T06:21:36.099Z INFO  benchmark_client] Sending sample transaction 1131
[2025-03-04T06:21:36.149Z INFO  benchmark_client] Sending sample transaction 1132
[2025-03-04T06:21:36.199Z INFO  benchmark_client] Sending sample transaction 1133
[2025-03-04T06:21:36.249Z INFO  benchmark_client] Sending sample transaction 1134
[2025-03-04T06:21:36.299Z INFO  benchmark_client] Sending sample transaction 1135
[2025-03-04T06:21:36.349Z INFO  benchmark_client] Sending sample transaction 1136
[2025-03-04T06:21:36.399Z INFO  benchmark_client] Sending sample transaction 1137
[2025-03-04T06:21:36.449Z INFO  benchmark_client] Sending sample transaction 1138
[2025-03-04T06:21:36.499Z INFO  benchmark_client] Sending sample transaction 1139
[2025-03-04T06:21:36.549Z INFO  benchmark_client] Sending sample transaction 1140
[2025-03-04T06:21:36.599Z INFO  benchmark_client] Sending sample transaction 1141
[2025-03-04T06:21:36.649Z INFO  benchmark_client] Sending sample transaction 1142
[2025-03-04T06:21:36.699Z INFO  benchmark_client] Sending sample transaction 1143
[2025-03-04T06:21:36.749Z INFO  benchmark_client] Sending sample transaction 1144
[2025-03-04T06:21:36.799Z INFO  benchmark_client] Sending sample transaction 1145
[2025-03-04T06:21:36.849Z INFO  benchmark_client] Sending sample transaction 1146
[2025-03-04T06:21:36.899Z INFO  benchmark_client] Sending sample transaction 1147
[2025-03-04T06:21:36.949Z INFO  benchmark_client] Sending sample transaction 1148
[2025-03-04T06:21:36.999Z INFO  benchmark_client] Sending sample transaction 1149
[2025-03-04T06:21:37.049Z INFO  benchmark_client] Sending sample transaction 1150
[2025-03-04T06:21:37.099Z INFO  benchmark_client] Sending sample transaction 1151
[2025-03-04T06:21:37.149Z INFO  benchmark_client] Sending sample transaction 1152
[2025-03-04T06:21:37.199Z INFO  benchmark_client] Sending sample transaction 1153
[2025-03-04T06:21:37.249Z INFO  benchmark_client] Sending sample transaction 1154
[2025-03-04T06:21:37.299Z INFO  benchmark_client] Sending sample transaction 1155
[2025-03-04T06:21:37.350Z INFO  benchmark_client] Sending sample transaction 1156
[2025-03-04T06:21:37.399Z INFO  benchmark_client] Sending sample transaction 1157
[2025-03-04T06:21:37.449Z INFO  benchmark_client] Sending sample transaction 1158
[2025-03-04T06:21:37.499Z INFO  benchmark_client] Sending sample transaction 1159
[2025-03-04T06:21:37.549Z INFO  benchmark_client] Sending sample transaction 1160
[2025-03-04T06:21:37.599Z INFO  benchmark_client] Sending sample transaction 1161
[2025-03-04T06:21:37.649Z INFO  benchmark_client] Sending sample transaction 1162
[2025-03-04T06:21:37.700Z INFO  benchmark_client] Sending sample transaction 1163
[2025-03-04T06:21:37.749Z INFO  benchmark_client] Sending sample transaction 1164
[2025-03-04T06:21:37.799Z INFO  benchmark_client] Sending sample transaction 1165
[2025-03-04T06:21:37.850Z INFO  benchmark_client] Sending sample transaction 1166
[2025-03-04T06:21:37.899Z INFO  benchmark_client] Sending sample transaction 1167
[2025-03-04T06:21:37.949Z INFO  benchmark_client] Sending sample transaction 1168
[2025-03-04T06:21:37.999Z INFO  benchmark_client] Sending sample transaction 1169
[2025-03-04T06:21:38.049Z INFO  benchmark_client] Sending sample transaction 1170
[2025-03-04T06:21:38.100Z INFO  benchmark_client] Sending sample transaction 1171
[2025-03-04T06:21:38.149Z INFO  benchmark_client] Sending sample transaction 1172
[2025-03-04T06:21:38.199Z INFO  benchmark_client] Sending sample transaction 1173
[2025-03-04T06:21:38.250Z INFO  benchmark_client] Sending sample transaction 1174
[2025-03-04T06:21:38.299Z INFO  benchmark_client] Sending sample transaction 1175
[2025-03-04T06:21:38.349Z INFO  benchmark_client] Sending sample transaction 1176
[2025-03-04T06:21:38.399Z INFO  benchmark_client] Sending sample transaction 1177
[2025-03-04T06:21:38.449Z INFO  benchmark_client] Sending sample transaction 1178
[2025-03-04T06:21:38.500Z INFO  benchmark_client] Sending sample transaction 1179
[2025-03-04T06:21:38.549Z INFO  benchmark_client] Sending sample transaction 1180
[2025-03-04T06:21:38.599Z INFO  benchmark_client] Sending sample transaction 1181
[2025-03-04T06:21:38.649Z INFO  benchmark_client] Sending sample transaction 1182
[2025-03-04T06:21:38.699Z INFO  benchmark_client] Sending sample transaction 1183
[2025-03-04T06:21:38.749Z INFO  benchmark_client] Sending sample transaction 1184
[2025-03-04T06:21:38.799Z INFO  benchmark_client] Sending sample transaction 1185
[2025-03-04T06:21:38.849Z INFO  benchmark_client] Sending sample transaction 1186
[2025-03-04T06:21:38.900Z INFO  benchmark_client] Sending sample transaction 1187
[2025-03-04T06:21:38.950Z INFO  benchmark_client] Sending sample transaction 1188
[2025-03-04T06:21:38.999Z INFO  benchmark_client] Sending sample transaction 1189
[2025-03-04T06:21:39.050Z INFO  benchmark_client] Sending sample transaction 1190
[2025-03-04T06:21:39.099Z INFO  benchmark_client] Sending sample transaction 1191
[2025-03-04T06:21:39.149Z INFO  benchmark_client] Sending sample transaction 1192
[2025-03-04T06:21:39.199Z INFO  benchmark_client] Sending sample transaction 1193
[2025-03-04T06:21:39.250Z INFO  benchmark_client] Sending sample transaction 1194
[2025-03-04T06:21:39.299Z INFO  benchmark_client] Sending sample transaction 1195
[2025-03-04T06:21:39.349Z INFO  benchmark_client] Sending sample transaction 1196
[2025-03-04T06:21:39.400Z INFO  benchmark_client] Sending sample transaction 1197
[2025-03-04T06:21:39.450Z INFO  benchmark_client] Sending sample transaction 1198
[2025-03-04T06:21:39.500Z INFO  benchmark_client] Sending sample transaction 1199
[2025-03-04T06:21:39.549Z INFO  benchmark_client] Sending sample transaction 1200
[2025-03-04T06:21:39.599Z INFO  benchmark_client] Sending sample transaction 1201
[2025-03-04T06:21:39.649Z INFO  benchmark_client] Sending sample transaction 1202
[2025-03-04T06:21:39.700Z INFO  benchmark_client] Sending sample transaction 1203
[2025-03-04T06:21:39.749Z INFO  benchmark_client] Sending sample transaction 1204
